Fri Apr  5 10:44:43 CEST 2024       [Start]
Analysis complete for P14052_107_R2.fastq.gz
Analysis complete for P14052_108_R2.fastq.gz
Analysis complete for P14052_105_R2.fastq.gz
Analysis complete for P14052_104_R2.fastq.gz
Analysis complete for P14052_102_R2.fastq.gz
Analysis complete for P14052_103_R2.fastq.gz
Analysis complete for P14052_101_R2.fastq.gz
Analysis complete for P14052_106_R2.fastq.gz
Analysis complete for P14052_109_R2.fastq.gz
Analysis complete for P14052_110_R2.fastq.gz
Analysis complete for P14052_112_R2.fastq.gz
Analysis complete for P14052_111_R2.fastq.gz
Analysis complete for P14052_114_R2.fastq.gz
Analysis complete for P14052_113_R2.fastq.gz
Analysis complete for P14052_115_R2.fastq.gz
Analysis complete for P14052_116_R2.fastq.gz
Analysis complete for P14052_117_R2.fastq.gz
Analysis complete for P14052_118_R2.fastq.gz
Analysis complete for P14052_119_R2.fastq.gz
Analysis complete for P14052_120_R2.fastq.gz
Analysis complete for P14052_121_R2.fastq.gz
Analysis complete for P14052_122_R2.fastq.gz
Analysis complete for P14052_124_R2.fastq.gz
Analysis complete for P14052_123_R2.fastq.gz
Analysis complete for P14052_126_R2.fastq.gz
Analysis complete for P14052_127_R2.fastq.gz
Analysis complete for P14052_125_R2.fastq.gz
Fri Apr  5 11:18:16 CEST 2024       [FastQC Complete]
|         searching | ━━━━━━━━━━━━━━━━━━━━━━━━━━━━━━━━━━━━━━━━ 100% 54/54  
Fri Apr  5 11:18:32 CEST 2024       [End]
