[2024-04-08 15:58:54,326] multiqc                                            [DEBUG  ]  This is MultiQC v1.12
[2024-04-08 15:58:54,327] multiqc                                            [DEBUG  ]  No MultiQC config found: /sw/bioinfo/MultiQC/1.12/rackham/lib/python3.8/site-packages/multiqc_config.yaml
[2024-04-08 15:58:54,334] multiqc                                            [DEBUG  ]  No MultiQC config found: /home/andbou/.multiqc_config.yaml
[2024-04-08 15:58:54,334] multiqc                                            [DEBUG  ]  No MultiQC config found: multiqc_config.yaml
[2024-04-08 15:58:54,335] multiqc                                            [DEBUG  ]  Command used: /sw/bioinfo/MultiQC/1.12/rackham/bin/multiqc 01-QC/fastqc_raw_R1_P14052 --outdir 01-QC/multiqc_raw_R1_P14052 --profile-runtime
[2024-04-08 15:58:54,830] multiqc                                            [WARNING]  MultiQC Version v1.21 now available!
[2024-04-08 15:58:54,830] multiqc                                            [DEBUG  ]  Command     : /sw/bioinfo/MultiQC/1.12/rackham/bin/multiqc 01-QC/fastqc_raw_R1_P14052 --outdir 01-QC/multiqc_raw_R1_P14052 --profile-runtime
[2024-04-08 15:58:54,830] multiqc                                            [DEBUG  ]  Working dir : /crex/proj/snic2020-6-222/Projects/Tconura/working/Andre/CONURA_WGS
[2024-04-08 15:58:54,830] multiqc                                            [DEBUG  ]  Template    : default
[2024-04-08 15:58:54,830] multiqc                                            [DEBUG  ]  Running Python 3.8.7 (default, Feb  1 2021, 11:54:01)  [GCC 8.3.0]
[2024-04-08 15:58:54,831] multiqc                                            [DEBUG  ]  Analysing modules: custom_content, ccs, ngsderive, purple, conpair, lima, peddy, somalier, methylQA, mosdepth, phantompeakqualtools, qualimap, preseq, quast, qorts, rna_seqc, rockhopper, rsem, rseqc, busco, bustools, goleft_indexcov, gffcompare, disambiguate, supernova, deeptools, sargasso, verifybamid, mirtrace, happy, mirtop, sambamba, homer, hops, macs2, theta2, snpeff, gatk, htseq, bcftools, featureCounts, fgbio, dragen, dedup, pbmarkdup, damageprofiler, biobambam2, jcvi, mtnucratio, picard, vep, sentieon, prokka, qc3C, nanostat, samblaster, samtools, sexdeterrmine, eigenstratdatabasetools, bamtools, jellyfish, vcftools, longranger, stacks, varscan2, snippy, bbmap, bismark, biscuit, hicexplorer, hicup, hicpro, salmon, kallisto, slamdunk, star, hisat2, tophat, bowtie2, bowtie1, snpsplit, odgi, pangolin, kat, leehom, adapterRemoval, clipandmerge, cutadapt, flexbar, kaiju, kraken, malt, trimmomatic, sickle, skewer, sortmerna, biobloomtools, fastq_screen, afterqc, fastp, fastqc, pychopper, pycoqc, minionqc, multivcfanalyzer, clusterflow, checkqc, bcl2fastq, bclconvert, interop, ivar, flash, seqyclean, optitype, whatshap
[2024-04-08 15:58:54,831] multiqc                                            [DEBUG  ]  Using temporary directory for creating report: /scratch/46318184/tmpjcudzyb1
[2024-04-08 15:58:55,062] multiqc                                            [INFO   ]  Search path : /crex/proj/snic2020-6-222/Projects/Tconura/working/Andre/CONURA_WGS/01-QC/fastqc_raw_R1_P14052
[2024-04-08 15:58:55,125] multiqc                                            [DEBUG  ]  File ignored by ccs/v4 because it exceeded search pattern filesize limit: P14052_124_R1_fastqc.html
[2024-04-08 15:58:55,133] multiqc                                            [DEBUG  ]  File ignored by hicexplorer because it exceeded search pattern filesize limit: P14052_124_R1_fastqc.html
[2024-04-08 15:58:55,134] multiqc                                            [DEBUG  ]  File ignored by lima/summary because it exceeded search pattern filesize limit: P14052_124_R1_fastqc.html
[2024-04-08 15:58:55,151] multiqc                                            [DEBUG  ]  File ignored by vep/vep_txt because it exceeded search pattern filesize limit: P14052_124_R1_fastqc.html
[2024-04-08 15:58:55,151] multiqc                                            [DEBUG  ]  File ignored by longranger/invocation because it exceeded search pattern filesize limit: P14052_124_R1_fastqc.html
[2024-04-08 15:58:55,218] multiqc                                            [DEBUG  ]  File ignored by nanostat because it exceeded search pattern filesize limit: P14052_124_R1_fastqc.html
[2024-04-08 15:58:55,238] multiqc                                            [DEBUG  ]  File ignored by ccs/v4 because it exceeded search pattern filesize limit: P14052_125_R1_fastqc.html
[2024-04-08 15:58:55,246] multiqc                                            [DEBUG  ]  File ignored by hicexplorer because it exceeded search pattern filesize limit: P14052_125_R1_fastqc.html
[2024-04-08 15:58:55,247] multiqc                                            [DEBUG  ]  File ignored by lima/summary because it exceeded search pattern filesize limit: P14052_125_R1_fastqc.html
[2024-04-08 15:58:55,261] multiqc                                            [DEBUG  ]  File ignored by vep/vep_txt because it exceeded search pattern filesize limit: P14052_125_R1_fastqc.html
[2024-04-08 15:58:55,262] multiqc                                            [DEBUG  ]  File ignored by longranger/invocation because it exceeded search pattern filesize limit: P14052_125_R1_fastqc.html
[2024-04-08 15:58:55,326] multiqc                                            [DEBUG  ]  File ignored by nanostat because it exceeded search pattern filesize limit: P14052_125_R1_fastqc.html
[2024-04-08 15:58:55,412] multiqc                                            [DEBUG  ]  File ignored by ccs/v4 because it exceeded search pattern filesize limit: P14052_105_R1_fastqc.html
[2024-04-08 15:58:55,422] multiqc                                            [DEBUG  ]  File ignored by hicexplorer because it exceeded search pattern filesize limit: P14052_105_R1_fastqc.html
[2024-04-08 15:58:55,423] multiqc                                            [DEBUG  ]  File ignored by lima/summary because it exceeded search pattern filesize limit: P14052_105_R1_fastqc.html
[2024-04-08 15:58:55,442] multiqc                                            [DEBUG  ]  File ignored by vep/vep_txt because it exceeded search pattern filesize limit: P14052_105_R1_fastqc.html
[2024-04-08 15:58:55,443] multiqc                                            [DEBUG  ]  File ignored by longranger/invocation because it exceeded search pattern filesize limit: P14052_105_R1_fastqc.html
[2024-04-08 15:58:55,536] multiqc                                            [DEBUG  ]  File ignored by nanostat because it exceeded search pattern filesize limit: P14052_105_R1_fastqc.html
[2024-04-08 15:58:55,564] multiqc                                            [DEBUG  ]  File ignored by ccs/v4 because it exceeded search pattern filesize limit: P14052_102_R1_fastqc.html
[2024-04-08 15:58:55,573] multiqc                                            [DEBUG  ]  File ignored by hicexplorer because it exceeded search pattern filesize limit: P14052_102_R1_fastqc.html
[2024-04-08 15:58:55,574] multiqc                                            [DEBUG  ]  File ignored by lima/summary because it exceeded search pattern filesize limit: P14052_102_R1_fastqc.html
[2024-04-08 15:58:55,593] multiqc                                            [DEBUG  ]  File ignored by vep/vep_txt because it exceeded search pattern filesize limit: P14052_102_R1_fastqc.html
[2024-04-08 15:58:55,593] multiqc                                            [DEBUG  ]  File ignored by longranger/invocation because it exceeded search pattern filesize limit: P14052_102_R1_fastqc.html
[2024-04-08 15:58:55,660] multiqc                                            [DEBUG  ]  File ignored by nanostat because it exceeded search pattern filesize limit: P14052_102_R1_fastqc.html
[2024-04-08 15:58:55,683] multiqc                                            [DEBUG  ]  File ignored by ccs/v4 because it exceeded search pattern filesize limit: P14052_121_R1_fastqc.html
[2024-04-08 15:58:55,692] multiqc                                            [DEBUG  ]  File ignored by hicexplorer because it exceeded search pattern filesize limit: P14052_121_R1_fastqc.html
[2024-04-08 15:58:55,693] multiqc                                            [DEBUG  ]  File ignored by lima/summary because it exceeded search pattern filesize limit: P14052_121_R1_fastqc.html
[2024-04-08 15:58:55,711] multiqc                                            [DEBUG  ]  File ignored by vep/vep_txt because it exceeded search pattern filesize limit: P14052_121_R1_fastqc.html
[2024-04-08 15:58:55,711] multiqc                                            [DEBUG  ]  File ignored by longranger/invocation because it exceeded search pattern filesize limit: P14052_121_R1_fastqc.html
[2024-04-08 15:58:55,788] multiqc                                            [DEBUG  ]  File ignored by nanostat because it exceeded search pattern filesize limit: P14052_121_R1_fastqc.html
[2024-04-08 15:58:55,810] multiqc                                            [DEBUG  ]  File ignored by ccs/v4 because it exceeded search pattern filesize limit: P14052_110_R1_fastqc.html
[2024-04-08 15:58:55,817] multiqc                                            [DEBUG  ]  File ignored by hicexplorer because it exceeded search pattern filesize limit: P14052_110_R1_fastqc.html
[2024-04-08 15:58:55,818] multiqc                                            [DEBUG  ]  File ignored by lima/summary because it exceeded search pattern filesize limit: P14052_110_R1_fastqc.html
[2024-04-08 15:58:55,833] multiqc                                            [DEBUG  ]  File ignored by vep/vep_txt because it exceeded search pattern filesize limit: P14052_110_R1_fastqc.html
[2024-04-08 15:58:55,833] multiqc                                            [DEBUG  ]  File ignored by longranger/invocation because it exceeded search pattern filesize limit: P14052_110_R1_fastqc.html
[2024-04-08 15:58:55,900] multiqc                                            [DEBUG  ]  File ignored by nanostat because it exceeded search pattern filesize limit: P14052_110_R1_fastqc.html
[2024-04-08 15:58:55,952] multiqc                                            [DEBUG  ]  File ignored by ccs/v4 because it exceeded search pattern filesize limit: P14052_116_R1_fastqc.html
[2024-04-08 15:58:55,961] multiqc                                            [DEBUG  ]  File ignored by hicexplorer because it exceeded search pattern filesize limit: P14052_116_R1_fastqc.html
[2024-04-08 15:58:55,962] multiqc                                            [DEBUG  ]  File ignored by lima/summary because it exceeded search pattern filesize limit: P14052_116_R1_fastqc.html
[2024-04-08 15:58:55,977] multiqc                                            [DEBUG  ]  File ignored by vep/vep_txt because it exceeded search pattern filesize limit: P14052_116_R1_fastqc.html
[2024-04-08 15:58:55,977] multiqc                                            [DEBUG  ]  File ignored by longranger/invocation because it exceeded search pattern filesize limit: P14052_116_R1_fastqc.html
[2024-04-08 15:58:56,041] multiqc                                            [DEBUG  ]  File ignored by nanostat because it exceeded search pattern filesize limit: P14052_116_R1_fastqc.html
[2024-04-08 15:58:56,059] multiqc                                            [DEBUG  ]  File ignored by ccs/v4 because it exceeded search pattern filesize limit: P14052_118_R1_fastqc.html
[2024-04-08 15:58:56,067] multiqc                                            [DEBUG  ]  File ignored by hicexplorer because it exceeded search pattern filesize limit: P14052_118_R1_fastqc.html
[2024-04-08 15:58:56,068] multiqc                                            [DEBUG  ]  File ignored by lima/summary because it exceeded search pattern filesize limit: P14052_118_R1_fastqc.html
[2024-04-08 15:58:56,082] multiqc                                            [DEBUG  ]  File ignored by vep/vep_txt because it exceeded search pattern filesize limit: P14052_118_R1_fastqc.html
[2024-04-08 15:58:56,083] multiqc                                            [DEBUG  ]  File ignored by longranger/invocation because it exceeded search pattern filesize limit: P14052_118_R1_fastqc.html
[2024-04-08 15:58:56,145] multiqc                                            [DEBUG  ]  File ignored by nanostat because it exceeded search pattern filesize limit: P14052_118_R1_fastqc.html
[2024-04-08 15:58:56,163] multiqc                                            [DEBUG  ]  File ignored by ccs/v4 because it exceeded search pattern filesize limit: P14052_123_R1_fastqc.html
[2024-04-08 15:58:56,171] multiqc                                            [DEBUG  ]  File ignored by hicexplorer because it exceeded search pattern filesize limit: P14052_123_R1_fastqc.html
[2024-04-08 15:58:56,172] multiqc                                            [DEBUG  ]  File ignored by lima/summary because it exceeded search pattern filesize limit: P14052_123_R1_fastqc.html
[2024-04-08 15:58:56,186] multiqc                                            [DEBUG  ]  File ignored by vep/vep_txt because it exceeded search pattern filesize limit: P14052_123_R1_fastqc.html
[2024-04-08 15:58:56,187] multiqc                                            [DEBUG  ]  File ignored by longranger/invocation because it exceeded search pattern filesize limit: P14052_123_R1_fastqc.html
[2024-04-08 15:58:56,251] multiqc                                            [DEBUG  ]  File ignored by nanostat because it exceeded search pattern filesize limit: P14052_123_R1_fastqc.html
[2024-04-08 15:58:56,311] multiqc                                            [DEBUG  ]  File ignored by ccs/v4 because it exceeded search pattern filesize limit: P14052_106_R1_fastqc.html
[2024-04-08 15:58:56,321] multiqc                                            [DEBUG  ]  File ignored by hicexplorer because it exceeded search pattern filesize limit: P14052_106_R1_fastqc.html
[2024-04-08 15:58:56,322] multiqc                                            [DEBUG  ]  File ignored by lima/summary because it exceeded search pattern filesize limit: P14052_106_R1_fastqc.html
[2024-04-08 15:58:56,340] multiqc                                            [DEBUG  ]  File ignored by vep/vep_txt because it exceeded search pattern filesize limit: P14052_106_R1_fastqc.html
[2024-04-08 15:58:56,341] multiqc                                            [DEBUG  ]  File ignored by longranger/invocation because it exceeded search pattern filesize limit: P14052_106_R1_fastqc.html
[2024-04-08 15:58:56,415] multiqc                                            [DEBUG  ]  File ignored by nanostat because it exceeded search pattern filesize limit: P14052_106_R1_fastqc.html
[2024-04-08 15:58:56,465] multiqc                                            [DEBUG  ]  File ignored by ccs/v4 because it exceeded search pattern filesize limit: P14052_109_R1_fastqc.html
[2024-04-08 15:58:56,473] multiqc                                            [DEBUG  ]  File ignored by hicexplorer because it exceeded search pattern filesize limit: P14052_109_R1_fastqc.html
[2024-04-08 15:58:56,474] multiqc                                            [DEBUG  ]  File ignored by lima/summary because it exceeded search pattern filesize limit: P14052_109_R1_fastqc.html
[2024-04-08 15:58:56,489] multiqc                                            [DEBUG  ]  File ignored by vep/vep_txt because it exceeded search pattern filesize limit: P14052_109_R1_fastqc.html
[2024-04-08 15:58:56,490] multiqc                                            [DEBUG  ]  File ignored by longranger/invocation because it exceeded search pattern filesize limit: P14052_109_R1_fastqc.html
[2024-04-08 15:58:56,554] multiqc                                            [DEBUG  ]  File ignored by nanostat because it exceeded search pattern filesize limit: P14052_109_R1_fastqc.html
[2024-04-08 15:58:56,575] multiqc                                            [DEBUG  ]  File ignored by ccs/v4 because it exceeded search pattern filesize limit: P14052_112_R1_fastqc.html
[2024-04-08 15:58:56,583] multiqc                                            [DEBUG  ]  File ignored by hicexplorer because it exceeded search pattern filesize limit: P14052_112_R1_fastqc.html
[2024-04-08 15:58:56,584] multiqc                                            [DEBUG  ]  File ignored by lima/summary because it exceeded search pattern filesize limit: P14052_112_R1_fastqc.html
[2024-04-08 15:58:56,599] multiqc                                            [DEBUG  ]  File ignored by vep/vep_txt because it exceeded search pattern filesize limit: P14052_112_R1_fastqc.html
[2024-04-08 15:58:56,599] multiqc                                            [DEBUG  ]  File ignored by longranger/invocation because it exceeded search pattern filesize limit: P14052_112_R1_fastqc.html
[2024-04-08 15:58:56,664] multiqc                                            [DEBUG  ]  File ignored by nanostat because it exceeded search pattern filesize limit: P14052_112_R1_fastqc.html
[2024-04-08 15:58:56,686] multiqc                                            [DEBUG  ]  File ignored by ccs/v4 because it exceeded search pattern filesize limit: P14052_101_R1_fastqc.html
[2024-04-08 15:58:56,694] multiqc                                            [DEBUG  ]  File ignored by hicexplorer because it exceeded search pattern filesize limit: P14052_101_R1_fastqc.html
[2024-04-08 15:58:56,695] multiqc                                            [DEBUG  ]  File ignored by lima/summary because it exceeded search pattern filesize limit: P14052_101_R1_fastqc.html
[2024-04-08 15:58:56,709] multiqc                                            [DEBUG  ]  File ignored by vep/vep_txt because it exceeded search pattern filesize limit: P14052_101_R1_fastqc.html
[2024-04-08 15:58:56,709] multiqc                                            [DEBUG  ]  File ignored by longranger/invocation because it exceeded search pattern filesize limit: P14052_101_R1_fastqc.html
[2024-04-08 15:58:56,773] multiqc                                            [DEBUG  ]  File ignored by nanostat because it exceeded search pattern filesize limit: P14052_101_R1_fastqc.html
[2024-04-08 15:58:56,792] multiqc                                            [DEBUG  ]  File ignored by ccs/v4 because it exceeded search pattern filesize limit: P14052_120_R1_fastqc.html
[2024-04-08 15:58:56,800] multiqc                                            [DEBUG  ]  File ignored by hicexplorer because it exceeded search pattern filesize limit: P14052_120_R1_fastqc.html
[2024-04-08 15:58:56,801] multiqc                                            [DEBUG  ]  File ignored by lima/summary because it exceeded search pattern filesize limit: P14052_120_R1_fastqc.html
[2024-04-08 15:58:56,815] multiqc                                            [DEBUG  ]  File ignored by vep/vep_txt because it exceeded search pattern filesize limit: P14052_120_R1_fastqc.html
[2024-04-08 15:58:56,816] multiqc                                            [DEBUG  ]  File ignored by longranger/invocation because it exceeded search pattern filesize limit: P14052_120_R1_fastqc.html
[2024-04-08 15:58:56,879] multiqc                                            [DEBUG  ]  File ignored by nanostat because it exceeded search pattern filesize limit: P14052_120_R1_fastqc.html
[2024-04-08 15:58:56,948] multiqc                                            [DEBUG  ]  File ignored by ccs/v4 because it exceeded search pattern filesize limit: P14052_103_R1_fastqc.html
[2024-04-08 15:58:56,959] multiqc                                            [DEBUG  ]  File ignored by hicexplorer because it exceeded search pattern filesize limit: P14052_103_R1_fastqc.html
[2024-04-08 15:58:56,960] multiqc                                            [DEBUG  ]  File ignored by lima/summary because it exceeded search pattern filesize limit: P14052_103_R1_fastqc.html
[2024-04-08 15:58:56,978] multiqc                                            [DEBUG  ]  File ignored by vep/vep_txt because it exceeded search pattern filesize limit: P14052_103_R1_fastqc.html
[2024-04-08 15:58:56,979] multiqc                                            [DEBUG  ]  File ignored by longranger/invocation because it exceeded search pattern filesize limit: P14052_103_R1_fastqc.html
[2024-04-08 15:58:57,052] multiqc                                            [DEBUG  ]  File ignored by nanostat because it exceeded search pattern filesize limit: P14052_103_R1_fastqc.html
[2024-04-08 15:58:57,073] multiqc                                            [DEBUG  ]  File ignored by ccs/v4 because it exceeded search pattern filesize limit: P14052_113_R1_fastqc.html
[2024-04-08 15:58:57,081] multiqc                                            [DEBUG  ]  File ignored by hicexplorer because it exceeded search pattern filesize limit: P14052_113_R1_fastqc.html
[2024-04-08 15:58:57,082] multiqc                                            [DEBUG  ]  File ignored by lima/summary because it exceeded search pattern filesize limit: P14052_113_R1_fastqc.html
[2024-04-08 15:58:57,097] multiqc                                            [DEBUG  ]  File ignored by vep/vep_txt because it exceeded search pattern filesize limit: P14052_113_R1_fastqc.html
[2024-04-08 15:58:57,097] multiqc                                            [DEBUG  ]  File ignored by longranger/invocation because it exceeded search pattern filesize limit: P14052_113_R1_fastqc.html
[2024-04-08 15:58:57,161] multiqc                                            [DEBUG  ]  File ignored by nanostat because it exceeded search pattern filesize limit: P14052_113_R1_fastqc.html
[2024-04-08 15:58:57,180] multiqc                                            [DEBUG  ]  File ignored by ccs/v4 because it exceeded search pattern filesize limit: P14052_127_R1_fastqc.html
[2024-04-08 15:58:57,188] multiqc                                            [DEBUG  ]  File ignored by hicexplorer because it exceeded search pattern filesize limit: P14052_127_R1_fastqc.html
[2024-04-08 15:58:57,189] multiqc                                            [DEBUG  ]  File ignored by lima/summary because it exceeded search pattern filesize limit: P14052_127_R1_fastqc.html
[2024-04-08 15:58:57,203] multiqc                                            [DEBUG  ]  File ignored by vep/vep_txt because it exceeded search pattern filesize limit: P14052_127_R1_fastqc.html
[2024-04-08 15:58:57,204] multiqc                                            [DEBUG  ]  File ignored by longranger/invocation because it exceeded search pattern filesize limit: P14052_127_R1_fastqc.html
[2024-04-08 15:58:57,267] multiqc                                            [DEBUG  ]  File ignored by nanostat because it exceeded search pattern filesize limit: P14052_127_R1_fastqc.html
[2024-04-08 15:58:57,449] multiqc                                            [DEBUG  ]  File ignored by ccs/v4 because it exceeded search pattern filesize limit: P14052_107_R1_fastqc.html
[2024-04-08 15:58:57,459] multiqc                                            [DEBUG  ]  File ignored by hicexplorer because it exceeded search pattern filesize limit: P14052_107_R1_fastqc.html
[2024-04-08 15:58:57,460] multiqc                                            [DEBUG  ]  File ignored by lima/summary because it exceeded search pattern filesize limit: P14052_107_R1_fastqc.html
[2024-04-08 15:58:57,479] multiqc                                            [DEBUG  ]  File ignored by vep/vep_txt because it exceeded search pattern filesize limit: P14052_107_R1_fastqc.html
[2024-04-08 15:58:57,480] multiqc                                            [DEBUG  ]  File ignored by longranger/invocation because it exceeded search pattern filesize limit: P14052_107_R1_fastqc.html
[2024-04-08 15:58:57,553] multiqc                                            [DEBUG  ]  File ignored by nanostat because it exceeded search pattern filesize limit: P14052_107_R1_fastqc.html
[2024-04-08 15:58:57,605] multiqc                                            [DEBUG  ]  File ignored by ccs/v4 because it exceeded search pattern filesize limit: P14052_115_R1_fastqc.html
[2024-04-08 15:58:57,614] multiqc                                            [DEBUG  ]  File ignored by hicexplorer because it exceeded search pattern filesize limit: P14052_115_R1_fastqc.html
[2024-04-08 15:58:57,615] multiqc                                            [DEBUG  ]  File ignored by lima/summary because it exceeded search pattern filesize limit: P14052_115_R1_fastqc.html
[2024-04-08 15:58:57,630] multiqc                                            [DEBUG  ]  File ignored by vep/vep_txt because it exceeded search pattern filesize limit: P14052_115_R1_fastqc.html
[2024-04-08 15:58:57,631] multiqc                                            [DEBUG  ]  File ignored by longranger/invocation because it exceeded search pattern filesize limit: P14052_115_R1_fastqc.html
[2024-04-08 15:58:57,698] multiqc                                            [DEBUG  ]  File ignored by nanostat because it exceeded search pattern filesize limit: P14052_115_R1_fastqc.html
[2024-04-08 15:58:57,755] multiqc                                            [DEBUG  ]  File ignored by ccs/v4 because it exceeded search pattern filesize limit: P14052_104_R1_fastqc.html
[2024-04-08 15:58:57,764] multiqc                                            [DEBUG  ]  File ignored by hicexplorer because it exceeded search pattern filesize limit: P14052_104_R1_fastqc.html
[2024-04-08 15:58:57,765] multiqc                                            [DEBUG  ]  File ignored by lima/summary because it exceeded search pattern filesize limit: P14052_104_R1_fastqc.html
[2024-04-08 15:58:57,781] multiqc                                            [DEBUG  ]  File ignored by vep/vep_txt because it exceeded search pattern filesize limit: P14052_104_R1_fastqc.html
[2024-04-08 15:58:57,782] multiqc                                            [DEBUG  ]  File ignored by longranger/invocation because it exceeded search pattern filesize limit: P14052_104_R1_fastqc.html
[2024-04-08 15:58:57,848] multiqc                                            [DEBUG  ]  File ignored by nanostat because it exceeded search pattern filesize limit: P14052_104_R1_fastqc.html
[2024-04-08 15:58:57,869] multiqc                                            [DEBUG  ]  File ignored by ccs/v4 because it exceeded search pattern filesize limit: P14052_117_R1_fastqc.html
[2024-04-08 15:58:57,876] multiqc                                            [DEBUG  ]  File ignored by hicexplorer because it exceeded search pattern filesize limit: P14052_117_R1_fastqc.html
[2024-04-08 15:58:57,877] multiqc                                            [DEBUG  ]  File ignored by lima/summary because it exceeded search pattern filesize limit: P14052_117_R1_fastqc.html
[2024-04-08 15:58:57,892] multiqc                                            [DEBUG  ]  File ignored by vep/vep_txt because it exceeded search pattern filesize limit: P14052_117_R1_fastqc.html
[2024-04-08 15:58:57,893] multiqc                                            [DEBUG  ]  File ignored by longranger/invocation because it exceeded search pattern filesize limit: P14052_117_R1_fastqc.html
[2024-04-08 15:58:57,956] multiqc                                            [DEBUG  ]  File ignored by nanostat because it exceeded search pattern filesize limit: P14052_117_R1_fastqc.html
[2024-04-08 15:58:57,975] multiqc                                            [DEBUG  ]  File ignored by ccs/v4 because it exceeded search pattern filesize limit: P14052_119_R1_fastqc.html
[2024-04-08 15:58:57,982] multiqc                                            [DEBUG  ]  File ignored by hicexplorer because it exceeded search pattern filesize limit: P14052_119_R1_fastqc.html
[2024-04-08 15:58:57,983] multiqc                                            [DEBUG  ]  File ignored by lima/summary because it exceeded search pattern filesize limit: P14052_119_R1_fastqc.html
[2024-04-08 15:58:57,998] multiqc                                            [DEBUG  ]  File ignored by vep/vep_txt because it exceeded search pattern filesize limit: P14052_119_R1_fastqc.html
[2024-04-08 15:58:57,998] multiqc                                            [DEBUG  ]  File ignored by longranger/invocation because it exceeded search pattern filesize limit: P14052_119_R1_fastqc.html
[2024-04-08 15:58:58,062] multiqc                                            [DEBUG  ]  File ignored by nanostat because it exceeded search pattern filesize limit: P14052_119_R1_fastqc.html
[2024-04-08 15:58:58,081] multiqc                                            [DEBUG  ]  File ignored by ccs/v4 because it exceeded search pattern filesize limit: P14052_126_R1_fastqc.html
[2024-04-08 15:58:58,088] multiqc                                            [DEBUG  ]  File ignored by hicexplorer because it exceeded search pattern filesize limit: P14052_126_R1_fastqc.html
[2024-04-08 15:58:58,089] multiqc                                            [DEBUG  ]  File ignored by lima/summary because it exceeded search pattern filesize limit: P14052_126_R1_fastqc.html
[2024-04-08 15:58:58,104] multiqc                                            [DEBUG  ]  File ignored by vep/vep_txt because it exceeded search pattern filesize limit: P14052_126_R1_fastqc.html
[2024-04-08 15:58:58,105] multiqc                                            [DEBUG  ]  File ignored by longranger/invocation because it exceeded search pattern filesize limit: P14052_126_R1_fastqc.html
[2024-04-08 15:58:58,169] multiqc                                            [DEBUG  ]  File ignored by nanostat because it exceeded search pattern filesize limit: P14052_126_R1_fastqc.html
[2024-04-08 15:58:58,223] multiqc                                            [DEBUG  ]  File ignored by ccs/v4 because it exceeded search pattern filesize limit: P14052_111_R1_fastqc.html
[2024-04-08 15:58:58,231] multiqc                                            [DEBUG  ]  File ignored by hicexplorer because it exceeded search pattern filesize limit: P14052_111_R1_fastqc.html
[2024-04-08 15:58:58,232] multiqc                                            [DEBUG  ]  File ignored by lima/summary because it exceeded search pattern filesize limit: P14052_111_R1_fastqc.html
[2024-04-08 15:58:58,247] multiqc                                            [DEBUG  ]  File ignored by vep/vep_txt because it exceeded search pattern filesize limit: P14052_111_R1_fastqc.html
[2024-04-08 15:58:58,248] multiqc                                            [DEBUG  ]  File ignored by longranger/invocation because it exceeded search pattern filesize limit: P14052_111_R1_fastqc.html
[2024-04-08 15:58:58,313] multiqc                                            [DEBUG  ]  File ignored by nanostat because it exceeded search pattern filesize limit: P14052_111_R1_fastqc.html
[2024-04-08 15:58:58,331] multiqc                                            [DEBUG  ]  File ignored by ccs/v4 because it exceeded search pattern filesize limit: P14052_122_R1_fastqc.html
[2024-04-08 15:58:58,339] multiqc                                            [DEBUG  ]  File ignored by hicexplorer because it exceeded search pattern filesize limit: P14052_122_R1_fastqc.html
[2024-04-08 15:58:58,340] multiqc                                            [DEBUG  ]  File ignored by lima/summary because it exceeded search pattern filesize limit: P14052_122_R1_fastqc.html
[2024-04-08 15:58:58,354] multiqc                                            [DEBUG  ]  File ignored by vep/vep_txt because it exceeded search pattern filesize limit: P14052_122_R1_fastqc.html
[2024-04-08 15:58:58,354] multiqc                                            [DEBUG  ]  File ignored by longranger/invocation because it exceeded search pattern filesize limit: P14052_122_R1_fastqc.html
[2024-04-08 15:58:58,418] multiqc                                            [DEBUG  ]  File ignored by nanostat because it exceeded search pattern filesize limit: P14052_122_R1_fastqc.html
[2024-04-08 15:58:58,497] multiqc                                            [DEBUG  ]  File ignored by ccs/v4 because it exceeded search pattern filesize limit: P14052_108_R1_fastqc.html
[2024-04-08 15:58:58,508] multiqc                                            [DEBUG  ]  File ignored by hicexplorer because it exceeded search pattern filesize limit: P14052_108_R1_fastqc.html
[2024-04-08 15:58:58,509] multiqc                                            [DEBUG  ]  File ignored by lima/summary because it exceeded search pattern filesize limit: P14052_108_R1_fastqc.html
[2024-04-08 15:58:58,527] multiqc                                            [DEBUG  ]  File ignored by vep/vep_txt because it exceeded search pattern filesize limit: P14052_108_R1_fastqc.html
[2024-04-08 15:58:58,528] multiqc                                            [DEBUG  ]  File ignored by longranger/invocation because it exceeded search pattern filesize limit: P14052_108_R1_fastqc.html
[2024-04-08 15:58:58,603] multiqc                                            [DEBUG  ]  File ignored by nanostat because it exceeded search pattern filesize limit: P14052_108_R1_fastqc.html
[2024-04-08 15:58:58,625] multiqc                                            [DEBUG  ]  File ignored by ccs/v4 because it exceeded search pattern filesize limit: P14052_114_R1_fastqc.html
[2024-04-08 15:58:58,633] multiqc                                            [DEBUG  ]  File ignored by hicexplorer because it exceeded search pattern filesize limit: P14052_114_R1_fastqc.html
[2024-04-08 15:58:58,634] multiqc                                            [DEBUG  ]  File ignored by lima/summary because it exceeded search pattern filesize limit: P14052_114_R1_fastqc.html
[2024-04-08 15:58:58,649] multiqc                                            [DEBUG  ]  File ignored by vep/vep_txt because it exceeded search pattern filesize limit: P14052_114_R1_fastqc.html
[2024-04-08 15:58:58,649] multiqc                                            [DEBUG  ]  File ignored by longranger/invocation because it exceeded search pattern filesize limit: P14052_114_R1_fastqc.html
[2024-04-08 15:58:58,710] multiqc                                            [DEBUG  ]  File ignored by nanostat because it exceeded search pattern filesize limit: P14052_114_R1_fastqc.html
[2024-04-08 15:58:59,646] multiqc.plots.linegraph                            [DEBUG  ]  Using matplotlib version 3.3.4
[2024-04-08 15:58:59,650] multiqc.plots.bargraph                             [DEBUG  ]  Using matplotlib version 3.3.4
[2024-04-08 15:59:04,024] multiqc.modules.fastqc.fastqc                      [INFO   ]  Found 27 reports
[2024-04-08 15:59:04,286] multiqc.utils.profile_runtime                      [INFO   ]  Running run time profiling module
[2024-04-08 15:59:07,893] multiqc                                            [INFO   ]  Compressing plot data
[2024-04-08 15:59:08,267] multiqc                                            [INFO   ]  Report      : 01-QC/multiqc_raw_R1_P14052/multiqc_report.html
[2024-04-08 15:59:08,267] multiqc                                            [INFO   ]  Data        : 01-QC/multiqc_raw_R1_P14052/multiqc_data
[2024-04-08 15:59:08,267] multiqc                                            [DEBUG  ]  Moving data file from '/scratch/46318184/tmpjcudzyb1/multiqc_data' to '01-QC/multiqc_raw_R1_P14052/multiqc_data'
[2024-04-08 15:59:08,520] multiqc                                            [INFO   ]  MultiQC complete
[2024-04-08 15:59:08,521] multiqc                                            [INFO   ]  Run took 14.20 seconds
[2024-04-08 15:59:08,521] multiqc                                            [INFO   ]   - 3.65s: Searching files
[2024-04-08 15:59:08,521] multiqc                                            [INFO   ]   - 5.55s: Running modules
[2024-04-08 15:59:08,521] multiqc                                            [INFO   ]   - 0.31s: Compressing report data
[2024-04-08 15:59:08,521] multiqc                                            [INFO   ]  For more information, see the 'Run Time' section in 01-QC/multiqc_raw_R1_P14052/multiqc_report.html
[2024-04-08 15:59:08,521] multiqc                                            [WARNING]  1 flat-image plot used in the report due to large sample numbers
