Mon Apr  8 15:27:25 CEST 2024       [Start]
Analysis complete for P14052_107_R1.fastq.gz
Analysis complete for P14052_108_R1.fastq.gz
Analysis complete for P14052_104_R1.fastq.gz
Analysis complete for P14052_103_R1.fastq.gz
Analysis complete for P14052_105_R1.fastq.gz
Analysis complete for P14052_101_R1.fastq.gz
Analysis complete for P14052_102_R1.fastq.gz
Analysis complete for P14052_106_R1.fastq.gz
Analysis complete for P14052_109_R1.fastq.gz
Analysis complete for P14052_110_R1.fastq.gz
Analysis complete for P14052_111_R1.fastq.gz
Analysis complete for P14052_112_R1.fastq.gz
Analysis complete for P14052_114_R1.fastq.gz
Analysis complete for P14052_113_R1.fastq.gz
Analysis complete for P14052_115_R1.fastq.gz
Analysis complete for P14052_116_R1.fastq.gz
Analysis complete for P14052_117_R1.fastq.gz
Analysis complete for P14052_118_R1.fastq.gz
Analysis complete for P14052_119_R1.fastq.gz
Analysis complete for P14052_120_R1.fastq.gz
Analysis complete for P14052_121_R1.fastq.gz
Analysis complete for P14052_122_R1.fastq.gz
Analysis complete for P14052_124_R1.fastq.gz
Analysis complete for P14052_123_R1.fastq.gz
Analysis complete for P14052_126_R1.fastq.gz
Analysis complete for P14052_127_R1.fastq.gz
Analysis complete for P14052_125_R1.fastq.gz
Mon Apr  8 15:58:50 CEST 2024       [FastQC Complete]
|         searching | ━━━━━━━━━━━━━━━━━━━━━━━━━━━━━━━━━━━━━━━━ 100% 54/54  
Mon Apr  8 15:59:09 CEST 2024       [End]
