[2024-04-05 11:18:19,200] multiqc                                            [DEBUG  ]  This is MultiQC v1.12
[2024-04-05 11:18:19,201] multiqc                                            [DEBUG  ]  No MultiQC config found: /sw/bioinfo/MultiQC/1.12/rackham/lib/python3.8/site-packages/multiqc_config.yaml
[2024-04-05 11:18:19,209] multiqc                                            [DEBUG  ]  No MultiQC config found: /home/andbou/.multiqc_config.yaml
[2024-04-05 11:18:19,209] multiqc                                            [DEBUG  ]  No MultiQC config found: multiqc_config.yaml
[2024-04-05 11:18:19,210] multiqc                                            [DEBUG  ]  Command used: /sw/bioinfo/MultiQC/1.12/rackham/bin/multiqc 01-QC/fastqc_raw_R2_P14052 --outdir 01-QC/multiqc_raw_R2_P14052 --profile-runtime
[2024-04-05 11:18:19,546] multiqc                                            [WARNING]  MultiQC Version v1.21 now available!
[2024-04-05 11:18:19,546] multiqc                                            [DEBUG  ]  Command     : /sw/bioinfo/MultiQC/1.12/rackham/bin/multiqc 01-QC/fastqc_raw_R2_P14052 --outdir 01-QC/multiqc_raw_R2_P14052 --profile-runtime
[2024-04-05 11:18:19,546] multiqc                                            [DEBUG  ]  Working dir : /crex/proj/snic2020-6-222/Projects/Tconura/working/Andre/CONURA_WGS
[2024-04-05 11:18:19,546] multiqc                                            [DEBUG  ]  Template    : default
[2024-04-05 11:18:19,547] multiqc                                            [DEBUG  ]  Running Python 3.8.7 (default, Feb  1 2021, 11:54:01)  [GCC 8.3.0]
[2024-04-05 11:18:19,548] multiqc                                            [DEBUG  ]  Analysing modules: custom_content, ccs, ngsderive, purple, conpair, lima, peddy, somalier, methylQA, mosdepth, phantompeakqualtools, qualimap, preseq, quast, qorts, rna_seqc, rockhopper, rsem, rseqc, busco, bustools, goleft_indexcov, gffcompare, disambiguate, supernova, deeptools, sargasso, verifybamid, mirtrace, happy, mirtop, sambamba, homer, hops, macs2, theta2, snpeff, gatk, htseq, bcftools, featureCounts, fgbio, dragen, dedup, pbmarkdup, damageprofiler, biobambam2, jcvi, mtnucratio, picard, vep, sentieon, prokka, qc3C, nanostat, samblaster, samtools, sexdeterrmine, eigenstratdatabasetools, bamtools, jellyfish, vcftools, longranger, stacks, varscan2, snippy, bbmap, bismark, biscuit, hicexplorer, hicup, hicpro, salmon, kallisto, slamdunk, star, hisat2, tophat, bowtie2, bowtie1, snpsplit, odgi, pangolin, kat, leehom, adapterRemoval, clipandmerge, cutadapt, flexbar, kaiju, kraken, malt, trimmomatic, sickle, skewer, sortmerna, biobloomtools, fastq_screen, afterqc, fastp, fastqc, pychopper, pycoqc, minionqc, multivcfanalyzer, clusterflow, checkqc, bcl2fastq, bclconvert, interop, ivar, flash, seqyclean, optitype, whatshap
[2024-04-05 11:18:19,548] multiqc                                            [DEBUG  ]  Using temporary directory for creating report: /scratch/46269433/tmp0yc4emtb
[2024-04-05 11:18:19,772] multiqc                                            [INFO   ]  Search path : /crex/proj/snic2020-6-222/Projects/Tconura/working/Andre/CONURA_WGS/01-QC/fastqc_raw_R2_P14052
[2024-04-05 11:18:19,829] multiqc                                            [DEBUG  ]  File ignored by ccs/v4 because it exceeded search pattern filesize limit: P14052_122_R2_fastqc.html
[2024-04-05 11:18:19,837] multiqc                                            [DEBUG  ]  File ignored by hicexplorer because it exceeded search pattern filesize limit: P14052_122_R2_fastqc.html
[2024-04-05 11:18:19,838] multiqc                                            [DEBUG  ]  File ignored by lima/summary because it exceeded search pattern filesize limit: P14052_122_R2_fastqc.html
[2024-04-05 11:18:19,854] multiqc                                            [DEBUG  ]  File ignored by vep/vep_txt because it exceeded search pattern filesize limit: P14052_122_R2_fastqc.html
[2024-04-05 11:18:19,854] multiqc                                            [DEBUG  ]  File ignored by longranger/invocation because it exceeded search pattern filesize limit: P14052_122_R2_fastqc.html
[2024-04-05 11:18:19,920] multiqc                                            [DEBUG  ]  File ignored by nanostat because it exceeded search pattern filesize limit: P14052_122_R2_fastqc.html
[2024-04-05 11:18:19,940] multiqc                                            [DEBUG  ]  File ignored by ccs/v4 because it exceeded search pattern filesize limit: P14052_121_R2_fastqc.html
[2024-04-05 11:18:19,947] multiqc                                            [DEBUG  ]  File ignored by hicexplorer because it exceeded search pattern filesize limit: P14052_121_R2_fastqc.html
[2024-04-05 11:18:19,948] multiqc                                            [DEBUG  ]  File ignored by lima/summary because it exceeded search pattern filesize limit: P14052_121_R2_fastqc.html
[2024-04-05 11:18:19,961] multiqc                                            [DEBUG  ]  File ignored by vep/vep_txt because it exceeded search pattern filesize limit: P14052_121_R2_fastqc.html
[2024-04-05 11:18:19,961] multiqc                                            [DEBUG  ]  File ignored by longranger/invocation because it exceeded search pattern filesize limit: P14052_121_R2_fastqc.html
[2024-04-05 11:18:20,024] multiqc                                            [DEBUG  ]  File ignored by nanostat because it exceeded search pattern filesize limit: P14052_121_R2_fastqc.html
[2024-04-05 11:18:20,042] multiqc                                            [DEBUG  ]  File ignored by ccs/v4 because it exceeded search pattern filesize limit: P14052_118_R2_fastqc.html
[2024-04-05 11:18:20,049] multiqc                                            [DEBUG  ]  File ignored by hicexplorer because it exceeded search pattern filesize limit: P14052_118_R2_fastqc.html
[2024-04-05 11:18:20,050] multiqc                                            [DEBUG  ]  File ignored by lima/summary because it exceeded search pattern filesize limit: P14052_118_R2_fastqc.html
[2024-04-05 11:18:20,063] multiqc                                            [DEBUG  ]  File ignored by vep/vep_txt because it exceeded search pattern filesize limit: P14052_118_R2_fastqc.html
[2024-04-05 11:18:20,064] multiqc                                            [DEBUG  ]  File ignored by longranger/invocation because it exceeded search pattern filesize limit: P14052_118_R2_fastqc.html
[2024-04-05 11:18:20,126] multiqc                                            [DEBUG  ]  File ignored by nanostat because it exceeded search pattern filesize limit: P14052_118_R2_fastqc.html
[2024-04-05 11:18:20,144] multiqc                                            [DEBUG  ]  File ignored by ccs/v4 because it exceeded search pattern filesize limit: P14052_123_R2_fastqc.html
[2024-04-05 11:18:20,151] multiqc                                            [DEBUG  ]  File ignored by hicexplorer because it exceeded search pattern filesize limit: P14052_123_R2_fastqc.html
[2024-04-05 11:18:20,152] multiqc                                            [DEBUG  ]  File ignored by lima/summary because it exceeded search pattern filesize limit: P14052_123_R2_fastqc.html
[2024-04-05 11:18:20,164] multiqc                                            [DEBUG  ]  File ignored by vep/vep_txt because it exceeded search pattern filesize limit: P14052_123_R2_fastqc.html
[2024-04-05 11:18:20,165] multiqc                                            [DEBUG  ]  File ignored by longranger/invocation because it exceeded search pattern filesize limit: P14052_123_R2_fastqc.html
[2024-04-05 11:18:20,227] multiqc                                            [DEBUG  ]  File ignored by nanostat because it exceeded search pattern filesize limit: P14052_123_R2_fastqc.html
[2024-04-05 11:18:20,248] multiqc                                            [DEBUG  ]  File ignored by ccs/v4 because it exceeded search pattern filesize limit: P14052_116_R2_fastqc.html
[2024-04-05 11:18:20,255] multiqc                                            [DEBUG  ]  File ignored by hicexplorer because it exceeded search pattern filesize limit: P14052_116_R2_fastqc.html
[2024-04-05 11:18:20,255] multiqc                                            [DEBUG  ]  File ignored by lima/summary because it exceeded search pattern filesize limit: P14052_116_R2_fastqc.html
[2024-04-05 11:18:20,268] multiqc                                            [DEBUG  ]  File ignored by vep/vep_txt because it exceeded search pattern filesize limit: P14052_116_R2_fastqc.html
[2024-04-05 11:18:20,268] multiqc                                            [DEBUG  ]  File ignored by longranger/invocation because it exceeded search pattern filesize limit: P14052_116_R2_fastqc.html
[2024-04-05 11:18:20,333] multiqc                                            [DEBUG  ]  File ignored by nanostat because it exceeded search pattern filesize limit: P14052_116_R2_fastqc.html
[2024-04-05 11:18:20,385] multiqc                                            [DEBUG  ]  File ignored by ccs/v4 because it exceeded search pattern filesize limit: P14052_114_R2_fastqc.html
[2024-04-05 11:18:20,394] multiqc                                            [DEBUG  ]  File ignored by hicexplorer because it exceeded search pattern filesize limit: P14052_114_R2_fastqc.html
[2024-04-05 11:18:20,394] multiqc                                            [DEBUG  ]  File ignored by lima/summary because it exceeded search pattern filesize limit: P14052_114_R2_fastqc.html
[2024-04-05 11:18:20,408] multiqc                                            [DEBUG  ]  File ignored by vep/vep_txt because it exceeded search pattern filesize limit: P14052_114_R2_fastqc.html
[2024-04-05 11:18:20,408] multiqc                                            [DEBUG  ]  File ignored by longranger/invocation because it exceeded search pattern filesize limit: P14052_114_R2_fastqc.html
[2024-04-05 11:18:20,470] multiqc                                            [DEBUG  ]  File ignored by nanostat because it exceeded search pattern filesize limit: P14052_114_R2_fastqc.html
[2024-04-05 11:18:20,491] multiqc                                            [DEBUG  ]  File ignored by ccs/v4 because it exceeded search pattern filesize limit: P14052_119_R2_fastqc.html
[2024-04-05 11:18:20,499] multiqc                                            [DEBUG  ]  File ignored by hicexplorer because it exceeded search pattern filesize limit: P14052_119_R2_fastqc.html
[2024-04-05 11:18:20,499] multiqc                                            [DEBUG  ]  File ignored by lima/summary because it exceeded search pattern filesize limit: P14052_119_R2_fastqc.html
[2024-04-05 11:18:20,512] multiqc                                            [DEBUG  ]  File ignored by vep/vep_txt because it exceeded search pattern filesize limit: P14052_119_R2_fastqc.html
[2024-04-05 11:18:20,512] multiqc                                            [DEBUG  ]  File ignored by longranger/invocation because it exceeded search pattern filesize limit: P14052_119_R2_fastqc.html
[2024-04-05 11:18:20,571] multiqc                                            [DEBUG  ]  File ignored by nanostat because it exceeded search pattern filesize limit: P14052_119_R2_fastqc.html
[2024-04-05 11:18:20,644] multiqc                                            [DEBUG  ]  File ignored by ccs/v4 because it exceeded search pattern filesize limit: P14052_113_R2_fastqc.html
[2024-04-05 11:18:20,653] multiqc                                            [DEBUG  ]  File ignored by hicexplorer because it exceeded search pattern filesize limit: P14052_113_R2_fastqc.html
[2024-04-05 11:18:20,654] multiqc                                            [DEBUG  ]  File ignored by lima/summary because it exceeded search pattern filesize limit: P14052_113_R2_fastqc.html
[2024-04-05 11:18:20,671] multiqc                                            [DEBUG  ]  File ignored by vep/vep_txt because it exceeded search pattern filesize limit: P14052_113_R2_fastqc.html
[2024-04-05 11:18:20,672] multiqc                                            [DEBUG  ]  File ignored by longranger/invocation because it exceeded search pattern filesize limit: P14052_113_R2_fastqc.html
[2024-04-05 11:18:20,753] multiqc                                            [DEBUG  ]  File ignored by nanostat because it exceeded search pattern filesize limit: P14052_113_R2_fastqc.html
[2024-04-05 11:18:20,780] multiqc                                            [DEBUG  ]  File ignored by ccs/v4 because it exceeded search pattern filesize limit: P14052_101_R2_fastqc.html
[2024-04-05 11:18:20,788] multiqc                                            [DEBUG  ]  File ignored by hicexplorer because it exceeded search pattern filesize limit: P14052_101_R2_fastqc.html
[2024-04-05 11:18:20,789] multiqc                                            [DEBUG  ]  File ignored by lima/summary because it exceeded search pattern filesize limit: P14052_101_R2_fastqc.html
[2024-04-05 11:18:20,803] multiqc                                            [DEBUG  ]  File ignored by vep/vep_txt because it exceeded search pattern filesize limit: P14052_101_R2_fastqc.html
[2024-04-05 11:18:20,804] multiqc                                            [DEBUG  ]  File ignored by longranger/invocation because it exceeded search pattern filesize limit: P14052_101_R2_fastqc.html
[2024-04-05 11:18:20,868] multiqc                                            [DEBUG  ]  File ignored by nanostat because it exceeded search pattern filesize limit: P14052_101_R2_fastqc.html
[2024-04-05 11:18:20,888] multiqc                                            [DEBUG  ]  File ignored by ccs/v4 because it exceeded search pattern filesize limit: P14052_115_R2_fastqc.html
[2024-04-05 11:18:20,895] multiqc                                            [DEBUG  ]  File ignored by hicexplorer because it exceeded search pattern filesize limit: P14052_115_R2_fastqc.html
[2024-04-05 11:18:20,896] multiqc                                            [DEBUG  ]  File ignored by lima/summary because it exceeded search pattern filesize limit: P14052_115_R2_fastqc.html
[2024-04-05 11:18:20,909] multiqc                                            [DEBUG  ]  File ignored by vep/vep_txt because it exceeded search pattern filesize limit: P14052_115_R2_fastqc.html
[2024-04-05 11:18:20,910] multiqc                                            [DEBUG  ]  File ignored by longranger/invocation because it exceeded search pattern filesize limit: P14052_115_R2_fastqc.html
[2024-04-05 11:18:20,973] multiqc                                            [DEBUG  ]  File ignored by nanostat because it exceeded search pattern filesize limit: P14052_115_R2_fastqc.html
[2024-04-05 11:18:20,991] multiqc                                            [DEBUG  ]  File ignored by ccs/v4 because it exceeded search pattern filesize limit: P14052_124_R2_fastqc.html
[2024-04-05 11:18:20,999] multiqc                                            [DEBUG  ]  File ignored by hicexplorer because it exceeded search pattern filesize limit: P14052_124_R2_fastqc.html
[2024-04-05 11:18:20,999] multiqc                                            [DEBUG  ]  File ignored by lima/summary because it exceeded search pattern filesize limit: P14052_124_R2_fastqc.html
[2024-04-05 11:18:21,013] multiqc                                            [DEBUG  ]  File ignored by vep/vep_txt because it exceeded search pattern filesize limit: P14052_124_R2_fastqc.html
[2024-04-05 11:18:21,013] multiqc                                            [DEBUG  ]  File ignored by longranger/invocation because it exceeded search pattern filesize limit: P14052_124_R2_fastqc.html
[2024-04-05 11:18:21,076] multiqc                                            [DEBUG  ]  File ignored by nanostat because it exceeded search pattern filesize limit: P14052_124_R2_fastqc.html
[2024-04-05 11:18:21,096] multiqc                                            [DEBUG  ]  File ignored by ccs/v4 because it exceeded search pattern filesize limit: P14052_111_R2_fastqc.html
[2024-04-05 11:18:21,103] multiqc                                            [DEBUG  ]  File ignored by hicexplorer because it exceeded search pattern filesize limit: P14052_111_R2_fastqc.html
[2024-04-05 11:18:21,104] multiqc                                            [DEBUG  ]  File ignored by lima/summary because it exceeded search pattern filesize limit: P14052_111_R2_fastqc.html
[2024-04-05 11:18:21,118] multiqc                                            [DEBUG  ]  File ignored by vep/vep_txt because it exceeded search pattern filesize limit: P14052_111_R2_fastqc.html
[2024-04-05 11:18:21,118] multiqc                                            [DEBUG  ]  File ignored by longranger/invocation because it exceeded search pattern filesize limit: P14052_111_R2_fastqc.html
[2024-04-05 11:18:21,180] multiqc                                            [DEBUG  ]  File ignored by nanostat because it exceeded search pattern filesize limit: P14052_111_R2_fastqc.html
[2024-04-05 11:18:21,198] multiqc                                            [DEBUG  ]  File ignored by ccs/v4 because it exceeded search pattern filesize limit: P14052_117_R2_fastqc.html
[2024-04-05 11:18:21,206] multiqc                                            [DEBUG  ]  File ignored by hicexplorer because it exceeded search pattern filesize limit: P14052_117_R2_fastqc.html
[2024-04-05 11:18:21,206] multiqc                                            [DEBUG  ]  File ignored by lima/summary because it exceeded search pattern filesize limit: P14052_117_R2_fastqc.html
[2024-04-05 11:18:21,220] multiqc                                            [DEBUG  ]  File ignored by vep/vep_txt because it exceeded search pattern filesize limit: P14052_117_R2_fastqc.html
[2024-04-05 11:18:21,220] multiqc                                            [DEBUG  ]  File ignored by longranger/invocation because it exceeded search pattern filesize limit: P14052_117_R2_fastqc.html
[2024-04-05 11:18:21,283] multiqc                                            [DEBUG  ]  File ignored by nanostat because it exceeded search pattern filesize limit: P14052_117_R2_fastqc.html
[2024-04-05 11:18:21,317] multiqc                                            [DEBUG  ]  File ignored by ccs/v4 because it exceeded search pattern filesize limit: P14052_109_R2_fastqc.html
[2024-04-05 11:18:21,325] multiqc                                            [DEBUG  ]  File ignored by hicexplorer because it exceeded search pattern filesize limit: P14052_109_R2_fastqc.html
[2024-04-05 11:18:21,326] multiqc                                            [DEBUG  ]  File ignored by lima/summary because it exceeded search pattern filesize limit: P14052_109_R2_fastqc.html
[2024-04-05 11:18:21,340] multiqc                                            [DEBUG  ]  File ignored by vep/vep_txt because it exceeded search pattern filesize limit: P14052_109_R2_fastqc.html
[2024-04-05 11:18:21,341] multiqc                                            [DEBUG  ]  File ignored by longranger/invocation because it exceeded search pattern filesize limit: P14052_109_R2_fastqc.html
[2024-04-05 11:18:21,404] multiqc                                            [DEBUG  ]  File ignored by nanostat because it exceeded search pattern filesize limit: P14052_109_R2_fastqc.html
[2024-04-05 11:18:21,422] multiqc                                            [DEBUG  ]  File ignored by ccs/v4 because it exceeded search pattern filesize limit: P14052_125_R2_fastqc.html
[2024-04-05 11:18:21,430] multiqc                                            [DEBUG  ]  File ignored by hicexplorer because it exceeded search pattern filesize limit: P14052_125_R2_fastqc.html
[2024-04-05 11:18:21,430] multiqc                                            [DEBUG  ]  File ignored by lima/summary because it exceeded search pattern filesize limit: P14052_125_R2_fastqc.html
[2024-04-05 11:18:21,444] multiqc                                            [DEBUG  ]  File ignored by vep/vep_txt because it exceeded search pattern filesize limit: P14052_125_R2_fastqc.html
[2024-04-05 11:18:21,445] multiqc                                            [DEBUG  ]  File ignored by longranger/invocation because it exceeded search pattern filesize limit: P14052_125_R2_fastqc.html
[2024-04-05 11:18:21,510] multiqc                                            [DEBUG  ]  File ignored by nanostat because it exceeded search pattern filesize limit: P14052_125_R2_fastqc.html
[2024-04-05 11:18:21,548] multiqc                                            [DEBUG  ]  File ignored by ccs/v4 because it exceeded search pattern filesize limit: P14052_107_R2_fastqc.html
[2024-04-05 11:18:21,555] multiqc                                            [DEBUG  ]  File ignored by hicexplorer because it exceeded search pattern filesize limit: P14052_107_R2_fastqc.html
[2024-04-05 11:18:21,556] multiqc                                            [DEBUG  ]  File ignored by lima/summary because it exceeded search pattern filesize limit: P14052_107_R2_fastqc.html
[2024-04-05 11:18:21,570] multiqc                                            [DEBUG  ]  File ignored by vep/vep_txt because it exceeded search pattern filesize limit: P14052_107_R2_fastqc.html
[2024-04-05 11:18:21,570] multiqc                                            [DEBUG  ]  File ignored by longranger/invocation because it exceeded search pattern filesize limit: P14052_107_R2_fastqc.html
[2024-04-05 11:18:21,632] multiqc                                            [DEBUG  ]  File ignored by nanostat because it exceeded search pattern filesize limit: P14052_107_R2_fastqc.html
[2024-04-05 11:18:21,652] multiqc                                            [DEBUG  ]  File ignored by ccs/v4 because it exceeded search pattern filesize limit: P14052_110_R2_fastqc.html
[2024-04-05 11:18:21,659] multiqc                                            [DEBUG  ]  File ignored by hicexplorer because it exceeded search pattern filesize limit: P14052_110_R2_fastqc.html
[2024-04-05 11:18:21,660] multiqc                                            [DEBUG  ]  File ignored by lima/summary because it exceeded search pattern filesize limit: P14052_110_R2_fastqc.html
[2024-04-05 11:18:21,673] multiqc                                            [DEBUG  ]  File ignored by vep/vep_txt because it exceeded search pattern filesize limit: P14052_110_R2_fastqc.html
[2024-04-05 11:18:21,673] multiqc                                            [DEBUG  ]  File ignored by longranger/invocation because it exceeded search pattern filesize limit: P14052_110_R2_fastqc.html
[2024-04-05 11:18:21,736] multiqc                                            [DEBUG  ]  File ignored by nanostat because it exceeded search pattern filesize limit: P14052_110_R2_fastqc.html
[2024-04-05 11:18:21,758] multiqc                                            [DEBUG  ]  File ignored by ccs/v4 because it exceeded search pattern filesize limit: P14052_112_R2_fastqc.html
[2024-04-05 11:18:21,765] multiqc                                            [DEBUG  ]  File ignored by hicexplorer because it exceeded search pattern filesize limit: P14052_112_R2_fastqc.html
[2024-04-05 11:18:21,766] multiqc                                            [DEBUG  ]  File ignored by lima/summary because it exceeded search pattern filesize limit: P14052_112_R2_fastqc.html
[2024-04-05 11:18:21,778] multiqc                                            [DEBUG  ]  File ignored by vep/vep_txt because it exceeded search pattern filesize limit: P14052_112_R2_fastqc.html
[2024-04-05 11:18:21,779] multiqc                                            [DEBUG  ]  File ignored by longranger/invocation because it exceeded search pattern filesize limit: P14052_112_R2_fastqc.html
[2024-04-05 11:18:21,841] multiqc                                            [DEBUG  ]  File ignored by nanostat because it exceeded search pattern filesize limit: P14052_112_R2_fastqc.html
[2024-04-05 11:18:21,972] multiqc                                            [DEBUG  ]  File ignored by ccs/v4 because it exceeded search pattern filesize limit: P14052_104_R2_fastqc.html
[2024-04-05 11:18:21,982] multiqc                                            [DEBUG  ]  File ignored by hicexplorer because it exceeded search pattern filesize limit: P14052_104_R2_fastqc.html
[2024-04-05 11:18:21,983] multiqc                                            [DEBUG  ]  File ignored by lima/summary because it exceeded search pattern filesize limit: P14052_104_R2_fastqc.html
[2024-04-05 11:18:22,001] multiqc                                            [DEBUG  ]  File ignored by vep/vep_txt because it exceeded search pattern filesize limit: P14052_104_R2_fastqc.html
[2024-04-05 11:18:22,002] multiqc                                            [DEBUG  ]  File ignored by longranger/invocation because it exceeded search pattern filesize limit: P14052_104_R2_fastqc.html
[2024-04-05 11:18:22,078] multiqc                                            [DEBUG  ]  File ignored by nanostat because it exceeded search pattern filesize limit: P14052_104_R2_fastqc.html
[2024-04-05 11:18:22,141] multiqc                                            [DEBUG  ]  File ignored by ccs/v4 because it exceeded search pattern filesize limit: P14052_103_R2_fastqc.html
[2024-04-05 11:18:22,150] multiqc                                            [DEBUG  ]  File ignored by hicexplorer because it exceeded search pattern filesize limit: P14052_103_R2_fastqc.html
[2024-04-05 11:18:22,152] multiqc                                            [DEBUG  ]  File ignored by lima/summary because it exceeded search pattern filesize limit: P14052_103_R2_fastqc.html
[2024-04-05 11:18:22,169] multiqc                                            [DEBUG  ]  File ignored by vep/vep_txt because it exceeded search pattern filesize limit: P14052_103_R2_fastqc.html
[2024-04-05 11:18:22,170] multiqc                                            [DEBUG  ]  File ignored by longranger/invocation because it exceeded search pattern filesize limit: P14052_103_R2_fastqc.html
[2024-04-05 11:18:22,250] multiqc                                            [DEBUG  ]  File ignored by nanostat because it exceeded search pattern filesize limit: P14052_103_R2_fastqc.html
[2024-04-05 11:18:22,268] multiqc                                            [DEBUG  ]  File ignored by ccs/v4 because it exceeded search pattern filesize limit: P14052_126_R2_fastqc.html
[2024-04-05 11:18:22,276] multiqc                                            [DEBUG  ]  File ignored by hicexplorer because it exceeded search pattern filesize limit: P14052_126_R2_fastqc.html
[2024-04-05 11:18:22,276] multiqc                                            [DEBUG  ]  File ignored by lima/summary because it exceeded search pattern filesize limit: P14052_126_R2_fastqc.html
[2024-04-05 11:18:22,290] multiqc                                            [DEBUG  ]  File ignored by vep/vep_txt because it exceeded search pattern filesize limit: P14052_126_R2_fastqc.html
[2024-04-05 11:18:22,290] multiqc                                            [DEBUG  ]  File ignored by longranger/invocation because it exceeded search pattern filesize limit: P14052_126_R2_fastqc.html
[2024-04-05 11:18:22,353] multiqc                                            [DEBUG  ]  File ignored by nanostat because it exceeded search pattern filesize limit: P14052_126_R2_fastqc.html
[2024-04-05 11:18:22,381] multiqc                                            [DEBUG  ]  File ignored by ccs/v4 because it exceeded search pattern filesize limit: P14052_105_R2_fastqc.html
[2024-04-05 11:18:22,390] multiqc                                            [DEBUG  ]  File ignored by hicexplorer because it exceeded search pattern filesize limit: P14052_105_R2_fastqc.html
[2024-04-05 11:18:22,391] multiqc                                            [DEBUG  ]  File ignored by lima/summary because it exceeded search pattern filesize limit: P14052_105_R2_fastqc.html
[2024-04-05 11:18:22,406] multiqc                                            [DEBUG  ]  File ignored by vep/vep_txt because it exceeded search pattern filesize limit: P14052_105_R2_fastqc.html
[2024-04-05 11:18:22,407] multiqc                                            [DEBUG  ]  File ignored by longranger/invocation because it exceeded search pattern filesize limit: P14052_105_R2_fastqc.html
[2024-04-05 11:18:22,472] multiqc                                            [DEBUG  ]  File ignored by nanostat because it exceeded search pattern filesize limit: P14052_105_R2_fastqc.html
[2024-04-05 11:18:22,495] multiqc                                            [DEBUG  ]  File ignored by ccs/v4 because it exceeded search pattern filesize limit: P14052_120_R2_fastqc.html
[2024-04-05 11:18:22,503] multiqc                                            [DEBUG  ]  File ignored by hicexplorer because it exceeded search pattern filesize limit: P14052_120_R2_fastqc.html
[2024-04-05 11:18:22,504] multiqc                                            [DEBUG  ]  File ignored by lima/summary because it exceeded search pattern filesize limit: P14052_120_R2_fastqc.html
[2024-04-05 11:18:22,519] multiqc                                            [DEBUG  ]  File ignored by vep/vep_txt because it exceeded search pattern filesize limit: P14052_120_R2_fastqc.html
[2024-04-05 11:18:22,520] multiqc                                            [DEBUG  ]  File ignored by longranger/invocation because it exceeded search pattern filesize limit: P14052_120_R2_fastqc.html
[2024-04-05 11:18:22,579] multiqc                                            [DEBUG  ]  File ignored by nanostat because it exceeded search pattern filesize limit: P14052_120_R2_fastqc.html
[2024-04-05 11:18:22,600] multiqc                                            [DEBUG  ]  File ignored by ccs/v4 because it exceeded search pattern filesize limit: P14052_106_R2_fastqc.html
[2024-04-05 11:18:22,608] multiqc                                            [DEBUG  ]  File ignored by hicexplorer because it exceeded search pattern filesize limit: P14052_106_R2_fastqc.html
[2024-04-05 11:18:22,609] multiqc                                            [DEBUG  ]  File ignored by lima/summary because it exceeded search pattern filesize limit: P14052_106_R2_fastqc.html
[2024-04-05 11:18:22,623] multiqc                                            [DEBUG  ]  File ignored by vep/vep_txt because it exceeded search pattern filesize limit: P14052_106_R2_fastqc.html
[2024-04-05 11:18:22,623] multiqc                                            [DEBUG  ]  File ignored by longranger/invocation because it exceeded search pattern filesize limit: P14052_106_R2_fastqc.html
[2024-04-05 11:18:22,684] multiqc                                            [DEBUG  ]  File ignored by nanostat because it exceeded search pattern filesize limit: P14052_106_R2_fastqc.html
[2024-04-05 11:18:22,703] multiqc                                            [DEBUG  ]  File ignored by ccs/v4 because it exceeded search pattern filesize limit: P14052_127_R2_fastqc.html
[2024-04-05 11:18:22,711] multiqc                                            [DEBUG  ]  File ignored by hicexplorer because it exceeded search pattern filesize limit: P14052_127_R2_fastqc.html
[2024-04-05 11:18:22,712] multiqc                                            [DEBUG  ]  File ignored by lima/summary because it exceeded search pattern filesize limit: P14052_127_R2_fastqc.html
[2024-04-05 11:18:22,726] multiqc                                            [DEBUG  ]  File ignored by vep/vep_txt because it exceeded search pattern filesize limit: P14052_127_R2_fastqc.html
[2024-04-05 11:18:22,727] multiqc                                            [DEBUG  ]  File ignored by longranger/invocation because it exceeded search pattern filesize limit: P14052_127_R2_fastqc.html
[2024-04-05 11:18:22,787] multiqc                                            [DEBUG  ]  File ignored by nanostat because it exceeded search pattern filesize limit: P14052_127_R2_fastqc.html
[2024-04-05 11:18:22,827] multiqc                                            [DEBUG  ]  File ignored by ccs/v4 because it exceeded search pattern filesize limit: P14052_102_R2_fastqc.html
[2024-04-05 11:18:22,835] multiqc                                            [DEBUG  ]  File ignored by hicexplorer because it exceeded search pattern filesize limit: P14052_102_R2_fastqc.html
[2024-04-05 11:18:22,836] multiqc                                            [DEBUG  ]  File ignored by lima/summary because it exceeded search pattern filesize limit: P14052_102_R2_fastqc.html
[2024-04-05 11:18:22,850] multiqc                                            [DEBUG  ]  File ignored by vep/vep_txt because it exceeded search pattern filesize limit: P14052_102_R2_fastqc.html
[2024-04-05 11:18:22,850] multiqc                                            [DEBUG  ]  File ignored by longranger/invocation because it exceeded search pattern filesize limit: P14052_102_R2_fastqc.html
[2024-04-05 11:18:22,911] multiqc                                            [DEBUG  ]  File ignored by nanostat because it exceeded search pattern filesize limit: P14052_102_R2_fastqc.html
[2024-04-05 11:18:22,931] multiqc                                            [DEBUG  ]  File ignored by ccs/v4 because it exceeded search pattern filesize limit: P14052_108_R2_fastqc.html
[2024-04-05 11:18:22,940] multiqc                                            [DEBUG  ]  File ignored by hicexplorer because it exceeded search pattern filesize limit: P14052_108_R2_fastqc.html
[2024-04-05 11:18:22,941] multiqc                                            [DEBUG  ]  File ignored by lima/summary because it exceeded search pattern filesize limit: P14052_108_R2_fastqc.html
[2024-04-05 11:18:22,956] multiqc                                            [DEBUG  ]  File ignored by vep/vep_txt because it exceeded search pattern filesize limit: P14052_108_R2_fastqc.html
[2024-04-05 11:18:22,957] multiqc                                            [DEBUG  ]  File ignored by longranger/invocation because it exceeded search pattern filesize limit: P14052_108_R2_fastqc.html
[2024-04-05 11:18:23,019] multiqc                                            [DEBUG  ]  File ignored by nanostat because it exceeded search pattern filesize limit: P14052_108_R2_fastqc.html
[2024-04-05 11:18:23,716] multiqc.plots.linegraph                            [DEBUG  ]  Using matplotlib version 3.3.4
[2024-04-05 11:18:23,729] multiqc.plots.bargraph                             [DEBUG  ]  Using matplotlib version 3.3.4
[2024-04-05 11:18:27,592] multiqc.modules.fastqc.fastqc                      [INFO   ]  Found 27 reports
[2024-04-05 11:18:27,840] multiqc.utils.profile_runtime                      [INFO   ]  Running run time profiling module
[2024-04-05 11:18:31,569] multiqc                                            [INFO   ]  Compressing plot data
[2024-04-05 11:18:31,955] multiqc                                            [INFO   ]  Report      : 01-QC/multiqc_raw_R2_P14052/multiqc_report.html
[2024-04-05 11:18:31,955] multiqc                                            [INFO   ]  Data        : 01-QC/multiqc_raw_R2_P14052/multiqc_data
[2024-04-05 11:18:31,955] multiqc                                            [DEBUG  ]  Moving data file from '/scratch/46269433/tmp0yc4emtb/multiqc_data' to '01-QC/multiqc_raw_R2_P14052/multiqc_data'
[2024-04-05 11:18:32,142] multiqc                                            [INFO   ]  MultiQC complete
[2024-04-05 11:18:32,142] multiqc                                            [INFO   ]  Run took 12.95 seconds
[2024-04-05 11:18:32,142] multiqc                                            [INFO   ]   - 3.28s: Searching files
[2024-04-05 11:18:32,142] multiqc                                            [INFO   ]   - 4.77s: Running modules
[2024-04-05 11:18:32,142] multiqc                                            [INFO   ]   - 0.32s: Compressing report data
[2024-04-05 11:18:32,142] multiqc                                            [INFO   ]  For more information, see the 'Run Time' section in 01-QC/multiqc_raw_R2_P14052/multiqc_report.html
[2024-04-05 11:18:32,142] multiqc                                            [WARNING]  1 flat-image plot used in the report due to large sample numbers
