Started analysis of P14052_101_R1-trim.fastq.gz
Started analysis of P14052_102_R1-trim.fastq.gz
Started analysis of P14052_107_R1-trim.fastq.gz
Started analysis of P14052_108_R1-trim.fastq.gz
Started analysis of P14052_109_R1-trim.fastq.gz
Started analysis of P14052_113_R1-trim.fastq.gz
Started analysis of P14052_114_R1-trim.fastq.gz
Started analysis of P14052_115_R1-trim.fastq.gz
Started analysis of P14052_116_R1-trim.fastq.gz
Started analysis of P14052_117_R1-trim.fastq.gz
Approx 5% complete for P14052_109_R1-trim.fastq.gz
Approx 5% complete for P14052_107_R1-trim.fastq.gz
Approx 5% complete for P14052_113_R1-trim.fastq.gz
Approx 5% complete for P14052_108_R1-trim.fastq.gz
Approx 5% complete for P14052_114_R1-trim.fastq.gz
Approx 5% complete for P14052_101_R1-trim.fastq.gz
Approx 5% complete for P14052_116_R1-trim.fastq.gz
Approx 5% complete for P14052_102_R1-trim.fastq.gz
Approx 5% complete for P14052_117_R1-trim.fastq.gz
Approx 5% complete for P14052_115_R1-trim.fastq.gz
Approx 10% complete for P14052_109_R1-trim.fastq.gz
Approx 10% complete for P14052_107_R1-trim.fastq.gz
Approx 10% complete for P14052_116_R1-trim.fastq.gz
Approx 10% complete for P14052_114_R1-trim.fastq.gz
Approx 10% complete for P14052_108_R1-trim.fastq.gz
Approx 10% complete for P14052_113_R1-trim.fastq.gz
Approx 10% complete for P14052_101_R1-trim.fastq.gz
Approx 10% complete for P14052_102_R1-trim.fastq.gz
Approx 10% complete for P14052_117_R1-trim.fastq.gz
Approx 10% complete for P14052_115_R1-trim.fastq.gz
Approx 15% complete for P14052_109_R1-trim.fastq.gz
Approx 15% complete for P14052_116_R1-trim.fastq.gz
Approx 15% complete for P14052_107_R1-trim.fastq.gz
Approx 15% complete for P14052_114_R1-trim.fastq.gz
Approx 15% complete for P14052_108_R1-trim.fastq.gz
Approx 15% complete for P14052_113_R1-trim.fastq.gz
Approx 20% complete for P14052_109_R1-trim.fastq.gz
Approx 15% complete for P14052_101_R1-trim.fastq.gz
Approx 15% complete for P14052_102_R1-trim.fastq.gz
Approx 15% complete for P14052_117_R1-trim.fastq.gz
Approx 15% complete for P14052_115_R1-trim.fastq.gz
Approx 20% complete for P14052_116_R1-trim.fastq.gz
Approx 25% complete for P14052_109_R1-trim.fastq.gz
Approx 20% complete for P14052_114_R1-trim.fastq.gz
Approx 20% complete for P14052_107_R1-trim.fastq.gz
Approx 20% complete for P14052_108_R1-trim.fastq.gz
Approx 20% complete for P14052_113_R1-trim.fastq.gz
Approx 20% complete for P14052_101_R1-trim.fastq.gz
Approx 20% complete for P14052_115_R1-trim.fastq.gz
Approx 20% complete for P14052_117_R1-trim.fastq.gz
Approx 20% complete for P14052_102_R1-trim.fastq.gz
Approx 30% complete for P14052_109_R1-trim.fastq.gz
Approx 25% complete for P14052_116_R1-trim.fastq.gz
Approx 25% complete for P14052_114_R1-trim.fastq.gz
Approx 25% complete for P14052_108_R1-trim.fastq.gz
Approx 25% complete for P14052_107_R1-trim.fastq.gz
Approx 25% complete for P14052_113_R1-trim.fastq.gz
Approx 25% complete for P14052_115_R1-trim.fastq.gz
Approx 35% complete for P14052_109_R1-trim.fastq.gz
Approx 25% complete for P14052_101_R1-trim.fastq.gz
Approx 25% complete for P14052_117_R1-trim.fastq.gz
Approx 30% complete for P14052_116_R1-trim.fastq.gz
Approx 30% complete for P14052_114_R1-trim.fastq.gz
Approx 25% complete for P14052_102_R1-trim.fastq.gz
Approx 30% complete for P14052_108_R1-trim.fastq.gz
Approx 30% complete for P14052_107_R1-trim.fastq.gz
Approx 30% complete for P14052_113_R1-trim.fastq.gz
Approx 40% complete for P14052_109_R1-trim.fastq.gz
Approx 30% complete for P14052_115_R1-trim.fastq.gz
Approx 35% complete for P14052_116_R1-trim.fastq.gz
Approx 30% complete for P14052_117_R1-trim.fastq.gz
Approx 30% complete for P14052_101_R1-trim.fastq.gz
Approx 35% complete for P14052_114_R1-trim.fastq.gz
Approx 35% complete for P14052_108_R1-trim.fastq.gz
Approx 30% complete for P14052_102_R1-trim.fastq.gz
Approx 35% complete for P14052_107_R1-trim.fastq.gz
Approx 45% complete for P14052_109_R1-trim.fastq.gz
Approx 35% complete for P14052_113_R1-trim.fastq.gz
Approx 40% complete for P14052_116_R1-trim.fastq.gz
Approx 35% complete for P14052_115_R1-trim.fastq.gz
Approx 35% complete for P14052_117_R1-trim.fastq.gz
Approx 35% complete for P14052_101_R1-trim.fastq.gz
Approx 40% complete for P14052_114_R1-trim.fastq.gz
Approx 50% complete for P14052_109_R1-trim.fastq.gz
Approx 40% complete for P14052_108_R1-trim.fastq.gz
Approx 40% complete for P14052_107_R1-trim.fastq.gz
Approx 35% complete for P14052_102_R1-trim.fastq.gz
Approx 40% complete for P14052_113_R1-trim.fastq.gz
Approx 45% complete for P14052_116_R1-trim.fastq.gz
Approx 55% complete for P14052_109_R1-trim.fastq.gz
Approx 45% complete for P14052_114_R1-trim.fastq.gz
Approx 40% complete for P14052_117_R1-trim.fastq.gz
Approx 40% complete for P14052_115_R1-trim.fastq.gz
Approx 40% complete for P14052_101_R1-trim.fastq.gz
Approx 45% complete for P14052_108_R1-trim.fastq.gz
Approx 45% complete for P14052_107_R1-trim.fastq.gz
Approx 40% complete for P14052_102_R1-trim.fastq.gz
Approx 45% complete for P14052_113_R1-trim.fastq.gz
Approx 60% complete for P14052_109_R1-trim.fastq.gz
Approx 50% complete for P14052_116_R1-trim.fastq.gz
Approx 50% complete for P14052_114_R1-trim.fastq.gz
Approx 45% complete for P14052_117_R1-trim.fastq.gz
Approx 45% complete for P14052_115_R1-trim.fastq.gz
Approx 50% complete for P14052_107_R1-trim.fastq.gz
Approx 45% complete for P14052_101_R1-trim.fastq.gz
Approx 50% complete for P14052_108_R1-trim.fastq.gz
Approx 65% complete for P14052_109_R1-trim.fastq.gz
Approx 50% complete for P14052_113_R1-trim.fastq.gz
Approx 45% complete for P14052_102_R1-trim.fastq.gz
Approx 55% complete for P14052_116_R1-trim.fastq.gz
Approx 55% complete for P14052_114_R1-trim.fastq.gz
Approx 55% complete for P14052_107_R1-trim.fastq.gz
Approx 55% complete for P14052_108_R1-trim.fastq.gz
Approx 50% complete for P14052_117_R1-trim.fastq.gz
Approx 50% complete for P14052_115_R1-trim.fastq.gz
Approx 70% complete for P14052_109_R1-trim.fastq.gz
Approx 50% complete for P14052_101_R1-trim.fastq.gz
Approx 60% complete for P14052_116_R1-trim.fastq.gz
Approx 55% complete for P14052_113_R1-trim.fastq.gz
Approx 50% complete for P14052_102_R1-trim.fastq.gz
Approx 75% complete for P14052_109_R1-trim.fastq.gz
Approx 60% complete for P14052_114_R1-trim.fastq.gz
Approx 60% complete for P14052_107_R1-trim.fastq.gz
Approx 60% complete for P14052_108_R1-trim.fastq.gz
Approx 55% complete for P14052_117_R1-trim.fastq.gz
Approx 55% complete for P14052_115_R1-trim.fastq.gz
Approx 65% complete for P14052_116_R1-trim.fastq.gz
Approx 55% complete for P14052_101_R1-trim.fastq.gz
Approx 60% complete for P14052_113_R1-trim.fastq.gz
Approx 80% complete for P14052_109_R1-trim.fastq.gz
Approx 55% complete for P14052_102_R1-trim.fastq.gz
Approx 65% complete for P14052_107_R1-trim.fastq.gz
Approx 65% complete for P14052_114_R1-trim.fastq.gz
Approx 65% complete for P14052_108_R1-trim.fastq.gz
Approx 60% complete for P14052_115_R1-trim.fastq.gz
Approx 70% complete for P14052_116_R1-trim.fastq.gz
Approx 60% complete for P14052_117_R1-trim.fastq.gz
Approx 85% complete for P14052_109_R1-trim.fastq.gz
Approx 60% complete for P14052_101_R1-trim.fastq.gz
Approx 65% complete for P14052_113_R1-trim.fastq.gz
Approx 70% complete for P14052_107_R1-trim.fastq.gz
Approx 70% complete for P14052_108_R1-trim.fastq.gz
Approx 60% complete for P14052_102_R1-trim.fastq.gz
Approx 70% complete for P14052_114_R1-trim.fastq.gz
Approx 75% complete for P14052_116_R1-trim.fastq.gz
Approx 65% complete for P14052_115_R1-trim.fastq.gz
Approx 90% complete for P14052_109_R1-trim.fastq.gz
Approx 65% complete for P14052_117_R1-trim.fastq.gz
Approx 65% complete for P14052_101_R1-trim.fastq.gz
Approx 75% complete for P14052_107_R1-trim.fastq.gz
Approx 70% complete for P14052_113_R1-trim.fastq.gz
Approx 75% complete for P14052_108_R1-trim.fastq.gz
Approx 80% complete for P14052_116_R1-trim.fastq.gz
Approx 75% complete for P14052_114_R1-trim.fastq.gz
Approx 95% complete for P14052_109_R1-trim.fastq.gz
Approx 65% complete for P14052_102_R1-trim.fastq.gz
Approx 70% complete for P14052_115_R1-trim.fastq.gz
Approx 70% complete for P14052_117_R1-trim.fastq.gz
Approx 80% complete for P14052_107_R1-trim.fastq.gz
Approx 75% complete for P14052_113_R1-trim.fastq.gz
Approx 70% complete for P14052_101_R1-trim.fastq.gz
Approx 85% complete for P14052_116_R1-trim.fastq.gz
Approx 80% complete for P14052_108_R1-trim.fastq.gz
Approx 80% complete for P14052_114_R1-trim.fastq.gz
Started analysis of P14052_118_R1-trim.fastq.gz
Approx 75% complete for P14052_115_R1-trim.fastq.gz
Approx 70% complete for P14052_102_R1-trim.fastq.gz
Approx 85% complete for P14052_107_R1-trim.fastq.gz
Approx 75% complete for P14052_117_R1-trim.fastq.gz
Approx 90% complete for P14052_116_R1-trim.fastq.gz
Approx 80% complete for P14052_113_R1-trim.fastq.gz
Approx 75% complete for P14052_101_R1-trim.fastq.gz
Approx 85% complete for P14052_108_R1-trim.fastq.gz
Approx 85% complete for P14052_114_R1-trim.fastq.gz
Approx 5% complete for P14052_118_R1-trim.fastq.gz
Approx 80% complete for P14052_115_R1-trim.fastq.gz
Approx 75% complete for P14052_102_R1-trim.fastq.gz
Approx 90% complete for P14052_107_R1-trim.fastq.gz
Approx 80% complete for P14052_117_R1-trim.fastq.gz
Approx 95% complete for P14052_116_R1-trim.fastq.gz
Approx 85% complete for P14052_113_R1-trim.fastq.gz
Approx 90% complete for P14052_108_R1-trim.fastq.gz
Approx 80% complete for P14052_101_R1-trim.fastq.gz
Approx 90% complete for P14052_114_R1-trim.fastq.gz
Approx 10% complete for P14052_118_R1-trim.fastq.gz
Approx 85% complete for P14052_115_R1-trim.fastq.gz
Approx 95% complete for P14052_107_R1-trim.fastq.gz
Approx 80% complete for P14052_102_R1-trim.fastq.gz
Approx 85% complete for P14052_117_R1-trim.fastq.gz
Started analysis of P14052_119_R1-trim.fastq.gz
Approx 90% complete for P14052_113_R1-trim.fastq.gz
Approx 95% complete for P14052_108_R1-trim.fastq.gz
Approx 85% complete for P14052_101_R1-trim.fastq.gz
Approx 95% complete for P14052_114_R1-trim.fastq.gz
Approx 15% complete for P14052_118_R1-trim.fastq.gz
Approx 90% complete for P14052_115_R1-trim.fastq.gz
Started analysis of P14052_120_R1-trim.fastq.gz
Approx 85% complete for P14052_102_R1-trim.fastq.gz
Approx 90% complete for P14052_117_R1-trim.fastq.gz
Approx 95% complete for P14052_113_R1-trim.fastq.gz
Approx 5% complete for P14052_119_R1-trim.fastq.gz
Started analysis of P14052_121_R1-trim.fastq.gz
Approx 90% complete for P14052_101_R1-trim.fastq.gz
Started analysis of P14052_122_R1-trim.fastq.gz
Approx 20% complete for P14052_118_R1-trim.fastq.gz
Approx 95% complete for P14052_115_R1-trim.fastq.gz
Approx 5% complete for P14052_120_R1-trim.fastq.gz
Approx 95% complete for P14052_117_R1-trim.fastq.gz
Approx 90% complete for P14052_102_R1-trim.fastq.gz
Approx 10% complete for P14052_119_R1-trim.fastq.gz
Started analysis of P14052_123_R1-trim.fastq.gz
Approx 5% complete for P14052_121_R1-trim.fastq.gz
Approx 95% complete for P14052_101_R1-trim.fastq.gz
Approx 25% complete for P14052_118_R1-trim.fastq.gz
Approx 5% complete for P14052_122_R1-trim.fastq.gz
Started analysis of P14052_124_R1-trim.fastq.gz
Approx 10% complete for P14052_120_R1-trim.fastq.gz
Started analysis of P14052_125_R1-trim.fastq.gz
Approx 95% complete for P14052_102_R1-trim.fastq.gz
Approx 15% complete for P14052_119_R1-trim.fastq.gz
Approx 5% complete for P14052_123_R1-trim.fastq.gz
Approx 10% complete for P14052_121_R1-trim.fastq.gz
Approx 30% complete for P14052_118_R1-trim.fastq.gz
Started analysis of P14052_126_R1-trim.fastq.gz
Approx 10% complete for P14052_122_R1-trim.fastq.gz
Approx 15% complete for P14052_120_R1-trim.fastq.gz
Approx 5% complete for P14052_124_R1-trim.fastq.gz
Approx 20% complete for P14052_119_R1-trim.fastq.gz
Started analysis of P14052_127_R1-trim.fastq.gz
Approx 15% complete for P14052_121_R1-trim.fastq.gz
Approx 35% complete for P14052_118_R1-trim.fastq.gz
Approx 10% complete for P14052_123_R1-trim.fastq.gz
Approx 5% complete for P14052_125_R1-trim.fastq.gz
Approx 5% complete for P14052_126_R1-trim.fastq.gz
Approx 15% complete for P14052_122_R1-trim.fastq.gz
Approx 20% complete for P14052_120_R1-trim.fastq.gz
Approx 10% complete for P14052_124_R1-trim.fastq.gz
Approx 25% complete for P14052_119_R1-trim.fastq.gz
Approx 5% complete for P14052_127_R1-trim.fastq.gz
Approx 40% complete for P14052_118_R1-trim.fastq.gz
Approx 20% complete for P14052_121_R1-trim.fastq.gz
Approx 10% complete for P14052_126_R1-trim.fastq.gz
Approx 15% complete for P14052_123_R1-trim.fastq.gz
Approx 20% complete for P14052_122_R1-trim.fastq.gz
Approx 25% complete for P14052_120_R1-trim.fastq.gz
Approx 30% complete for P14052_119_R1-trim.fastq.gz
Approx 10% complete for P14052_125_R1-trim.fastq.gz
Approx 15% complete for P14052_124_R1-trim.fastq.gz
Approx 45% complete for P14052_118_R1-trim.fastq.gz
Approx 10% complete for P14052_127_R1-trim.fastq.gz
Approx 25% complete for P14052_121_R1-trim.fastq.gz
Approx 15% complete for P14052_126_R1-trim.fastq.gz
Approx 30% complete for P14052_120_R1-trim.fastq.gz
Approx 35% complete for P14052_119_R1-trim.fastq.gz
Approx 20% complete for P14052_123_R1-trim.fastq.gz
Approx 25% complete for P14052_122_R1-trim.fastq.gz
Approx 50% complete for P14052_118_R1-trim.fastq.gz
Approx 20% complete for P14052_124_R1-trim.fastq.gz
Approx 15% complete for P14052_127_R1-trim.fastq.gz
Approx 15% complete for P14052_125_R1-trim.fastq.gz
Approx 30% complete for P14052_121_R1-trim.fastq.gz
Approx 40% complete for P14052_119_R1-trim.fastq.gz
Approx 35% complete for P14052_120_R1-trim.fastq.gz
Approx 20% complete for P14052_126_R1-trim.fastq.gz
Approx 55% complete for P14052_118_R1-trim.fastq.gz
Approx 30% complete for P14052_122_R1-trim.fastq.gz
Approx 25% complete for P14052_123_R1-trim.fastq.gz
Approx 25% complete for P14052_124_R1-trim.fastq.gz
Approx 20% complete for P14052_127_R1-trim.fastq.gz
Approx 35% complete for P14052_121_R1-trim.fastq.gz
Approx 45% complete for P14052_119_R1-trim.fastq.gz
Approx 40% complete for P14052_120_R1-trim.fastq.gz
Approx 60% complete for P14052_118_R1-trim.fastq.gz
Approx 20% complete for P14052_125_R1-trim.fastq.gz
Approx 25% complete for P14052_126_R1-trim.fastq.gz
Approx 35% complete for P14052_122_R1-trim.fastq.gz
Approx 30% complete for P14052_124_R1-trim.fastq.gz
Approx 30% complete for P14052_123_R1-trim.fastq.gz
Approx 25% complete for P14052_127_R1-trim.fastq.gz
Approx 40% complete for P14052_121_R1-trim.fastq.gz
Approx 50% complete for P14052_119_R1-trim.fastq.gz
Approx 65% complete for P14052_118_R1-trim.fastq.gz
Approx 45% complete for P14052_120_R1-trim.fastq.gz
Approx 30% complete for P14052_126_R1-trim.fastq.gz
Approx 25% complete for P14052_125_R1-trim.fastq.gz
Approx 40% complete for P14052_122_R1-trim.fastq.gz
Approx 35% complete for P14052_124_R1-trim.fastq.gz
Approx 55% complete for P14052_119_R1-trim.fastq.gz
Approx 30% complete for P14052_127_R1-trim.fastq.gz
Approx 70% complete for P14052_118_R1-trim.fastq.gz
Approx 45% complete for P14052_121_R1-trim.fastq.gz
Approx 35% complete for P14052_123_R1-trim.fastq.gz
Approx 50% complete for P14052_120_R1-trim.fastq.gz
Approx 35% complete for P14052_126_R1-trim.fastq.gz
Approx 60% complete for P14052_119_R1-trim.fastq.gz
Approx 75% complete for P14052_118_R1-trim.fastq.gz
Approx 40% complete for P14052_124_R1-trim.fastq.gz
Approx 45% complete for P14052_122_R1-trim.fastq.gz
Approx 35% complete for P14052_127_R1-trim.fastq.gz
Approx 55% complete for P14052_120_R1-trim.fastq.gz
Approx 50% complete for P14052_121_R1-trim.fastq.gz
Approx 30% complete for P14052_125_R1-trim.fastq.gz
Approx 40% complete for P14052_123_R1-trim.fastq.gz
Approx 40% complete for P14052_126_R1-trim.fastq.gz
Approx 65% complete for P14052_119_R1-trim.fastq.gz
Approx 80% complete for P14052_118_R1-trim.fastq.gz
Approx 45% complete for P14052_124_R1-trim.fastq.gz
Approx 50% complete for P14052_122_R1-trim.fastq.gz
Approx 40% complete for P14052_127_R1-trim.fastq.gz
Approx 60% complete for P14052_120_R1-trim.fastq.gz
Approx 55% complete for P14052_121_R1-trim.fastq.gz
Approx 45% complete for P14052_123_R1-trim.fastq.gz
Approx 35% complete for P14052_125_R1-trim.fastq.gz
Approx 70% complete for P14052_119_R1-trim.fastq.gz
Approx 85% complete for P14052_118_R1-trim.fastq.gz
Approx 45% complete for P14052_126_R1-trim.fastq.gz
Approx 50% complete for P14052_124_R1-trim.fastq.gz
Approx 65% complete for P14052_120_R1-trim.fastq.gz
Approx 45% complete for P14052_127_R1-trim.fastq.gz
Approx 60% complete for P14052_121_R1-trim.fastq.gz
Approx 55% complete for P14052_122_R1-trim.fastq.gz
Approx 90% complete for P14052_118_R1-trim.fastq.gz
Approx 75% complete for P14052_119_R1-trim.fastq.gz
Approx 50% complete for P14052_123_R1-trim.fastq.gz
Approx 50% complete for P14052_126_R1-trim.fastq.gz
Approx 70% complete for P14052_120_R1-trim.fastq.gz
Approx 55% complete for P14052_124_R1-trim.fastq.gz
Approx 50% complete for P14052_127_R1-trim.fastq.gz
Approx 65% complete for P14052_121_R1-trim.fastq.gz
Approx 40% complete for P14052_125_R1-trim.fastq.gz
Approx 60% complete for P14052_122_R1-trim.fastq.gz
Approx 95% complete for P14052_118_R1-trim.fastq.gz
Approx 80% complete for P14052_119_R1-trim.fastq.gz
Approx 55% complete for P14052_126_R1-trim.fastq.gz
Approx 55% complete for P14052_123_R1-trim.fastq.gz
Approx 75% complete for P14052_120_R1-trim.fastq.gz
Approx 55% complete for P14052_127_R1-trim.fastq.gz
Approx 70% complete for P14052_121_R1-trim.fastq.gz
Approx 60% complete for P14052_124_R1-trim.fastq.gz
Approx 65% complete for P14052_122_R1-trim.fastq.gz
Approx 85% complete for P14052_119_R1-trim.fastq.gz
Approx 45% complete for P14052_125_R1-trim.fastq.gz
Approx 60% complete for P14052_126_R1-trim.fastq.gz
Approx 80% complete for P14052_120_R1-trim.fastq.gz
Approx 60% complete for P14052_127_R1-trim.fastq.gz
Approx 60% complete for P14052_123_R1-trim.fastq.gz
Approx 75% complete for P14052_121_R1-trim.fastq.gz
Approx 65% complete for P14052_124_R1-trim.fastq.gz
Approx 70% complete for P14052_122_R1-trim.fastq.gz
Approx 90% complete for P14052_119_R1-trim.fastq.gz
Approx 65% complete for P14052_126_R1-trim.fastq.gz
Approx 85% complete for P14052_120_R1-trim.fastq.gz
Approx 65% complete for P14052_127_R1-trim.fastq.gz
Approx 80% complete for P14052_121_R1-trim.fastq.gz
Approx 70% complete for P14052_124_R1-trim.fastq.gz
Approx 50% complete for P14052_125_R1-trim.fastq.gz
Approx 65% complete for P14052_123_R1-trim.fastq.gz
Approx 75% complete for P14052_122_R1-trim.fastq.gz
Approx 95% complete for P14052_119_R1-trim.fastq.gz
Approx 70% complete for P14052_126_R1-trim.fastq.gz
Approx 90% complete for P14052_120_R1-trim.fastq.gz
Approx 70% complete for P14052_127_R1-trim.fastq.gz
Approx 85% complete for P14052_121_R1-trim.fastq.gz
Approx 75% complete for P14052_124_R1-trim.fastq.gz
Approx 70% complete for P14052_123_R1-trim.fastq.gz
Approx 80% complete for P14052_122_R1-trim.fastq.gz
Approx 55% complete for P14052_125_R1-trim.fastq.gz
Approx 75% complete for P14052_126_R1-trim.fastq.gz
Approx 95% complete for P14052_120_R1-trim.fastq.gz
Approx 75% complete for P14052_127_R1-trim.fastq.gz
Approx 90% complete for P14052_121_R1-trim.fastq.gz
Approx 80% complete for P14052_124_R1-trim.fastq.gz
Approx 85% complete for P14052_122_R1-trim.fastq.gz
Approx 75% complete for P14052_123_R1-trim.fastq.gz
Approx 80% complete for P14052_126_R1-trim.fastq.gz
Approx 80% complete for P14052_127_R1-trim.fastq.gz
Approx 95% complete for P14052_121_R1-trim.fastq.gz
Approx 85% complete for P14052_124_R1-trim.fastq.gz
Approx 60% complete for P14052_125_R1-trim.fastq.gz
Approx 90% complete for P14052_122_R1-trim.fastq.gz
Approx 80% complete for P14052_123_R1-trim.fastq.gz
Approx 85% complete for P14052_126_R1-trim.fastq.gz
Approx 85% complete for P14052_127_R1-trim.fastq.gz
Approx 90% complete for P14052_124_R1-trim.fastq.gz
Approx 65% complete for P14052_125_R1-trim.fastq.gz
Approx 95% complete for P14052_122_R1-trim.fastq.gz
Approx 85% complete for P14052_123_R1-trim.fastq.gz
Approx 90% complete for P14052_127_R1-trim.fastq.gz
Approx 90% complete for P14052_126_R1-trim.fastq.gz
Approx 95% complete for P14052_124_R1-trim.fastq.gz
Approx 95% complete for P14052_127_R1-trim.fastq.gz
Approx 95% complete for P14052_126_R1-trim.fastq.gz
Approx 90% complete for P14052_123_R1-trim.fastq.gz
Approx 70% complete for P14052_125_R1-trim.fastq.gz
Approx 95% complete for P14052_123_R1-trim.fastq.gz
Approx 75% complete for P14052_125_R1-trim.fastq.gz
Approx 80% complete for P14052_125_R1-trim.fastq.gz
Approx 85% complete for P14052_125_R1-trim.fastq.gz
Approx 90% complete for P14052_125_R1-trim.fastq.gz
Approx 95% complete for P14052_125_R1-trim.fastq.gz

  /// MultiQC 🔍 | v1.12

|           multiqc | MultiQC Version v1.21 now available!
|           multiqc | Report title: TRIMMED P14052_R1 FastQC report
|           multiqc | Search path : /crex/proj/snic2020-6-222/Projects/Tconura/working/Andre/CONURA_WGS/01-QC/fastqc_trim/fastqc_trim_R1_P14052
|            fastqc | Found 20 reports
|           multiqc | Compressing plot data
|           multiqc | Report      : 01-QC/multiqc_trim/multiqc_trim_R1_P14052/TRIMMED-P14052_R1-FastQC-report_multiqc_report.html
|           multiqc | Data        : 01-QC/multiqc_trim/multiqc_trim_R1_P14052/TRIMMED-P14052_R1-FastQC-report_multiqc_report_data
|           multiqc | MultiQC complete
