Fri Apr 12 08:36:56 CEST 2024       [Start]
Generating reports for: P12002 R2
Analysis complete for P12002_106_R2-trim.fastq.gz
Analysis complete for P12002_108_R2-trim.fastq.gz
Analysis complete for P12002_103_R2-trim.fastq.gz
Analysis complete for P12002_102_R2-trim.fastq.gz
Analysis complete for P12002_104_R2-trim.fastq.gz
Analysis complete for P12002_107_R2-trim.fastq.gz
Analysis complete for P12002_105_R2-trim.fastq.gz
Analysis complete for P12002_109_R2-trim.fastq.gz
Analysis complete for P12002_110_R2-trim.fastq.gz
Analysis complete for P12002_101_R2-trim.fastq.gz
Analysis complete for P12002_111_R2-trim.fastq.gz
Analysis complete for P12002_112_R2-trim.fastq.gz
Analysis complete for P12002_121_R2-trim.fastq.gz
Analysis complete for P12002_114_R2-trim.fastq.gz
Analysis complete for P12002_113_R2-trim.fastq.gz
Analysis complete for P12002_117_R2-trim.fastq.gz
Analysis complete for P12002_115_R2-trim.fastq.gz
Analysis complete for P12002_116_R2-trim.fastq.gz
Analysis complete for P12002_119_R2-trim.fastq.gz
Analysis complete for P12002_122_R2-trim.fastq.gz
Analysis complete for P12002_126_R2-trim.fastq.gz
Analysis complete for P12002_123_R2-trim.fastq.gz
Analysis complete for P12002_129_R2-trim.fastq.gz
Analysis complete for P12002_125_R2-trim.fastq.gz
Analysis complete for P12002_130_R2-trim.fastq.gz
Analysis complete for P12002_128_R2-trim.fastq.gz
Analysis complete for P12002_131_R2-trim.fastq.gz
Analysis complete for P12002_132_R2-trim.fastq.gz
Analysis complete for P12002_135_R2-trim.fastq.gz
Analysis complete for P12002_134_R2-trim.fastq.gz
Analysis complete for P12002_136_R2-trim.fastq.gz
Analysis complete for P12002_133_R2-trim.fastq.gz
Analysis complete for P12002_137_R2-trim.fastq.gz
Analysis complete for P12002_138_R2-trim.fastq.gz
Analysis complete for P12002_141_R2-trim.fastq.gz
Analysis complete for P12002_140_R2-trim.fastq.gz
Analysis complete for P12002_139_R2-trim.fastq.gz
Analysis complete for P12002_142_R2-trim.fastq.gz
Analysis complete for P12002_143_R2-trim.fastq.gz
Analysis complete for P12002_144_R2-trim.fastq.gz
Analysis complete for P12002_145_R2-trim.fastq.gz
Analysis complete for P12002_146_R2-trim.fastq.gz
Analysis complete for P12002_148_R2-trim.fastq.gz
Analysis complete for P12002_152_R2-trim.fastq.gz
Analysis complete for P12002_150_R2-trim.fastq.gz
Analysis complete for P12002_147_R2-trim.fastq.gz
Analysis complete for P12002_149_R2-trim.fastq.gz
Analysis complete for P12002_153_R2-trim.fastq.gz
Analysis complete for P12002_156_R2-trim.fastq.gz
Analysis complete for P12002_154_R2-trim.fastq.gz
Analysis complete for P12002_155_R2-trim.fastq.gz
Analysis complete for P12002_157_R2-trim.fastq.gz
Analysis complete for P12002_159_R2-trim.fastq.gz
Analysis complete for P12002_158_R2-trim.fastq.gz
Analysis complete for P12002_160_R2-trim.fastq.gz
Analysis complete for P12002_162_R2-trim.fastq.gz
Analysis complete for P12002_161_R2-trim.fastq.gz
Analysis complete for P12002_163_R2-trim.fastq.gz
Analysis complete for P12002_165_R2-trim.fastq.gz
Analysis complete for P12002_164_R2-trim.fastq.gz
Analysis complete for P12002_166_R2-trim.fastq.gz
Analysis complete for P12002_169_R2-trim.fastq.gz
Analysis complete for P12002_167_R2-trim.fastq.gz
Analysis complete for P12002_170_R2-trim.fastq.gz
Analysis complete for P12002_168_R2-trim.fastq.gz
Analysis complete for P12002_172_R2-trim.fastq.gz
Analysis complete for P12002_171_R2-trim.fastq.gz
Analysis complete for P12002_173_R2-trim.fastq.gz
Analysis complete for P12002_177_R2-trim.fastq.gz
Analysis complete for P12002_174_R2-trim.fastq.gz
Analysis complete for P12002_175_R2-trim.fastq.gz
Analysis complete for P12002_178_R2-trim.fastq.gz
Analysis complete for P12002_176_R2-trim.fastq.gz
Analysis complete for P12002_180_R2-trim.fastq.gz
Analysis complete for P12002_179_R2-trim.fastq.gz
Analysis complete for P12002_181_R2-trim.fastq.gz
Analysis complete for P12002_182_R2-trim.fastq.gz
Analysis complete for P12002_183_R2-trim.fastq.gz
Analysis complete for P12002_184_R2-trim.fastq.gz
Analysis complete for P12002_186_R2-trim.fastq.gz
Analysis complete for P12002_185_R2-trim.fastq.gz
Analysis complete for P12002_190_R2-trim.fastq.gz
Analysis complete for P12002_187_R2-trim.fastq.gz
Analysis complete for P12002_189_R2-trim.fastq.gz
Analysis complete for P12002_188_R2-trim.fastq.gz
Analysis complete for P12002_192_R2-trim.fastq.gz
Analysis complete for P12002_191_R2-trim.fastq.gz
Analysis complete for P12002_194_R2-trim.fastq.gz
Analysis complete for P12002_193_R2-trim.fastq.gz
Analysis complete for P12002_195_R2-trim.fastq.gz
Analysis complete for P12002_196_R2-trim.fastq.gz
Analysis complete for P12002_201_R2-trim.fastq.gz
Analysis complete for P12002_202_R2-trim.fastq.gz
Analysis complete for P12002_204_R2-trim.fastq.gz
Analysis complete for P12002_203_R2-trim.fastq.gz
Fri Apr 12 09:48:28 CEST 2024       [FastQC Complete]
|         searching | ━━━━━━━━━━━━━━━━━━━━━━━━━━━━━━━━━━━━━━━━ 100% 190/190  
Fri Apr 12 09:49:39 CEST 2024       [End]
Finished generating reports for: P12002 R2
