Fri Apr 12 08:36:56 CEST 2024       [Start]
Generating reports for: P14052 R1
Analysis complete for P14052_109_R1-trim.fastq.gz
Analysis complete for P14052_116_R1-trim.fastq.gz
Analysis complete for P14052_107_R1-trim.fastq.gz
Analysis complete for P14052_108_R1-trim.fastq.gz
Analysis complete for P14052_114_R1-trim.fastq.gz
Analysis complete for P14052_113_R1-trim.fastq.gz
Analysis complete for P14052_115_R1-trim.fastq.gz
Analysis complete for P14052_117_R1-trim.fastq.gz
Analysis complete for P14052_101_R1-trim.fastq.gz
Analysis complete for P14052_102_R1-trim.fastq.gz
Analysis complete for P14052_118_R1-trim.fastq.gz
Analysis complete for P14052_119_R1-trim.fastq.gz
Analysis complete for P14052_120_R1-trim.fastq.gz
Analysis complete for P14052_121_R1-trim.fastq.gz
Analysis complete for P14052_122_R1-trim.fastq.gz
Analysis complete for P14052_124_R1-trim.fastq.gz
Analysis complete for P14052_127_R1-trim.fastq.gz
Analysis complete for P14052_126_R1-trim.fastq.gz
Analysis complete for P14052_123_R1-trim.fastq.gz
Analysis complete for P14052_125_R1-trim.fastq.gz
Fri Apr 12 09:02:05 CEST 2024       [FastQC Complete]
|         searching | ━━━━━━━━━━━━━━━━━━━━━━━━━━━━━━━━━━━━━━━━ 100% 40/40  
Fri Apr 12 09:02:50 CEST 2024       [End]
Finished generating reports for: P14052 R1
