[2024-04-05 11:18:09,198] multiqc                                            [DEBUG  ]  This is MultiQC v1.12
[2024-04-05 11:18:09,199] multiqc                                            [DEBUG  ]  No MultiQC config found: /sw/bioinfo/MultiQC/1.12/rackham/lib/python3.8/site-packages/multiqc_config.yaml
[2024-04-05 11:18:09,200] multiqc                                            [DEBUG  ]  No MultiQC config found: /home/andbou/.multiqc_config.yaml
[2024-04-05 11:18:09,200] multiqc                                            [DEBUG  ]  No MultiQC config found: multiqc_config.yaml
[2024-04-05 11:18:09,200] multiqc                                            [DEBUG  ]  Command used: /sw/bioinfo/MultiQC/1.12/rackham/bin/multiqc 01-QC/fastqc_raw_R1_P14052 --outdir 01-QC/multiqc_raw_R1_P14052 --profile-runtime
[2024-04-05 11:18:09,754] multiqc                                            [WARNING]  MultiQC Version v1.21 now available!
[2024-04-05 11:18:09,754] multiqc                                            [DEBUG  ]  Command     : /sw/bioinfo/MultiQC/1.12/rackham/bin/multiqc 01-QC/fastqc_raw_R1_P14052 --outdir 01-QC/multiqc_raw_R1_P14052 --profile-runtime
[2024-04-05 11:18:09,754] multiqc                                            [DEBUG  ]  Working dir : /crex/proj/snic2020-6-222/Projects/Tconura/working/Andre/CONURA_WGS
[2024-04-05 11:18:09,754] multiqc                                            [DEBUG  ]  Template    : default
[2024-04-05 11:18:09,754] multiqc                                            [DEBUG  ]  Running Python 3.8.7 (default, Feb  1 2021, 11:54:01)  [GCC 8.3.0]
[2024-04-05 11:18:09,755] multiqc                                            [DEBUG  ]  Analysing modules: custom_content, ccs, ngsderive, purple, conpair, lima, peddy, somalier, methylQA, mosdepth, phantompeakqualtools, qualimap, preseq, quast, qorts, rna_seqc, rockhopper, rsem, rseqc, busco, bustools, goleft_indexcov, gffcompare, disambiguate, supernova, deeptools, sargasso, verifybamid, mirtrace, happy, mirtop, sambamba, homer, hops, macs2, theta2, snpeff, gatk, htseq, bcftools, featureCounts, fgbio, dragen, dedup, pbmarkdup, damageprofiler, biobambam2, jcvi, mtnucratio, picard, vep, sentieon, prokka, qc3C, nanostat, samblaster, samtools, sexdeterrmine, eigenstratdatabasetools, bamtools, jellyfish, vcftools, longranger, stacks, varscan2, snippy, bbmap, bismark, biscuit, hicexplorer, hicup, hicpro, salmon, kallisto, slamdunk, star, hisat2, tophat, bowtie2, bowtie1, snpsplit, odgi, pangolin, kat, leehom, adapterRemoval, clipandmerge, cutadapt, flexbar, kaiju, kraken, malt, trimmomatic, sickle, skewer, sortmerna, biobloomtools, fastq_screen, afterqc, fastp, fastqc, pychopper, pycoqc, minionqc, multivcfanalyzer, clusterflow, checkqc, bcl2fastq, bclconvert, interop, ivar, flash, seqyclean, optitype, whatshap
[2024-04-05 11:18:09,755] multiqc                                            [DEBUG  ]  Using temporary directory for creating report: /scratch/46269431/tmp25lm5q76
[2024-04-05 11:18:09,958] multiqc                                            [INFO   ]  Search path : /crex/proj/snic2020-6-222/Projects/Tconura/working/Andre/CONURA_WGS/01-QC/fastqc_raw_R1_P14052
[2024-04-05 11:18:10,021] multiqc                                            [DEBUG  ]  File ignored by ccs/v4 because it exceeded search pattern filesize limit: P14052_124_R1_fastqc.html
[2024-04-05 11:18:10,031] multiqc                                            [DEBUG  ]  File ignored by hicexplorer because it exceeded search pattern filesize limit: P14052_124_R1_fastqc.html
[2024-04-05 11:18:10,032] multiqc                                            [DEBUG  ]  File ignored by lima/summary because it exceeded search pattern filesize limit: P14052_124_R1_fastqc.html
[2024-04-05 11:18:10,052] multiqc                                            [DEBUG  ]  File ignored by vep/vep_txt because it exceeded search pattern filesize limit: P14052_124_R1_fastqc.html
[2024-04-05 11:18:10,053] multiqc                                            [DEBUG  ]  File ignored by longranger/invocation because it exceeded search pattern filesize limit: P14052_124_R1_fastqc.html
[2024-04-05 11:18:10,132] multiqc                                            [DEBUG  ]  File ignored by nanostat because it exceeded search pattern filesize limit: P14052_124_R1_fastqc.html
[2024-04-05 11:18:10,152] multiqc                                            [DEBUG  ]  File ignored by ccs/v4 because it exceeded search pattern filesize limit: P14052_125_R1_fastqc.html
[2024-04-05 11:18:10,160] multiqc                                            [DEBUG  ]  File ignored by hicexplorer because it exceeded search pattern filesize limit: P14052_125_R1_fastqc.html
[2024-04-05 11:18:10,160] multiqc                                            [DEBUG  ]  File ignored by lima/summary because it exceeded search pattern filesize limit: P14052_125_R1_fastqc.html
[2024-04-05 11:18:10,173] multiqc                                            [DEBUG  ]  File ignored by vep/vep_txt because it exceeded search pattern filesize limit: P14052_125_R1_fastqc.html
[2024-04-05 11:18:10,174] multiqc                                            [DEBUG  ]  File ignored by longranger/invocation because it exceeded search pattern filesize limit: P14052_125_R1_fastqc.html
[2024-04-05 11:18:10,236] multiqc                                            [DEBUG  ]  File ignored by nanostat because it exceeded search pattern filesize limit: P14052_125_R1_fastqc.html
[2024-04-05 11:18:10,262] multiqc                                            [DEBUG  ]  File ignored by ccs/v4 because it exceeded search pattern filesize limit: P14052_105_R1_fastqc.html
[2024-04-05 11:18:10,272] multiqc                                            [DEBUG  ]  File ignored by hicexplorer because it exceeded search pattern filesize limit: P14052_105_R1_fastqc.html
[2024-04-05 11:18:10,273] multiqc                                            [DEBUG  ]  File ignored by lima/summary because it exceeded search pattern filesize limit: P14052_105_R1_fastqc.html
[2024-04-05 11:18:10,290] multiqc                                            [DEBUG  ]  File ignored by vep/vep_txt because it exceeded search pattern filesize limit: P14052_105_R1_fastqc.html
[2024-04-05 11:18:10,290] multiqc                                            [DEBUG  ]  File ignored by longranger/invocation because it exceeded search pattern filesize limit: P14052_105_R1_fastqc.html
[2024-04-05 11:18:10,366] multiqc                                            [DEBUG  ]  File ignored by nanostat because it exceeded search pattern filesize limit: P14052_105_R1_fastqc.html
[2024-04-05 11:18:10,717] multiqc                                            [DEBUG  ]  File ignored by ccs/v4 because it exceeded search pattern filesize limit: P14052_102_R1_fastqc.html
[2024-04-05 11:18:10,727] multiqc                                            [DEBUG  ]  File ignored by hicexplorer because it exceeded search pattern filesize limit: P14052_102_R1_fastqc.html
[2024-04-05 11:18:10,728] multiqc                                            [DEBUG  ]  File ignored by lima/summary because it exceeded search pattern filesize limit: P14052_102_R1_fastqc.html
[2024-04-05 11:18:10,745] multiqc                                            [DEBUG  ]  File ignored by vep/vep_txt because it exceeded search pattern filesize limit: P14052_102_R1_fastqc.html
[2024-04-05 11:18:10,746] multiqc                                            [DEBUG  ]  File ignored by longranger/invocation because it exceeded search pattern filesize limit: P14052_102_R1_fastqc.html
[2024-04-05 11:18:10,829] multiqc                                            [DEBUG  ]  File ignored by nanostat because it exceeded search pattern filesize limit: P14052_102_R1_fastqc.html
[2024-04-05 11:18:10,850] multiqc                                            [DEBUG  ]  File ignored by ccs/v4 because it exceeded search pattern filesize limit: P14052_121_R1_fastqc.html
[2024-04-05 11:18:10,858] multiqc                                            [DEBUG  ]  File ignored by hicexplorer because it exceeded search pattern filesize limit: P14052_121_R1_fastqc.html
[2024-04-05 11:18:10,859] multiqc                                            [DEBUG  ]  File ignored by lima/summary because it exceeded search pattern filesize limit: P14052_121_R1_fastqc.html
[2024-04-05 11:18:10,874] multiqc                                            [DEBUG  ]  File ignored by vep/vep_txt because it exceeded search pattern filesize limit: P14052_121_R1_fastqc.html
[2024-04-05 11:18:10,874] multiqc                                            [DEBUG  ]  File ignored by longranger/invocation because it exceeded search pattern filesize limit: P14052_121_R1_fastqc.html
[2024-04-05 11:18:10,938] multiqc                                            [DEBUG  ]  File ignored by nanostat because it exceeded search pattern filesize limit: P14052_121_R1_fastqc.html
[2024-04-05 11:18:10,958] multiqc                                            [DEBUG  ]  File ignored by ccs/v4 because it exceeded search pattern filesize limit: P14052_110_R1_fastqc.html
[2024-04-05 11:18:10,965] multiqc                                            [DEBUG  ]  File ignored by hicexplorer because it exceeded search pattern filesize limit: P14052_110_R1_fastqc.html
[2024-04-05 11:18:10,965] multiqc                                            [DEBUG  ]  File ignored by lima/summary because it exceeded search pattern filesize limit: P14052_110_R1_fastqc.html
[2024-04-05 11:18:10,979] multiqc                                            [DEBUG  ]  File ignored by vep/vep_txt because it exceeded search pattern filesize limit: P14052_110_R1_fastqc.html
[2024-04-05 11:18:10,980] multiqc                                            [DEBUG  ]  File ignored by longranger/invocation because it exceeded search pattern filesize limit: P14052_110_R1_fastqc.html
[2024-04-05 11:18:11,042] multiqc                                            [DEBUG  ]  File ignored by nanostat because it exceeded search pattern filesize limit: P14052_110_R1_fastqc.html
[2024-04-05 11:18:11,079] multiqc                                            [DEBUG  ]  File ignored by ccs/v4 because it exceeded search pattern filesize limit: P14052_116_R1_fastqc.html
[2024-04-05 11:18:11,086] multiqc                                            [DEBUG  ]  File ignored by hicexplorer because it exceeded search pattern filesize limit: P14052_116_R1_fastqc.html
[2024-04-05 11:18:11,086] multiqc                                            [DEBUG  ]  File ignored by lima/summary because it exceeded search pattern filesize limit: P14052_116_R1_fastqc.html
[2024-04-05 11:18:11,100] multiqc                                            [DEBUG  ]  File ignored by vep/vep_txt because it exceeded search pattern filesize limit: P14052_116_R1_fastqc.html
[2024-04-05 11:18:11,100] multiqc                                            [DEBUG  ]  File ignored by longranger/invocation because it exceeded search pattern filesize limit: P14052_116_R1_fastqc.html
[2024-04-05 11:18:11,162] multiqc                                            [DEBUG  ]  File ignored by nanostat because it exceeded search pattern filesize limit: P14052_116_R1_fastqc.html
[2024-04-05 11:18:11,180] multiqc                                            [DEBUG  ]  File ignored by ccs/v4 because it exceeded search pattern filesize limit: P14052_118_R1_fastqc.html
[2024-04-05 11:18:11,187] multiqc                                            [DEBUG  ]  File ignored by hicexplorer because it exceeded search pattern filesize limit: P14052_118_R1_fastqc.html
[2024-04-05 11:18:11,187] multiqc                                            [DEBUG  ]  File ignored by lima/summary because it exceeded search pattern filesize limit: P14052_118_R1_fastqc.html
[2024-04-05 11:18:11,200] multiqc                                            [DEBUG  ]  File ignored by vep/vep_txt because it exceeded search pattern filesize limit: P14052_118_R1_fastqc.html
[2024-04-05 11:18:11,201] multiqc                                            [DEBUG  ]  File ignored by longranger/invocation because it exceeded search pattern filesize limit: P14052_118_R1_fastqc.html
[2024-04-05 11:18:11,263] multiqc                                            [DEBUG  ]  File ignored by nanostat because it exceeded search pattern filesize limit: P14052_118_R1_fastqc.html
[2024-04-05 11:18:11,281] multiqc                                            [DEBUG  ]  File ignored by ccs/v4 because it exceeded search pattern filesize limit: P14052_123_R1_fastqc.html
[2024-04-05 11:18:11,287] multiqc                                            [DEBUG  ]  File ignored by hicexplorer because it exceeded search pattern filesize limit: P14052_123_R1_fastqc.html
[2024-04-05 11:18:11,288] multiqc                                            [DEBUG  ]  File ignored by lima/summary because it exceeded search pattern filesize limit: P14052_123_R1_fastqc.html
[2024-04-05 11:18:11,301] multiqc                                            [DEBUG  ]  File ignored by vep/vep_txt because it exceeded search pattern filesize limit: P14052_123_R1_fastqc.html
[2024-04-05 11:18:11,301] multiqc                                            [DEBUG  ]  File ignored by longranger/invocation because it exceeded search pattern filesize limit: P14052_123_R1_fastqc.html
[2024-04-05 11:18:11,365] multiqc                                            [DEBUG  ]  File ignored by nanostat because it exceeded search pattern filesize limit: P14052_123_R1_fastqc.html
[2024-04-05 11:18:11,495] multiqc                                            [DEBUG  ]  File ignored by ccs/v4 because it exceeded search pattern filesize limit: P14052_106_R1_fastqc.html
[2024-04-05 11:18:11,505] multiqc                                            [DEBUG  ]  File ignored by hicexplorer because it exceeded search pattern filesize limit: P14052_106_R1_fastqc.html
[2024-04-05 11:18:11,506] multiqc                                            [DEBUG  ]  File ignored by lima/summary because it exceeded search pattern filesize limit: P14052_106_R1_fastqc.html
[2024-04-05 11:18:11,523] multiqc                                            [DEBUG  ]  File ignored by vep/vep_txt because it exceeded search pattern filesize limit: P14052_106_R1_fastqc.html
[2024-04-05 11:18:11,524] multiqc                                            [DEBUG  ]  File ignored by longranger/invocation because it exceeded search pattern filesize limit: P14052_106_R1_fastqc.html
[2024-04-05 11:18:11,600] multiqc                                            [DEBUG  ]  File ignored by nanostat because it exceeded search pattern filesize limit: P14052_106_R1_fastqc.html
[2024-04-05 11:18:11,653] multiqc                                            [DEBUG  ]  File ignored by ccs/v4 because it exceeded search pattern filesize limit: P14052_109_R1_fastqc.html
[2024-04-05 11:18:11,662] multiqc                                            [DEBUG  ]  File ignored by hicexplorer because it exceeded search pattern filesize limit: P14052_109_R1_fastqc.html
[2024-04-05 11:18:11,663] multiqc                                            [DEBUG  ]  File ignored by lima/summary because it exceeded search pattern filesize limit: P14052_109_R1_fastqc.html
[2024-04-05 11:18:11,680] multiqc                                            [DEBUG  ]  File ignored by vep/vep_txt because it exceeded search pattern filesize limit: P14052_109_R1_fastqc.html
[2024-04-05 11:18:11,680] multiqc                                            [DEBUG  ]  File ignored by longranger/invocation because it exceeded search pattern filesize limit: P14052_109_R1_fastqc.html
[2024-04-05 11:18:11,750] multiqc                                            [DEBUG  ]  File ignored by nanostat because it exceeded search pattern filesize limit: P14052_109_R1_fastqc.html
[2024-04-05 11:18:11,801] multiqc                                            [DEBUG  ]  File ignored by ccs/v4 because it exceeded search pattern filesize limit: P14052_112_R1_fastqc.html
[2024-04-05 11:18:11,808] multiqc                                            [DEBUG  ]  File ignored by hicexplorer because it exceeded search pattern filesize limit: P14052_112_R1_fastqc.html
[2024-04-05 11:18:11,809] multiqc                                            [DEBUG  ]  File ignored by lima/summary because it exceeded search pattern filesize limit: P14052_112_R1_fastqc.html
[2024-04-05 11:18:11,822] multiqc                                            [DEBUG  ]  File ignored by vep/vep_txt because it exceeded search pattern filesize limit: P14052_112_R1_fastqc.html
[2024-04-05 11:18:11,822] multiqc                                            [DEBUG  ]  File ignored by longranger/invocation because it exceeded search pattern filesize limit: P14052_112_R1_fastqc.html
[2024-04-05 11:18:11,884] multiqc                                            [DEBUG  ]  File ignored by nanostat because it exceeded search pattern filesize limit: P14052_112_R1_fastqc.html
[2024-04-05 11:18:13,079] multiqc                                            [DEBUG  ]  File ignored by ccs/v4 because it exceeded search pattern filesize limit: P14052_101_R1_fastqc.html
[2024-04-05 11:18:13,089] multiqc                                            [DEBUG  ]  File ignored by hicexplorer because it exceeded search pattern filesize limit: P14052_101_R1_fastqc.html
[2024-04-05 11:18:13,091] multiqc                                            [DEBUG  ]  File ignored by lima/summary because it exceeded search pattern filesize limit: P14052_101_R1_fastqc.html
[2024-04-05 11:18:13,108] multiqc                                            [DEBUG  ]  File ignored by vep/vep_txt because it exceeded search pattern filesize limit: P14052_101_R1_fastqc.html
[2024-04-05 11:18:13,108] multiqc                                            [DEBUG  ]  File ignored by longranger/invocation because it exceeded search pattern filesize limit: P14052_101_R1_fastqc.html
[2024-04-05 11:18:13,184] multiqc                                            [DEBUG  ]  File ignored by nanostat because it exceeded search pattern filesize limit: P14052_101_R1_fastqc.html
[2024-04-05 11:18:13,202] multiqc                                            [DEBUG  ]  File ignored by ccs/v4 because it exceeded search pattern filesize limit: P14052_120_R1_fastqc.html
[2024-04-05 11:18:13,209] multiqc                                            [DEBUG  ]  File ignored by hicexplorer because it exceeded search pattern filesize limit: P14052_120_R1_fastqc.html
[2024-04-05 11:18:13,210] multiqc                                            [DEBUG  ]  File ignored by lima/summary because it exceeded search pattern filesize limit: P14052_120_R1_fastqc.html
[2024-04-05 11:18:13,223] multiqc                                            [DEBUG  ]  File ignored by vep/vep_txt because it exceeded search pattern filesize limit: P14052_120_R1_fastqc.html
[2024-04-05 11:18:13,223] multiqc                                            [DEBUG  ]  File ignored by longranger/invocation because it exceeded search pattern filesize limit: P14052_120_R1_fastqc.html
[2024-04-05 11:18:13,285] multiqc                                            [DEBUG  ]  File ignored by nanostat because it exceeded search pattern filesize limit: P14052_120_R1_fastqc.html
[2024-04-05 11:18:13,319] multiqc                                            [DEBUG  ]  File ignored by ccs/v4 because it exceeded search pattern filesize limit: P14052_103_R1_fastqc.html
[2024-04-05 11:18:13,326] multiqc                                            [DEBUG  ]  File ignored by hicexplorer because it exceeded search pattern filesize limit: P14052_103_R1_fastqc.html
[2024-04-05 11:18:13,327] multiqc                                            [DEBUG  ]  File ignored by lima/summary because it exceeded search pattern filesize limit: P14052_103_R1_fastqc.html
[2024-04-05 11:18:13,340] multiqc                                            [DEBUG  ]  File ignored by vep/vep_txt because it exceeded search pattern filesize limit: P14052_103_R1_fastqc.html
[2024-04-05 11:18:13,340] multiqc                                            [DEBUG  ]  File ignored by longranger/invocation because it exceeded search pattern filesize limit: P14052_103_R1_fastqc.html
[2024-04-05 11:18:13,403] multiqc                                            [DEBUG  ]  File ignored by nanostat because it exceeded search pattern filesize limit: P14052_103_R1_fastqc.html
[2024-04-05 11:18:13,422] multiqc                                            [DEBUG  ]  File ignored by ccs/v4 because it exceeded search pattern filesize limit: P14052_113_R1_fastqc.html
[2024-04-05 11:18:13,429] multiqc                                            [DEBUG  ]  File ignored by hicexplorer because it exceeded search pattern filesize limit: P14052_113_R1_fastqc.html
[2024-04-05 11:18:13,430] multiqc                                            [DEBUG  ]  File ignored by lima/summary because it exceeded search pattern filesize limit: P14052_113_R1_fastqc.html
[2024-04-05 11:18:13,443] multiqc                                            [DEBUG  ]  File ignored by vep/vep_txt because it exceeded search pattern filesize limit: P14052_113_R1_fastqc.html
[2024-04-05 11:18:13,444] multiqc                                            [DEBUG  ]  File ignored by longranger/invocation because it exceeded search pattern filesize limit: P14052_113_R1_fastqc.html
[2024-04-05 11:18:13,507] multiqc                                            [DEBUG  ]  File ignored by nanostat because it exceeded search pattern filesize limit: P14052_113_R1_fastqc.html
[2024-04-05 11:18:13,525] multiqc                                            [DEBUG  ]  File ignored by ccs/v4 because it exceeded search pattern filesize limit: P14052_127_R1_fastqc.html
[2024-04-05 11:18:13,532] multiqc                                            [DEBUG  ]  File ignored by hicexplorer because it exceeded search pattern filesize limit: P14052_127_R1_fastqc.html
[2024-04-05 11:18:13,533] multiqc                                            [DEBUG  ]  File ignored by lima/summary because it exceeded search pattern filesize limit: P14052_127_R1_fastqc.html
[2024-04-05 11:18:13,547] multiqc                                            [DEBUG  ]  File ignored by vep/vep_txt because it exceeded search pattern filesize limit: P14052_127_R1_fastqc.html
[2024-04-05 11:18:13,547] multiqc                                            [DEBUG  ]  File ignored by longranger/invocation because it exceeded search pattern filesize limit: P14052_127_R1_fastqc.html
[2024-04-05 11:18:13,611] multiqc                                            [DEBUG  ]  File ignored by nanostat because it exceeded search pattern filesize limit: P14052_127_R1_fastqc.html
[2024-04-05 11:18:13,631] multiqc                                            [DEBUG  ]  File ignored by ccs/v4 because it exceeded search pattern filesize limit: P14052_107_R1_fastqc.html
[2024-04-05 11:18:13,638] multiqc                                            [DEBUG  ]  File ignored by hicexplorer because it exceeded search pattern filesize limit: P14052_107_R1_fastqc.html
[2024-04-05 11:18:13,639] multiqc                                            [DEBUG  ]  File ignored by lima/summary because it exceeded search pattern filesize limit: P14052_107_R1_fastqc.html
[2024-04-05 11:18:13,652] multiqc                                            [DEBUG  ]  File ignored by vep/vep_txt because it exceeded search pattern filesize limit: P14052_107_R1_fastqc.html
[2024-04-05 11:18:13,652] multiqc                                            [DEBUG  ]  File ignored by longranger/invocation because it exceeded search pattern filesize limit: P14052_107_R1_fastqc.html
[2024-04-05 11:18:13,718] multiqc                                            [DEBUG  ]  File ignored by nanostat because it exceeded search pattern filesize limit: P14052_107_R1_fastqc.html
[2024-04-05 11:18:13,823] multiqc                                            [DEBUG  ]  File ignored by ccs/v4 because it exceeded search pattern filesize limit: P14052_115_R1_fastqc.html
[2024-04-05 11:18:13,833] multiqc                                            [DEBUG  ]  File ignored by hicexplorer because it exceeded search pattern filesize limit: P14052_115_R1_fastqc.html
[2024-04-05 11:18:13,834] multiqc                                            [DEBUG  ]  File ignored by lima/summary because it exceeded search pattern filesize limit: P14052_115_R1_fastqc.html
[2024-04-05 11:18:13,850] multiqc                                            [DEBUG  ]  File ignored by vep/vep_txt because it exceeded search pattern filesize limit: P14052_115_R1_fastqc.html
[2024-04-05 11:18:13,850] multiqc                                            [DEBUG  ]  File ignored by longranger/invocation because it exceeded search pattern filesize limit: P14052_115_R1_fastqc.html
[2024-04-05 11:18:13,921] multiqc                                            [DEBUG  ]  File ignored by nanostat because it exceeded search pattern filesize limit: P14052_115_R1_fastqc.html
[2024-04-05 11:18:13,964] multiqc                                            [DEBUG  ]  File ignored by ccs/v4 because it exceeded search pattern filesize limit: P14052_104_R1_fastqc.html
[2024-04-05 11:18:13,971] multiqc                                            [DEBUG  ]  File ignored by hicexplorer because it exceeded search pattern filesize limit: P14052_104_R1_fastqc.html
[2024-04-05 11:18:13,972] multiqc                                            [DEBUG  ]  File ignored by lima/summary because it exceeded search pattern filesize limit: P14052_104_R1_fastqc.html
[2024-04-05 11:18:13,987] multiqc                                            [DEBUG  ]  File ignored by vep/vep_txt because it exceeded search pattern filesize limit: P14052_104_R1_fastqc.html
[2024-04-05 11:18:13,987] multiqc                                            [DEBUG  ]  File ignored by longranger/invocation because it exceeded search pattern filesize limit: P14052_104_R1_fastqc.html
[2024-04-05 11:18:14,053] multiqc                                            [DEBUG  ]  File ignored by nanostat because it exceeded search pattern filesize limit: P14052_104_R1_fastqc.html
[2024-04-05 11:18:14,071] multiqc                                            [DEBUG  ]  File ignored by ccs/v4 because it exceeded search pattern filesize limit: P14052_117_R1_fastqc.html
[2024-04-05 11:18:14,078] multiqc                                            [DEBUG  ]  File ignored by hicexplorer because it exceeded search pattern filesize limit: P14052_117_R1_fastqc.html
[2024-04-05 11:18:14,079] multiqc                                            [DEBUG  ]  File ignored by lima/summary because it exceeded search pattern filesize limit: P14052_117_R1_fastqc.html
[2024-04-05 11:18:14,092] multiqc                                            [DEBUG  ]  File ignored by vep/vep_txt because it exceeded search pattern filesize limit: P14052_117_R1_fastqc.html
[2024-04-05 11:18:14,092] multiqc                                            [DEBUG  ]  File ignored by longranger/invocation because it exceeded search pattern filesize limit: P14052_117_R1_fastqc.html
[2024-04-05 11:18:14,155] multiqc                                            [DEBUG  ]  File ignored by nanostat because it exceeded search pattern filesize limit: P14052_117_R1_fastqc.html
[2024-04-05 11:18:14,173] multiqc                                            [DEBUG  ]  File ignored by ccs/v4 because it exceeded search pattern filesize limit: P14052_119_R1_fastqc.html
[2024-04-05 11:18:14,180] multiqc                                            [DEBUG  ]  File ignored by hicexplorer because it exceeded search pattern filesize limit: P14052_119_R1_fastqc.html
[2024-04-05 11:18:14,181] multiqc                                            [DEBUG  ]  File ignored by lima/summary because it exceeded search pattern filesize limit: P14052_119_R1_fastqc.html
[2024-04-05 11:18:14,194] multiqc                                            [DEBUG  ]  File ignored by vep/vep_txt because it exceeded search pattern filesize limit: P14052_119_R1_fastqc.html
[2024-04-05 11:18:14,194] multiqc                                            [DEBUG  ]  File ignored by longranger/invocation because it exceeded search pattern filesize limit: P14052_119_R1_fastqc.html
[2024-04-05 11:18:14,257] multiqc                                            [DEBUG  ]  File ignored by nanostat because it exceeded search pattern filesize limit: P14052_119_R1_fastqc.html
[2024-04-05 11:18:14,274] multiqc                                            [DEBUG  ]  File ignored by ccs/v4 because it exceeded search pattern filesize limit: P14052_126_R1_fastqc.html
[2024-04-05 11:18:14,282] multiqc                                            [DEBUG  ]  File ignored by hicexplorer because it exceeded search pattern filesize limit: P14052_126_R1_fastqc.html
[2024-04-05 11:18:14,282] multiqc                                            [DEBUG  ]  File ignored by lima/summary because it exceeded search pattern filesize limit: P14052_126_R1_fastqc.html
[2024-04-05 11:18:14,296] multiqc                                            [DEBUG  ]  File ignored by vep/vep_txt because it exceeded search pattern filesize limit: P14052_126_R1_fastqc.html
[2024-04-05 11:18:14,296] multiqc                                            [DEBUG  ]  File ignored by longranger/invocation because it exceeded search pattern filesize limit: P14052_126_R1_fastqc.html
[2024-04-05 11:18:14,359] multiqc                                            [DEBUG  ]  File ignored by nanostat because it exceeded search pattern filesize limit: P14052_126_R1_fastqc.html
[2024-04-05 11:18:14,432] multiqc                                            [DEBUG  ]  File ignored by ccs/v4 because it exceeded search pattern filesize limit: P14052_111_R1_fastqc.html
[2024-04-05 11:18:14,442] multiqc                                            [DEBUG  ]  File ignored by hicexplorer because it exceeded search pattern filesize limit: P14052_111_R1_fastqc.html
[2024-04-05 11:18:14,443] multiqc                                            [DEBUG  ]  File ignored by lima/summary because it exceeded search pattern filesize limit: P14052_111_R1_fastqc.html
[2024-04-05 11:18:14,460] multiqc                                            [DEBUG  ]  File ignored by vep/vep_txt because it exceeded search pattern filesize limit: P14052_111_R1_fastqc.html
[2024-04-05 11:18:14,461] multiqc                                            [DEBUG  ]  File ignored by longranger/invocation because it exceeded search pattern filesize limit: P14052_111_R1_fastqc.html
[2024-04-05 11:18:14,540] multiqc                                            [DEBUG  ]  File ignored by nanostat because it exceeded search pattern filesize limit: P14052_111_R1_fastqc.html
[2024-04-05 11:18:14,560] multiqc                                            [DEBUG  ]  File ignored by ccs/v4 because it exceeded search pattern filesize limit: P14052_122_R1_fastqc.html
[2024-04-05 11:18:14,568] multiqc                                            [DEBUG  ]  File ignored by hicexplorer because it exceeded search pattern filesize limit: P14052_122_R1_fastqc.html
[2024-04-05 11:18:14,569] multiqc                                            [DEBUG  ]  File ignored by lima/summary because it exceeded search pattern filesize limit: P14052_122_R1_fastqc.html
[2024-04-05 11:18:14,584] multiqc                                            [DEBUG  ]  File ignored by vep/vep_txt because it exceeded search pattern filesize limit: P14052_122_R1_fastqc.html
[2024-04-05 11:18:14,584] multiqc                                            [DEBUG  ]  File ignored by longranger/invocation because it exceeded search pattern filesize limit: P14052_122_R1_fastqc.html
[2024-04-05 11:18:14,651] multiqc                                            [DEBUG  ]  File ignored by nanostat because it exceeded search pattern filesize limit: P14052_122_R1_fastqc.html
[2024-04-05 11:18:14,670] multiqc                                            [DEBUG  ]  File ignored by ccs/v4 because it exceeded search pattern filesize limit: P14052_108_R1_fastqc.html
[2024-04-05 11:18:14,677] multiqc                                            [DEBUG  ]  File ignored by hicexplorer because it exceeded search pattern filesize limit: P14052_108_R1_fastqc.html
[2024-04-05 11:18:14,678] multiqc                                            [DEBUG  ]  File ignored by lima/summary because it exceeded search pattern filesize limit: P14052_108_R1_fastqc.html
[2024-04-05 11:18:14,691] multiqc                                            [DEBUG  ]  File ignored by vep/vep_txt because it exceeded search pattern filesize limit: P14052_108_R1_fastqc.html
[2024-04-05 11:18:14,692] multiqc                                            [DEBUG  ]  File ignored by longranger/invocation because it exceeded search pattern filesize limit: P14052_108_R1_fastqc.html
[2024-04-05 11:18:14,754] multiqc                                            [DEBUG  ]  File ignored by nanostat because it exceeded search pattern filesize limit: P14052_108_R1_fastqc.html
[2024-04-05 11:18:14,774] multiqc                                            [DEBUG  ]  File ignored by ccs/v4 because it exceeded search pattern filesize limit: P14052_114_R1_fastqc.html
[2024-04-05 11:18:14,781] multiqc                                            [DEBUG  ]  File ignored by hicexplorer because it exceeded search pattern filesize limit: P14052_114_R1_fastqc.html
[2024-04-05 11:18:14,782] multiqc                                            [DEBUG  ]  File ignored by lima/summary because it exceeded search pattern filesize limit: P14052_114_R1_fastqc.html
[2024-04-05 11:18:14,795] multiqc                                            [DEBUG  ]  File ignored by vep/vep_txt because it exceeded search pattern filesize limit: P14052_114_R1_fastqc.html
[2024-04-05 11:18:14,796] multiqc                                            [DEBUG  ]  File ignored by longranger/invocation because it exceeded search pattern filesize limit: P14052_114_R1_fastqc.html
[2024-04-05 11:18:14,858] multiqc                                            [DEBUG  ]  File ignored by nanostat because it exceeded search pattern filesize limit: P14052_114_R1_fastqc.html
[2024-04-05 11:18:15,538] multiqc.plots.linegraph                            [DEBUG  ]  Using matplotlib version 3.3.4
[2024-04-05 11:18:15,549] multiqc.plots.bargraph                             [DEBUG  ]  Using matplotlib version 3.3.4
[2024-04-05 11:18:19,906] multiqc.modules.fastqc.fastqc                      [INFO   ]  Found 27 reports
[2024-04-05 11:18:20,161] multiqc.utils.profile_runtime                      [INFO   ]  Running run time profiling module
[2024-04-05 11:18:23,793] multiqc                                            [INFO   ]  Compressing plot data
[2024-04-05 11:18:24,164] multiqc                                            [INFO   ]  Report      : 01-QC/multiqc_raw_R1_P14052/multiqc_report.html
[2024-04-05 11:18:24,164] multiqc                                            [INFO   ]  Data        : 01-QC/multiqc_raw_R1_P14052/multiqc_data
[2024-04-05 11:18:24,164] multiqc                                            [DEBUG  ]  Moving data file from '/scratch/46269431/tmp25lm5q76/multiqc_data' to '01-QC/multiqc_raw_R1_P14052/multiqc_data'
[2024-04-05 11:18:24,391] multiqc                                            [INFO   ]  MultiQC complete
[2024-04-05 11:18:24,391] multiqc                                            [INFO   ]  Run took 15.20 seconds
[2024-04-05 11:18:24,391] multiqc                                            [INFO   ]   - 4.90s: Searching files
[2024-04-05 11:18:24,391] multiqc                                            [INFO   ]   - 5.28s: Running modules
[2024-04-05 11:18:24,391] multiqc                                            [INFO   ]   - 0.31s: Compressing report data
[2024-04-05 11:18:24,391] multiqc                                            [INFO   ]  For more information, see the 'Run Time' section in 01-QC/multiqc_raw_R1_P14052/multiqc_report.html
[2024-04-05 11:18:24,391] multiqc                                            [WARNING]  1 flat-image plot used in the report due to large sample numbers
