[2024-04-08 16:00:37,613] multiqc                                            [DEBUG  ]  This is MultiQC v1.12
[2024-04-08 16:00:37,613] multiqc                                            [DEBUG  ]  No MultiQC config found: /sw/bioinfo/MultiQC/1.12/rackham/lib/python3.8/site-packages/multiqc_config.yaml
[2024-04-08 16:00:37,622] multiqc                                            [DEBUG  ]  No MultiQC config found: /home/andbou/.multiqc_config.yaml
[2024-04-08 16:00:37,623] multiqc                                            [DEBUG  ]  No MultiQC config found: multiqc_config.yaml
[2024-04-08 16:00:37,623] multiqc                                            [DEBUG  ]  Command used: /sw/bioinfo/MultiQC/1.12/rackham/bin/multiqc 01-QC/fastqc_raw_R2_P14052 --outdir 01-QC/multiqc_raw_R2_P14052 --profile-runtime
[2024-04-08 16:00:37,924] multiqc                                            [WARNING]  MultiQC Version v1.21 now available!
[2024-04-08 16:00:37,924] multiqc                                            [DEBUG  ]  Command     : /sw/bioinfo/MultiQC/1.12/rackham/bin/multiqc 01-QC/fastqc_raw_R2_P14052 --outdir 01-QC/multiqc_raw_R2_P14052 --profile-runtime
[2024-04-08 16:00:37,924] multiqc                                            [DEBUG  ]  Working dir : /crex/proj/snic2020-6-222/Projects/Tconura/working/Andre/CONURA_WGS
[2024-04-08 16:00:37,924] multiqc                                            [DEBUG  ]  Template    : default
[2024-04-08 16:00:37,924] multiqc                                            [DEBUG  ]  Running Python 3.8.7 (default, Feb  1 2021, 11:54:01)  [GCC 8.3.0]
[2024-04-08 16:00:37,925] multiqc                                            [DEBUG  ]  Analysing modules: custom_content, ccs, ngsderive, purple, conpair, lima, peddy, somalier, methylQA, mosdepth, phantompeakqualtools, qualimap, preseq, quast, qorts, rna_seqc, rockhopper, rsem, rseqc, busco, bustools, goleft_indexcov, gffcompare, disambiguate, supernova, deeptools, sargasso, verifybamid, mirtrace, happy, mirtop, sambamba, homer, hops, macs2, theta2, snpeff, gatk, htseq, bcftools, featureCounts, fgbio, dragen, dedup, pbmarkdup, damageprofiler, biobambam2, jcvi, mtnucratio, picard, vep, sentieon, prokka, qc3C, nanostat, samblaster, samtools, sexdeterrmine, eigenstratdatabasetools, bamtools, jellyfish, vcftools, longranger, stacks, varscan2, snippy, bbmap, bismark, biscuit, hicexplorer, hicup, hicpro, salmon, kallisto, slamdunk, star, hisat2, tophat, bowtie2, bowtie1, snpsplit, odgi, pangolin, kat, leehom, adapterRemoval, clipandmerge, cutadapt, flexbar, kaiju, kraken, malt, trimmomatic, sickle, skewer, sortmerna, biobloomtools, fastq_screen, afterqc, fastp, fastqc, pychopper, pycoqc, minionqc, multivcfanalyzer, clusterflow, checkqc, bcl2fastq, bclconvert, interop, ivar, flash, seqyclean, optitype, whatshap
[2024-04-08 16:00:37,925] multiqc                                            [DEBUG  ]  Using temporary directory for creating report: /scratch/46318185/tmpxvs6k_xo
[2024-04-08 16:00:38,121] multiqc                                            [INFO   ]  Search path : /crex/proj/snic2020-6-222/Projects/Tconura/working/Andre/CONURA_WGS/01-QC/fastqc_raw_R2_P14052
[2024-04-08 16:00:38,190] multiqc                                            [DEBUG  ]  File ignored by ccs/v4 because it exceeded search pattern filesize limit: P14052_122_R2_fastqc.html
[2024-04-08 16:00:38,198] multiqc                                            [DEBUG  ]  File ignored by hicexplorer because it exceeded search pattern filesize limit: P14052_122_R2_fastqc.html
[2024-04-08 16:00:38,199] multiqc                                            [DEBUG  ]  File ignored by lima/summary because it exceeded search pattern filesize limit: P14052_122_R2_fastqc.html
[2024-04-08 16:00:38,218] multiqc                                            [DEBUG  ]  File ignored by vep/vep_txt because it exceeded search pattern filesize limit: P14052_122_R2_fastqc.html
[2024-04-08 16:00:38,219] multiqc                                            [DEBUG  ]  File ignored by longranger/invocation because it exceeded search pattern filesize limit: P14052_122_R2_fastqc.html
[2024-04-08 16:00:38,294] multiqc                                            [DEBUG  ]  File ignored by nanostat because it exceeded search pattern filesize limit: P14052_122_R2_fastqc.html
[2024-04-08 16:00:38,313] multiqc                                            [DEBUG  ]  File ignored by ccs/v4 because it exceeded search pattern filesize limit: P14052_121_R2_fastqc.html
[2024-04-08 16:00:38,320] multiqc                                            [DEBUG  ]  File ignored by hicexplorer because it exceeded search pattern filesize limit: P14052_121_R2_fastqc.html
[2024-04-08 16:00:38,321] multiqc                                            [DEBUG  ]  File ignored by lima/summary because it exceeded search pattern filesize limit: P14052_121_R2_fastqc.html
[2024-04-08 16:00:38,334] multiqc                                            [DEBUG  ]  File ignored by vep/vep_txt because it exceeded search pattern filesize limit: P14052_121_R2_fastqc.html
[2024-04-08 16:00:38,334] multiqc                                            [DEBUG  ]  File ignored by longranger/invocation because it exceeded search pattern filesize limit: P14052_121_R2_fastqc.html
[2024-04-08 16:00:38,398] multiqc                                            [DEBUG  ]  File ignored by nanostat because it exceeded search pattern filesize limit: P14052_121_R2_fastqc.html
[2024-04-08 16:00:38,416] multiqc                                            [DEBUG  ]  File ignored by ccs/v4 because it exceeded search pattern filesize limit: P14052_118_R2_fastqc.html
[2024-04-08 16:00:38,423] multiqc                                            [DEBUG  ]  File ignored by hicexplorer because it exceeded search pattern filesize limit: P14052_118_R2_fastqc.html
[2024-04-08 16:00:38,424] multiqc                                            [DEBUG  ]  File ignored by lima/summary because it exceeded search pattern filesize limit: P14052_118_R2_fastqc.html
[2024-04-08 16:00:38,438] multiqc                                            [DEBUG  ]  File ignored by vep/vep_txt because it exceeded search pattern filesize limit: P14052_118_R2_fastqc.html
[2024-04-08 16:00:38,439] multiqc                                            [DEBUG  ]  File ignored by longranger/invocation because it exceeded search pattern filesize limit: P14052_118_R2_fastqc.html
[2024-04-08 16:00:38,502] multiqc                                            [DEBUG  ]  File ignored by nanostat because it exceeded search pattern filesize limit: P14052_118_R2_fastqc.html
[2024-04-08 16:00:38,536] multiqc                                            [DEBUG  ]  File ignored by ccs/v4 because it exceeded search pattern filesize limit: P14052_123_R2_fastqc.html
[2024-04-08 16:00:38,543] multiqc                                            [DEBUG  ]  File ignored by hicexplorer because it exceeded search pattern filesize limit: P14052_123_R2_fastqc.html
[2024-04-08 16:00:38,544] multiqc                                            [DEBUG  ]  File ignored by lima/summary because it exceeded search pattern filesize limit: P14052_123_R2_fastqc.html
[2024-04-08 16:00:38,557] multiqc                                            [DEBUG  ]  File ignored by vep/vep_txt because it exceeded search pattern filesize limit: P14052_123_R2_fastqc.html
[2024-04-08 16:00:38,558] multiqc                                            [DEBUG  ]  File ignored by longranger/invocation because it exceeded search pattern filesize limit: P14052_123_R2_fastqc.html
[2024-04-08 16:00:38,621] multiqc                                            [DEBUG  ]  File ignored by nanostat because it exceeded search pattern filesize limit: P14052_123_R2_fastqc.html
[2024-04-08 16:00:38,688] multiqc                                            [DEBUG  ]  File ignored by ccs/v4 because it exceeded search pattern filesize limit: P14052_116_R2_fastqc.html
[2024-04-08 16:00:38,698] multiqc                                            [DEBUG  ]  File ignored by hicexplorer because it exceeded search pattern filesize limit: P14052_116_R2_fastqc.html
[2024-04-08 16:00:38,699] multiqc                                            [DEBUG  ]  File ignored by lima/summary because it exceeded search pattern filesize limit: P14052_116_R2_fastqc.html
[2024-04-08 16:00:38,716] multiqc                                            [DEBUG  ]  File ignored by vep/vep_txt because it exceeded search pattern filesize limit: P14052_116_R2_fastqc.html
[2024-04-08 16:00:38,717] multiqc                                            [DEBUG  ]  File ignored by longranger/invocation because it exceeded search pattern filesize limit: P14052_116_R2_fastqc.html
[2024-04-08 16:00:38,788] multiqc                                            [DEBUG  ]  File ignored by nanostat because it exceeded search pattern filesize limit: P14052_116_R2_fastqc.html
[2024-04-08 16:00:38,810] multiqc                                            [DEBUG  ]  File ignored by ccs/v4 because it exceeded search pattern filesize limit: P14052_114_R2_fastqc.html
[2024-04-08 16:00:38,817] multiqc                                            [DEBUG  ]  File ignored by hicexplorer because it exceeded search pattern filesize limit: P14052_114_R2_fastqc.html
[2024-04-08 16:00:38,818] multiqc                                            [DEBUG  ]  File ignored by lima/summary because it exceeded search pattern filesize limit: P14052_114_R2_fastqc.html
[2024-04-08 16:00:38,831] multiqc                                            [DEBUG  ]  File ignored by vep/vep_txt because it exceeded search pattern filesize limit: P14052_114_R2_fastqc.html
[2024-04-08 16:00:38,832] multiqc                                            [DEBUG  ]  File ignored by longranger/invocation because it exceeded search pattern filesize limit: P14052_114_R2_fastqc.html
[2024-04-08 16:00:38,896] multiqc                                            [DEBUG  ]  File ignored by nanostat because it exceeded search pattern filesize limit: P14052_114_R2_fastqc.html
[2024-04-08 16:00:38,914] multiqc                                            [DEBUG  ]  File ignored by ccs/v4 because it exceeded search pattern filesize limit: P14052_119_R2_fastqc.html
[2024-04-08 16:00:38,921] multiqc                                            [DEBUG  ]  File ignored by hicexplorer because it exceeded search pattern filesize limit: P14052_119_R2_fastqc.html
[2024-04-08 16:00:38,922] multiqc                                            [DEBUG  ]  File ignored by lima/summary because it exceeded search pattern filesize limit: P14052_119_R2_fastqc.html
[2024-04-08 16:00:38,935] multiqc                                            [DEBUG  ]  File ignored by vep/vep_txt because it exceeded search pattern filesize limit: P14052_119_R2_fastqc.html
[2024-04-08 16:00:38,935] multiqc                                            [DEBUG  ]  File ignored by longranger/invocation because it exceeded search pattern filesize limit: P14052_119_R2_fastqc.html
[2024-04-08 16:00:38,998] multiqc                                            [DEBUG  ]  File ignored by nanostat because it exceeded search pattern filesize limit: P14052_119_R2_fastqc.html
[2024-04-08 16:00:39,060] multiqc                                            [DEBUG  ]  File ignored by ccs/v4 because it exceeded search pattern filesize limit: P14052_113_R2_fastqc.html
[2024-04-08 16:00:39,067] multiqc                                            [DEBUG  ]  File ignored by hicexplorer because it exceeded search pattern filesize limit: P14052_113_R2_fastqc.html
[2024-04-08 16:00:39,068] multiqc                                            [DEBUG  ]  File ignored by lima/summary because it exceeded search pattern filesize limit: P14052_113_R2_fastqc.html
[2024-04-08 16:00:39,081] multiqc                                            [DEBUG  ]  File ignored by vep/vep_txt because it exceeded search pattern filesize limit: P14052_113_R2_fastqc.html
[2024-04-08 16:00:39,081] multiqc                                            [DEBUG  ]  File ignored by longranger/invocation because it exceeded search pattern filesize limit: P14052_113_R2_fastqc.html
[2024-04-08 16:00:39,151] multiqc                                            [DEBUG  ]  File ignored by nanostat because it exceeded search pattern filesize limit: P14052_113_R2_fastqc.html
[2024-04-08 16:00:39,210] multiqc                                            [DEBUG  ]  File ignored by ccs/v4 because it exceeded search pattern filesize limit: P14052_101_R2_fastqc.html
[2024-04-08 16:00:39,218] multiqc                                            [DEBUG  ]  File ignored by hicexplorer because it exceeded search pattern filesize limit: P14052_101_R2_fastqc.html
[2024-04-08 16:00:39,219] multiqc                                            [DEBUG  ]  File ignored by lima/summary because it exceeded search pattern filesize limit: P14052_101_R2_fastqc.html
[2024-04-08 16:00:39,232] multiqc                                            [DEBUG  ]  File ignored by vep/vep_txt because it exceeded search pattern filesize limit: P14052_101_R2_fastqc.html
[2024-04-08 16:00:39,232] multiqc                                            [DEBUG  ]  File ignored by longranger/invocation because it exceeded search pattern filesize limit: P14052_101_R2_fastqc.html
[2024-04-08 16:00:39,298] multiqc                                            [DEBUG  ]  File ignored by nanostat because it exceeded search pattern filesize limit: P14052_101_R2_fastqc.html
[2024-04-08 16:00:39,342] multiqc                                            [DEBUG  ]  File ignored by ccs/v4 because it exceeded search pattern filesize limit: P14052_115_R2_fastqc.html
[2024-04-08 16:00:39,349] multiqc                                            [DEBUG  ]  File ignored by hicexplorer because it exceeded search pattern filesize limit: P14052_115_R2_fastqc.html
[2024-04-08 16:00:39,350] multiqc                                            [DEBUG  ]  File ignored by lima/summary because it exceeded search pattern filesize limit: P14052_115_R2_fastqc.html
[2024-04-08 16:00:39,363] multiqc                                            [DEBUG  ]  File ignored by vep/vep_txt because it exceeded search pattern filesize limit: P14052_115_R2_fastqc.html
[2024-04-08 16:00:39,363] multiqc                                            [DEBUG  ]  File ignored by longranger/invocation because it exceeded search pattern filesize limit: P14052_115_R2_fastqc.html
[2024-04-08 16:00:39,426] multiqc                                            [DEBUG  ]  File ignored by nanostat because it exceeded search pattern filesize limit: P14052_115_R2_fastqc.html
[2024-04-08 16:00:39,444] multiqc                                            [DEBUG  ]  File ignored by ccs/v4 because it exceeded search pattern filesize limit: P14052_124_R2_fastqc.html
[2024-04-08 16:00:39,451] multiqc                                            [DEBUG  ]  File ignored by hicexplorer because it exceeded search pattern filesize limit: P14052_124_R2_fastqc.html
[2024-04-08 16:00:39,452] multiqc                                            [DEBUG  ]  File ignored by lima/summary because it exceeded search pattern filesize limit: P14052_124_R2_fastqc.html
[2024-04-08 16:00:39,465] multiqc                                            [DEBUG  ]  File ignored by vep/vep_txt because it exceeded search pattern filesize limit: P14052_124_R2_fastqc.html
[2024-04-08 16:00:39,465] multiqc                                            [DEBUG  ]  File ignored by longranger/invocation because it exceeded search pattern filesize limit: P14052_124_R2_fastqc.html
[2024-04-08 16:00:39,528] multiqc                                            [DEBUG  ]  File ignored by nanostat because it exceeded search pattern filesize limit: P14052_124_R2_fastqc.html
[2024-04-08 16:00:39,592] multiqc                                            [DEBUG  ]  File ignored by ccs/v4 because it exceeded search pattern filesize limit: P14052_111_R2_fastqc.html
[2024-04-08 16:00:39,602] multiqc                                            [DEBUG  ]  File ignored by hicexplorer because it exceeded search pattern filesize limit: P14052_111_R2_fastqc.html
[2024-04-08 16:00:39,603] multiqc                                            [DEBUG  ]  File ignored by lima/summary because it exceeded search pattern filesize limit: P14052_111_R2_fastqc.html
[2024-04-08 16:00:39,620] multiqc                                            [DEBUG  ]  File ignored by vep/vep_txt because it exceeded search pattern filesize limit: P14052_111_R2_fastqc.html
[2024-04-08 16:00:39,620] multiqc                                            [DEBUG  ]  File ignored by longranger/invocation because it exceeded search pattern filesize limit: P14052_111_R2_fastqc.html
[2024-04-08 16:00:39,693] multiqc                                            [DEBUG  ]  File ignored by nanostat because it exceeded search pattern filesize limit: P14052_111_R2_fastqc.html
[2024-04-08 16:00:39,711] multiqc                                            [DEBUG  ]  File ignored by ccs/v4 because it exceeded search pattern filesize limit: P14052_117_R2_fastqc.html
[2024-04-08 16:00:39,718] multiqc                                            [DEBUG  ]  File ignored by hicexplorer because it exceeded search pattern filesize limit: P14052_117_R2_fastqc.html
[2024-04-08 16:00:39,719] multiqc                                            [DEBUG  ]  File ignored by lima/summary because it exceeded search pattern filesize limit: P14052_117_R2_fastqc.html
[2024-04-08 16:00:39,731] multiqc                                            [DEBUG  ]  File ignored by vep/vep_txt because it exceeded search pattern filesize limit: P14052_117_R2_fastqc.html
[2024-04-08 16:00:39,732] multiqc                                            [DEBUG  ]  File ignored by longranger/invocation because it exceeded search pattern filesize limit: P14052_117_R2_fastqc.html
[2024-04-08 16:00:39,794] multiqc                                            [DEBUG  ]  File ignored by nanostat because it exceeded search pattern filesize limit: P14052_117_R2_fastqc.html
[2024-04-08 16:00:39,902] multiqc                                            [DEBUG  ]  File ignored by ccs/v4 because it exceeded search pattern filesize limit: P14052_109_R2_fastqc.html
[2024-04-08 16:00:39,911] multiqc                                            [DEBUG  ]  File ignored by hicexplorer because it exceeded search pattern filesize limit: P14052_109_R2_fastqc.html
[2024-04-08 16:00:39,912] multiqc                                            [DEBUG  ]  File ignored by lima/summary because it exceeded search pattern filesize limit: P14052_109_R2_fastqc.html
[2024-04-08 16:00:39,929] multiqc                                            [DEBUG  ]  File ignored by vep/vep_txt because it exceeded search pattern filesize limit: P14052_109_R2_fastqc.html
[2024-04-08 16:00:39,929] multiqc                                            [DEBUG  ]  File ignored by longranger/invocation because it exceeded search pattern filesize limit: P14052_109_R2_fastqc.html
[2024-04-08 16:00:39,999] multiqc                                            [DEBUG  ]  File ignored by nanostat because it exceeded search pattern filesize limit: P14052_109_R2_fastqc.html
[2024-04-08 16:00:40,016] multiqc                                            [DEBUG  ]  File ignored by ccs/v4 because it exceeded search pattern filesize limit: P14052_125_R2_fastqc.html
[2024-04-08 16:00:40,023] multiqc                                            [DEBUG  ]  File ignored by hicexplorer because it exceeded search pattern filesize limit: P14052_125_R2_fastqc.html
[2024-04-08 16:00:40,024] multiqc                                            [DEBUG  ]  File ignored by lima/summary because it exceeded search pattern filesize limit: P14052_125_R2_fastqc.html
[2024-04-08 16:00:40,037] multiqc                                            [DEBUG  ]  File ignored by vep/vep_txt because it exceeded search pattern filesize limit: P14052_125_R2_fastqc.html
[2024-04-08 16:00:40,038] multiqc                                            [DEBUG  ]  File ignored by longranger/invocation because it exceeded search pattern filesize limit: P14052_125_R2_fastqc.html
[2024-04-08 16:00:40,100] multiqc                                            [DEBUG  ]  File ignored by nanostat because it exceeded search pattern filesize limit: P14052_125_R2_fastqc.html
[2024-04-08 16:00:40,183] multiqc                                            [DEBUG  ]  File ignored by ccs/v4 because it exceeded search pattern filesize limit: P14052_107_R2_fastqc.html
[2024-04-08 16:00:40,193] multiqc                                            [DEBUG  ]  File ignored by hicexplorer because it exceeded search pattern filesize limit: P14052_107_R2_fastqc.html
[2024-04-08 16:00:40,194] multiqc                                            [DEBUG  ]  File ignored by lima/summary because it exceeded search pattern filesize limit: P14052_107_R2_fastqc.html
[2024-04-08 16:00:40,210] multiqc                                            [DEBUG  ]  File ignored by vep/vep_txt because it exceeded search pattern filesize limit: P14052_107_R2_fastqc.html
[2024-04-08 16:00:40,210] multiqc                                            [DEBUG  ]  File ignored by longranger/invocation because it exceeded search pattern filesize limit: P14052_107_R2_fastqc.html
[2024-04-08 16:00:40,280] multiqc                                            [DEBUG  ]  File ignored by nanostat because it exceeded search pattern filesize limit: P14052_107_R2_fastqc.html
[2024-04-08 16:00:40,342] multiqc                                            [DEBUG  ]  File ignored by ccs/v4 because it exceeded search pattern filesize limit: P14052_110_R2_fastqc.html
[2024-04-08 16:00:40,352] multiqc                                            [DEBUG  ]  File ignored by hicexplorer because it exceeded search pattern filesize limit: P14052_110_R2_fastqc.html
[2024-04-08 16:00:40,353] multiqc                                            [DEBUG  ]  File ignored by lima/summary because it exceeded search pattern filesize limit: P14052_110_R2_fastqc.html
[2024-04-08 16:00:40,370] multiqc                                            [DEBUG  ]  File ignored by vep/vep_txt because it exceeded search pattern filesize limit: P14052_110_R2_fastqc.html
[2024-04-08 16:00:40,370] multiqc                                            [DEBUG  ]  File ignored by longranger/invocation because it exceeded search pattern filesize limit: P14052_110_R2_fastqc.html
[2024-04-08 16:00:40,442] multiqc                                            [DEBUG  ]  File ignored by nanostat because it exceeded search pattern filesize limit: P14052_110_R2_fastqc.html
[2024-04-08 16:00:40,530] multiqc                                            [DEBUG  ]  File ignored by ccs/v4 because it exceeded search pattern filesize limit: P14052_112_R2_fastqc.html
[2024-04-08 16:00:40,540] multiqc                                            [DEBUG  ]  File ignored by hicexplorer because it exceeded search pattern filesize limit: P14052_112_R2_fastqc.html
[2024-04-08 16:00:40,541] multiqc                                            [DEBUG  ]  File ignored by lima/summary because it exceeded search pattern filesize limit: P14052_112_R2_fastqc.html
[2024-04-08 16:00:40,559] multiqc                                            [DEBUG  ]  File ignored by vep/vep_txt because it exceeded search pattern filesize limit: P14052_112_R2_fastqc.html
[2024-04-08 16:00:40,559] multiqc                                            [DEBUG  ]  File ignored by longranger/invocation because it exceeded search pattern filesize limit: P14052_112_R2_fastqc.html
[2024-04-08 16:00:40,632] multiqc                                            [DEBUG  ]  File ignored by nanostat because it exceeded search pattern filesize limit: P14052_112_R2_fastqc.html
[2024-04-08 16:00:40,721] multiqc                                            [DEBUG  ]  File ignored by ccs/v4 because it exceeded search pattern filesize limit: P14052_104_R2_fastqc.html
[2024-04-08 16:00:40,731] multiqc                                            [DEBUG  ]  File ignored by hicexplorer because it exceeded search pattern filesize limit: P14052_104_R2_fastqc.html
[2024-04-08 16:00:40,732] multiqc                                            [DEBUG  ]  File ignored by lima/summary because it exceeded search pattern filesize limit: P14052_104_R2_fastqc.html
[2024-04-08 16:00:40,750] multiqc                                            [DEBUG  ]  File ignored by vep/vep_txt because it exceeded search pattern filesize limit: P14052_104_R2_fastqc.html
[2024-04-08 16:00:40,751] multiqc                                            [DEBUG  ]  File ignored by longranger/invocation because it exceeded search pattern filesize limit: P14052_104_R2_fastqc.html
[2024-04-08 16:00:40,823] multiqc                                            [DEBUG  ]  File ignored by nanostat because it exceeded search pattern filesize limit: P14052_104_R2_fastqc.html
[2024-04-08 16:00:40,896] multiqc                                            [DEBUG  ]  File ignored by ccs/v4 because it exceeded search pattern filesize limit: P14052_103_R2_fastqc.html
[2024-04-08 16:00:40,905] multiqc                                            [DEBUG  ]  File ignored by hicexplorer because it exceeded search pattern filesize limit: P14052_103_R2_fastqc.html
[2024-04-08 16:00:40,906] multiqc                                            [DEBUG  ]  File ignored by lima/summary because it exceeded search pattern filesize limit: P14052_103_R2_fastqc.html
[2024-04-08 16:00:40,923] multiqc                                            [DEBUG  ]  File ignored by vep/vep_txt because it exceeded search pattern filesize limit: P14052_103_R2_fastqc.html
[2024-04-08 16:00:40,923] multiqc                                            [DEBUG  ]  File ignored by longranger/invocation because it exceeded search pattern filesize limit: P14052_103_R2_fastqc.html
[2024-04-08 16:00:40,996] multiqc                                            [DEBUG  ]  File ignored by nanostat because it exceeded search pattern filesize limit: P14052_103_R2_fastqc.html
[2024-04-08 16:00:41,027] multiqc                                            [DEBUG  ]  File ignored by ccs/v4 because it exceeded search pattern filesize limit: P14052_126_R2_fastqc.html
[2024-04-08 16:00:41,034] multiqc                                            [DEBUG  ]  File ignored by hicexplorer because it exceeded search pattern filesize limit: P14052_126_R2_fastqc.html
[2024-04-08 16:00:41,035] multiqc                                            [DEBUG  ]  File ignored by lima/summary because it exceeded search pattern filesize limit: P14052_126_R2_fastqc.html
[2024-04-08 16:00:41,048] multiqc                                            [DEBUG  ]  File ignored by vep/vep_txt because it exceeded search pattern filesize limit: P14052_126_R2_fastqc.html
[2024-04-08 16:00:41,048] multiqc                                            [DEBUG  ]  File ignored by longranger/invocation because it exceeded search pattern filesize limit: P14052_126_R2_fastqc.html
[2024-04-08 16:00:41,111] multiqc                                            [DEBUG  ]  File ignored by nanostat because it exceeded search pattern filesize limit: P14052_126_R2_fastqc.html
[2024-04-08 16:00:41,173] multiqc                                            [DEBUG  ]  File ignored by ccs/v4 because it exceeded search pattern filesize limit: P14052_105_R2_fastqc.html
[2024-04-08 16:00:41,183] multiqc                                            [DEBUG  ]  File ignored by hicexplorer because it exceeded search pattern filesize limit: P14052_105_R2_fastqc.html
[2024-04-08 16:00:41,184] multiqc                                            [DEBUG  ]  File ignored by lima/summary because it exceeded search pattern filesize limit: P14052_105_R2_fastqc.html
[2024-04-08 16:00:41,200] multiqc                                            [DEBUG  ]  File ignored by vep/vep_txt because it exceeded search pattern filesize limit: P14052_105_R2_fastqc.html
[2024-04-08 16:00:41,201] multiqc                                            [DEBUG  ]  File ignored by longranger/invocation because it exceeded search pattern filesize limit: P14052_105_R2_fastqc.html
[2024-04-08 16:00:41,272] multiqc                                            [DEBUG  ]  File ignored by nanostat because it exceeded search pattern filesize limit: P14052_105_R2_fastqc.html
[2024-04-08 16:00:41,304] multiqc                                            [DEBUG  ]  File ignored by ccs/v4 because it exceeded search pattern filesize limit: P14052_120_R2_fastqc.html
[2024-04-08 16:00:41,311] multiqc                                            [DEBUG  ]  File ignored by hicexplorer because it exceeded search pattern filesize limit: P14052_120_R2_fastqc.html
[2024-04-08 16:00:41,312] multiqc                                            [DEBUG  ]  File ignored by lima/summary because it exceeded search pattern filesize limit: P14052_120_R2_fastqc.html
[2024-04-08 16:00:41,325] multiqc                                            [DEBUG  ]  File ignored by vep/vep_txt because it exceeded search pattern filesize limit: P14052_120_R2_fastqc.html
[2024-04-08 16:00:41,326] multiqc                                            [DEBUG  ]  File ignored by longranger/invocation because it exceeded search pattern filesize limit: P14052_120_R2_fastqc.html
[2024-04-08 16:00:41,389] multiqc                                            [DEBUG  ]  File ignored by nanostat because it exceeded search pattern filesize limit: P14052_120_R2_fastqc.html
[2024-04-08 16:00:41,448] multiqc                                            [DEBUG  ]  File ignored by ccs/v4 because it exceeded search pattern filesize limit: P14052_106_R2_fastqc.html
[2024-04-08 16:00:41,456] multiqc                                            [DEBUG  ]  File ignored by hicexplorer because it exceeded search pattern filesize limit: P14052_106_R2_fastqc.html
[2024-04-08 16:00:41,456] multiqc                                            [DEBUG  ]  File ignored by lima/summary because it exceeded search pattern filesize limit: P14052_106_R2_fastqc.html
[2024-04-08 16:00:41,469] multiqc                                            [DEBUG  ]  File ignored by vep/vep_txt because it exceeded search pattern filesize limit: P14052_106_R2_fastqc.html
[2024-04-08 16:00:41,470] multiqc                                            [DEBUG  ]  File ignored by longranger/invocation because it exceeded search pattern filesize limit: P14052_106_R2_fastqc.html
[2024-04-08 16:00:41,553] multiqc                                            [DEBUG  ]  File ignored by nanostat because it exceeded search pattern filesize limit: P14052_106_R2_fastqc.html
[2024-04-08 16:00:41,571] multiqc                                            [DEBUG  ]  File ignored by ccs/v4 because it exceeded search pattern filesize limit: P14052_127_R2_fastqc.html
[2024-04-08 16:00:41,578] multiqc                                            [DEBUG  ]  File ignored by hicexplorer because it exceeded search pattern filesize limit: P14052_127_R2_fastqc.html
[2024-04-08 16:00:41,579] multiqc                                            [DEBUG  ]  File ignored by lima/summary because it exceeded search pattern filesize limit: P14052_127_R2_fastqc.html
[2024-04-08 16:00:41,592] multiqc                                            [DEBUG  ]  File ignored by vep/vep_txt because it exceeded search pattern filesize limit: P14052_127_R2_fastqc.html
[2024-04-08 16:00:41,593] multiqc                                            [DEBUG  ]  File ignored by longranger/invocation because it exceeded search pattern filesize limit: P14052_127_R2_fastqc.html
[2024-04-08 16:00:41,656] multiqc                                            [DEBUG  ]  File ignored by nanostat because it exceeded search pattern filesize limit: P14052_127_R2_fastqc.html
[2024-04-08 16:00:41,710] multiqc                                            [DEBUG  ]  File ignored by ccs/v4 because it exceeded search pattern filesize limit: P14052_102_R2_fastqc.html
[2024-04-08 16:00:41,718] multiqc                                            [DEBUG  ]  File ignored by hicexplorer because it exceeded search pattern filesize limit: P14052_102_R2_fastqc.html
[2024-04-08 16:00:41,718] multiqc                                            [DEBUG  ]  File ignored by lima/summary because it exceeded search pattern filesize limit: P14052_102_R2_fastqc.html
[2024-04-08 16:00:41,731] multiqc                                            [DEBUG  ]  File ignored by vep/vep_txt because it exceeded search pattern filesize limit: P14052_102_R2_fastqc.html
[2024-04-08 16:00:41,732] multiqc                                            [DEBUG  ]  File ignored by longranger/invocation because it exceeded search pattern filesize limit: P14052_102_R2_fastqc.html
[2024-04-08 16:00:41,797] multiqc                                            [DEBUG  ]  File ignored by nanostat because it exceeded search pattern filesize limit: P14052_102_R2_fastqc.html
[2024-04-08 16:00:41,844] multiqc                                            [DEBUG  ]  File ignored by ccs/v4 because it exceeded search pattern filesize limit: P14052_108_R2_fastqc.html
[2024-04-08 16:00:41,851] multiqc                                            [DEBUG  ]  File ignored by hicexplorer because it exceeded search pattern filesize limit: P14052_108_R2_fastqc.html
[2024-04-08 16:00:41,852] multiqc                                            [DEBUG  ]  File ignored by lima/summary because it exceeded search pattern filesize limit: P14052_108_R2_fastqc.html
[2024-04-08 16:00:41,866] multiqc                                            [DEBUG  ]  File ignored by vep/vep_txt because it exceeded search pattern filesize limit: P14052_108_R2_fastqc.html
[2024-04-08 16:00:41,866] multiqc                                            [DEBUG  ]  File ignored by longranger/invocation because it exceeded search pattern filesize limit: P14052_108_R2_fastqc.html
[2024-04-08 16:00:41,930] multiqc                                            [DEBUG  ]  File ignored by nanostat because it exceeded search pattern filesize limit: P14052_108_R2_fastqc.html
[2024-04-08 16:00:42,606] multiqc.plots.linegraph                            [DEBUG  ]  Using matplotlib version 3.3.4
[2024-04-08 16:00:42,618] multiqc.plots.bargraph                             [DEBUG  ]  Using matplotlib version 3.3.4
[2024-04-08 16:00:47,351] multiqc.modules.fastqc.fastqc                      [INFO   ]  Found 27 reports
[2024-04-08 16:00:47,610] multiqc.utils.profile_runtime                      [INFO   ]  Running run time profiling module
[2024-04-08 16:00:51,145] multiqc                                            [INFO   ]  Compressing plot data
[2024-04-08 16:00:51,544] multiqc                                            [INFO   ]  Report      : 01-QC/multiqc_raw_R2_P14052/multiqc_report.html
[2024-04-08 16:00:51,544] multiqc                                            [INFO   ]  Data        : 01-QC/multiqc_raw_R2_P14052/multiqc_data
[2024-04-08 16:00:51,545] multiqc                                            [DEBUG  ]  Moving data file from '/scratch/46318185/tmpxvs6k_xo/multiqc_data' to '01-QC/multiqc_raw_R2_P14052/multiqc_data'
[2024-04-08 16:00:51,709] multiqc                                            [INFO   ]  MultiQC complete
[2024-04-08 16:00:51,709] multiqc                                            [INFO   ]  Run took 14.10 seconds
[2024-04-08 16:00:51,709] multiqc                                            [INFO   ]   - 3.81s: Searching files
[2024-04-08 16:00:51,709] multiqc                                            [INFO   ]   - 5.67s: Running modules
[2024-04-08 16:00:51,709] multiqc                                            [INFO   ]   - 0.33s: Compressing report data
[2024-04-08 16:00:51,709] multiqc                                            [INFO   ]  For more information, see the 'Run Time' section in 01-QC/multiqc_raw_R2_P14052/multiqc_report.html
[2024-04-08 16:00:51,709] multiqc                                            [WARNING]  1 flat-image plot used in the report due to large sample numbers
