Fri Apr  5 10:44:43 CEST 2024       [Start]
Analysis complete for P12002_106_R1.fastq.gz
Analysis complete for P12002_108_R1.fastq.gz
Analysis complete for P12002_103_R1.fastq.gz
Analysis complete for P12002_104_R1.fastq.gz
Analysis complete for P12002_102_R1.fastq.gz
Analysis complete for P12002_107_R1.fastq.gz
Analysis complete for P12002_105_R1.fastq.gz
Analysis complete for P12002_101_R1.fastq.gz
Analysis complete for P12002_111_R1.fastq.gz
Analysis complete for P12002_112_R1.fastq.gz
Analysis complete for P12002_110_R1.fastq.gz
Analysis complete for P12002_109_R1.fastq.gz
Analysis complete for P12002_114_R1.fastq.gz
Analysis complete for P12002_113_R1.fastq.gz
Analysis complete for P12002_115_R1.fastq.gz
Analysis complete for P12002_116_R1.fastq.gz
Analysis complete for P12002_120_R1.fastq.gz
Analysis complete for P12002_119_R1.fastq.gz
Analysis complete for P12002_121_R1.fastq.gz
Analysis complete for P12002_118_R1.fastq.gz
Analysis complete for P12002_122_R1.fastq.gz
Analysis complete for P12002_123_R1.fastq.gz
Analysis complete for P12002_124_R1.fastq.gz
Analysis complete for P12002_126_R1.fastq.gz
Analysis complete for P12002_117_R1.fastq.gz
Analysis complete for P12002_127_R1.fastq.gz
Analysis complete for P12002_125_R1.fastq.gz
Analysis complete for P12002_129_R1.fastq.gz
Analysis complete for P12002_128_R1.fastq.gz
Analysis complete for P12002_130_R1.fastq.gz
Analysis complete for P12002_131_R1.fastq.gz
Analysis complete for P12002_135_R1.fastq.gz
Analysis complete for P12002_134_R1.fastq.gz
Analysis complete for P12002_136_R1.fastq.gz
Analysis complete for P12002_137_R1.fastq.gz
Analysis complete for P12002_132_R1.fastq.gz
Analysis complete for P12002_133_R1.fastq.gz
Analysis complete for P12002_138_R1.fastq.gz
Analysis complete for P12002_141_R1.fastq.gz
Analysis complete for P12002_142_R1.fastq.gz
Analysis complete for P12002_140_R1.fastq.gz
Analysis complete for P12002_139_R1.fastq.gz
Analysis complete for P12002_143_R1.fastq.gz
Analysis complete for P12002_144_R1.fastq.gz
Analysis complete for P12002_146_R1.fastq.gz
Analysis complete for P12002_148_R1.fastq.gz
Analysis complete for P12002_150_R1.fastq.gz
Analysis complete for P12002_151_R1.fastq.gz
Analysis complete for P12002_149_R1.fastq.gz
Analysis complete for P12002_152_R1.fastq.gz
Analysis complete for P12002_147_R1.fastq.gz
Analysis complete for P12002_145_R1.fastq.gz
Analysis complete for P12002_153_R1.fastq.gz
Analysis complete for P12002_156_R1.fastq.gz
Analysis complete for P12002_154_R1.fastq.gz
Analysis complete for P12002_158_R1.fastq.gz
Analysis complete for P12002_155_R1.fastq.gz
Analysis complete for P12002_159_R1.fastq.gz
Analysis complete for P12002_157_R1.fastq.gz
Analysis complete for P12002_161_R1.fastq.gz
Analysis complete for P12002_160_R1.fastq.gz
Analysis complete for P12002_163_R1.fastq.gz
Analysis complete for P12002_162_R1.fastq.gz
Analysis complete for P12002_166_R1.fastq.gz
Analysis complete for P12002_165_R1.fastq.gz
Analysis complete for P12002_167_R1.fastq.gz
Analysis complete for P12002_164_R1.fastq.gz
Analysis complete for P12002_169_R1.fastq.gz
Analysis complete for P12002_168_R1.fastq.gz
Analysis complete for P12002_170_R1.fastq.gz
Analysis complete for P12002_172_R1.fastq.gz
Analysis complete for P12002_171_R1.fastq.gz
Analysis complete for P12002_173_R1.fastq.gz
Analysis complete for P12002_174_R1.fastq.gz
Analysis complete for P12002_175_R1.fastq.gz
Analysis complete for P12002_176_R1.fastq.gz
Analysis complete for P12002_180_R1.fastq.gz
Analysis complete for P12002_178_R1.fastq.gz
Analysis complete for P12002_179_R1.fastq.gz
Analysis complete for P12002_177_R1.fastq.gz
Analysis complete for P12002_181_R1.fastq.gz
Analysis complete for P12002_183_R1.fastq.gz
Analysis complete for P12002_182_R1.fastq.gz
Analysis complete for P12002_184_R1.fastq.gz
Analysis complete for P12002_186_R1.fastq.gz
Analysis complete for P12002_185_R1.fastq.gz
Analysis complete for P12002_188_R1.fastq.gz
Analysis complete for P12002_190_R1.fastq.gz
Analysis complete for P12002_191_R1.fastq.gz
Analysis complete for P12002_189_R1.fastq.gz
Analysis complete for P12002_192_R1.fastq.gz
Analysis complete for P12002_193_R1.fastq.gz
Analysis complete for P12002_194_R1.fastq.gz
Analysis complete for P12002_195_R1.fastq.gz
Analysis complete for P12002_187_R1.fastq.gz
Analysis complete for P12002_196_R1.fastq.gz
Analysis complete for P12002_201_R1.fastq.gz
Analysis complete for P12002_202_R1.fastq.gz
Analysis complete for P12002_203_R1.fastq.gz
Analysis complete for P12002_204_R1.fastq.gz
Fri Apr  5 12:22:10 CEST 2024       [FastQC Complete]
|         searching | ━━━━━━━━━━━━━━━━━━━━━━━━━━━━━━━━━━━━━━━━ 100% 200/200  
Fri Apr  5 12:22:44 CEST 2024       [End]
