Started analysis of P14052_101_R1.fastq.gz
Started analysis of P14052_102_R1.fastq.gz
Started analysis of P14052_103_R1.fastq.gz
Started analysis of P14052_104_R1.fastq.gz
Started analysis of P14052_105_R1.fastq.gz
Started analysis of P14052_106_R1.fastq.gz
Started analysis of P14052_107_R1.fastq.gz
Started analysis of P14052_108_R1.fastq.gz
Approx 5% complete for P14052_101_R1.fastq.gz
Approx 5% complete for P14052_107_R1.fastq.gz
Approx 5% complete for P14052_103_R1.fastq.gz
Approx 5% complete for P14052_108_R1.fastq.gz
Approx 5% complete for P14052_105_R1.fastq.gz
Approx 5% complete for P14052_104_R1.fastq.gz
Approx 5% complete for P14052_102_R1.fastq.gz
Approx 5% complete for P14052_106_R1.fastq.gz
Approx 10% complete for P14052_101_R1.fastq.gz
Approx 10% complete for P14052_107_R1.fastq.gz
Approx 10% complete for P14052_108_R1.fastq.gz
Approx 10% complete for P14052_103_R1.fastq.gz
Approx 10% complete for P14052_105_R1.fastq.gz
Approx 10% complete for P14052_104_R1.fastq.gz
Approx 10% complete for P14052_102_R1.fastq.gz
Approx 10% complete for P14052_106_R1.fastq.gz
Approx 15% complete for P14052_107_R1.fastq.gz
Approx 15% complete for P14052_101_R1.fastq.gz
Approx 15% complete for P14052_108_R1.fastq.gz
Approx 15% complete for P14052_105_R1.fastq.gz
Approx 15% complete for P14052_103_R1.fastq.gz
Approx 15% complete for P14052_104_R1.fastq.gz
Approx 15% complete for P14052_102_R1.fastq.gz
Approx 20% complete for P14052_107_R1.fastq.gz
Approx 20% complete for P14052_101_R1.fastq.gz
Approx 20% complete for P14052_108_R1.fastq.gz
Approx 15% complete for P14052_106_R1.fastq.gz
Approx 20% complete for P14052_105_R1.fastq.gz
Approx 20% complete for P14052_104_R1.fastq.gz
Approx 20% complete for P14052_103_R1.fastq.gz
Approx 20% complete for P14052_102_R1.fastq.gz
Approx 25% complete for P14052_107_R1.fastq.gz
Approx 25% complete for P14052_108_R1.fastq.gz
Approx 25% complete for P14052_101_R1.fastq.gz
Approx 25% complete for P14052_105_R1.fastq.gz
Approx 25% complete for P14052_104_R1.fastq.gz
Approx 25% complete for P14052_103_R1.fastq.gz
Approx 20% complete for P14052_106_R1.fastq.gz
Approx 25% complete for P14052_102_R1.fastq.gz
Approx 30% complete for P14052_107_R1.fastq.gz
Approx 30% complete for P14052_108_R1.fastq.gz
Approx 30% complete for P14052_101_R1.fastq.gz
Approx 30% complete for P14052_105_R1.fastq.gz
Approx 30% complete for P14052_104_R1.fastq.gz
Approx 30% complete for P14052_103_R1.fastq.gz
Approx 30% complete for P14052_102_R1.fastq.gz
Approx 25% complete for P14052_106_R1.fastq.gz
Approx 35% complete for P14052_107_R1.fastq.gz
Approx 35% complete for P14052_108_R1.fastq.gz
Approx 35% complete for P14052_101_R1.fastq.gz
Approx 35% complete for P14052_105_R1.fastq.gz
Approx 35% complete for P14052_104_R1.fastq.gz
Approx 35% complete for P14052_103_R1.fastq.gz
Approx 35% complete for P14052_102_R1.fastq.gz
Approx 40% complete for P14052_107_R1.fastq.gz
Approx 40% complete for P14052_108_R1.fastq.gz
Approx 40% complete for P14052_101_R1.fastq.gz
Approx 30% complete for P14052_106_R1.fastq.gz
Approx 40% complete for P14052_105_R1.fastq.gz
Approx 40% complete for P14052_104_R1.fastq.gz
Approx 40% complete for P14052_103_R1.fastq.gz
Approx 45% complete for P14052_107_R1.fastq.gz
Approx 40% complete for P14052_102_R1.fastq.gz
Approx 45% complete for P14052_108_R1.fastq.gz
Approx 45% complete for P14052_101_R1.fastq.gz
Approx 35% complete for P14052_106_R1.fastq.gz
Approx 45% complete for P14052_105_R1.fastq.gz
Approx 45% complete for P14052_104_R1.fastq.gz
Approx 45% complete for P14052_103_R1.fastq.gz
Approx 50% complete for P14052_107_R1.fastq.gz
Approx 45% complete for P14052_102_R1.fastq.gz
Approx 50% complete for P14052_108_R1.fastq.gz
Approx 50% complete for P14052_101_R1.fastq.gz
Approx 50% complete for P14052_105_R1.fastq.gz
Approx 55% complete for P14052_107_R1.fastq.gz
Approx 50% complete for P14052_104_R1.fastq.gz
Approx 50% complete for P14052_103_R1.fastq.gz
Approx 40% complete for P14052_106_R1.fastq.gz
Approx 55% complete for P14052_108_R1.fastq.gz
Approx 50% complete for P14052_102_R1.fastq.gz
Approx 55% complete for P14052_101_R1.fastq.gz
Approx 60% complete for P14052_107_R1.fastq.gz
Approx 55% complete for P14052_105_R1.fastq.gz
Approx 55% complete for P14052_104_R1.fastq.gz
Approx 55% complete for P14052_103_R1.fastq.gz
Approx 60% complete for P14052_108_R1.fastq.gz
Approx 60% complete for P14052_101_R1.fastq.gz
Approx 45% complete for P14052_106_R1.fastq.gz
Approx 55% complete for P14052_102_R1.fastq.gz
Approx 65% complete for P14052_107_R1.fastq.gz
Approx 60% complete for P14052_105_R1.fastq.gz
Approx 60% complete for P14052_104_R1.fastq.gz
Approx 60% complete for P14052_103_R1.fastq.gz
Approx 65% complete for P14052_108_R1.fastq.gz
Approx 65% complete for P14052_101_R1.fastq.gz
Approx 60% complete for P14052_102_R1.fastq.gz
Approx 70% complete for P14052_107_R1.fastq.gz
Approx 50% complete for P14052_106_R1.fastq.gz
Approx 65% complete for P14052_105_R1.fastq.gz
Approx 65% complete for P14052_104_R1.fastq.gz
Approx 70% complete for P14052_108_R1.fastq.gz
Approx 65% complete for P14052_103_R1.fastq.gz
Approx 70% complete for P14052_101_R1.fastq.gz
Approx 65% complete for P14052_102_R1.fastq.gz
Approx 75% complete for P14052_107_R1.fastq.gz
Approx 70% complete for P14052_105_R1.fastq.gz
Approx 55% complete for P14052_106_R1.fastq.gz
Approx 70% complete for P14052_104_R1.fastq.gz
Approx 75% complete for P14052_108_R1.fastq.gz
Approx 70% complete for P14052_103_R1.fastq.gz
Approx 75% complete for P14052_101_R1.fastq.gz
Approx 80% complete for P14052_107_R1.fastq.gz
Approx 70% complete for P14052_102_R1.fastq.gz
Approx 75% complete for P14052_105_R1.fastq.gz
Approx 80% complete for P14052_108_R1.fastq.gz
Approx 75% complete for P14052_104_R1.fastq.gz
Approx 75% complete for P14052_103_R1.fastq.gz
Approx 80% complete for P14052_101_R1.fastq.gz
Approx 60% complete for P14052_106_R1.fastq.gz
Approx 85% complete for P14052_107_R1.fastq.gz
Approx 75% complete for P14052_102_R1.fastq.gz
Approx 80% complete for P14052_105_R1.fastq.gz
Approx 85% complete for P14052_108_R1.fastq.gz
Approx 80% complete for P14052_104_R1.fastq.gz
Approx 85% complete for P14052_101_R1.fastq.gz
Approx 80% complete for P14052_103_R1.fastq.gz
Approx 90% complete for P14052_107_R1.fastq.gz
Approx 65% complete for P14052_106_R1.fastq.gz
Approx 80% complete for P14052_102_R1.fastq.gz
Approx 90% complete for P14052_108_R1.fastq.gz
Approx 85% complete for P14052_105_R1.fastq.gz
Approx 85% complete for P14052_104_R1.fastq.gz
Approx 90% complete for P14052_101_R1.fastq.gz
Approx 85% complete for P14052_103_R1.fastq.gz
Approx 95% complete for P14052_107_R1.fastq.gz
Approx 85% complete for P14052_102_R1.fastq.gz
Approx 95% complete for P14052_108_R1.fastq.gz
Approx 70% complete for P14052_106_R1.fastq.gz
Approx 90% complete for P14052_105_R1.fastq.gz
Approx 90% complete for P14052_104_R1.fastq.gz
Approx 95% complete for P14052_101_R1.fastq.gz
Approx 90% complete for P14052_103_R1.fastq.gz
Started analysis of P14052_109_R1.fastq.gz
Approx 90% complete for P14052_102_R1.fastq.gz
Started analysis of P14052_110_R1.fastq.gz
Approx 95% complete for P14052_105_R1.fastq.gz
Approx 5% complete for P14052_109_R1.fastq.gz
Approx 95% complete for P14052_104_R1.fastq.gz
Started analysis of P14052_111_R1.fastq.gz
Approx 75% complete for P14052_106_R1.fastq.gz
Approx 95% complete for P14052_103_R1.fastq.gz
Approx 5% complete for P14052_110_R1.fastq.gz
Approx 10% complete for P14052_109_R1.fastq.gz
Approx 95% complete for P14052_102_R1.fastq.gz
Approx 5% complete for P14052_111_R1.fastq.gz
Started analysis of P14052_112_R1.fastq.gz
Started analysis of P14052_113_R1.fastq.gz
Started analysis of P14052_114_R1.fastq.gz
Approx 80% complete for P14052_106_R1.fastq.gz
Approx 10% complete for P14052_110_R1.fastq.gz
Approx 15% complete for P14052_109_R1.fastq.gz
Approx 10% complete for P14052_111_R1.fastq.gz
Approx 5% complete for P14052_112_R1.fastq.gz
Started analysis of P14052_115_R1.fastq.gz
Approx 5% complete for P14052_113_R1.fastq.gz
Approx 15% complete for P14052_110_R1.fastq.gz
Approx 20% complete for P14052_109_R1.fastq.gz
Approx 5% complete for P14052_114_R1.fastq.gz
Approx 15% complete for P14052_111_R1.fastq.gz
Approx 85% complete for P14052_106_R1.fastq.gz
Approx 10% complete for P14052_112_R1.fastq.gz
Approx 25% complete for P14052_109_R1.fastq.gz
Approx 20% complete for P14052_110_R1.fastq.gz
Approx 5% complete for P14052_115_R1.fastq.gz
Approx 10% complete for P14052_113_R1.fastq.gz
Approx 10% complete for P14052_114_R1.fastq.gz
Approx 20% complete for P14052_111_R1.fastq.gz
Approx 15% complete for P14052_112_R1.fastq.gz
Approx 30% complete for P14052_109_R1.fastq.gz
Approx 25% complete for P14052_110_R1.fastq.gz
Approx 90% complete for P14052_106_R1.fastq.gz
Approx 15% complete for P14052_113_R1.fastq.gz
Approx 10% complete for P14052_115_R1.fastq.gz
Approx 15% complete for P14052_114_R1.fastq.gz
Approx 25% complete for P14052_111_R1.fastq.gz
Approx 20% complete for P14052_112_R1.fastq.gz
Approx 35% complete for P14052_109_R1.fastq.gz
Approx 30% complete for P14052_110_R1.fastq.gz
Approx 20% complete for P14052_113_R1.fastq.gz
Approx 20% complete for P14052_114_R1.fastq.gz
Approx 15% complete for P14052_115_R1.fastq.gz
Approx 40% complete for P14052_109_R1.fastq.gz
Approx 30% complete for P14052_111_R1.fastq.gz
Approx 95% complete for P14052_106_R1.fastq.gz
Approx 25% complete for P14052_112_R1.fastq.gz
Approx 35% complete for P14052_110_R1.fastq.gz
Approx 45% complete for P14052_109_R1.fastq.gz
Approx 25% complete for P14052_113_R1.fastq.gz
Approx 25% complete for P14052_114_R1.fastq.gz
Approx 35% complete for P14052_111_R1.fastq.gz
Approx 30% complete for P14052_112_R1.fastq.gz
Approx 40% complete for P14052_110_R1.fastq.gz
Approx 20% complete for P14052_115_R1.fastq.gz
Started analysis of P14052_116_R1.fastq.gz
Approx 50% complete for P14052_109_R1.fastq.gz
Approx 30% complete for P14052_113_R1.fastq.gz
Approx 40% complete for P14052_111_R1.fastq.gz
Approx 30% complete for P14052_114_R1.fastq.gz
Approx 45% complete for P14052_110_R1.fastq.gz
Approx 35% complete for P14052_112_R1.fastq.gz
Approx 25% complete for P14052_115_R1.fastq.gz
Approx 55% complete for P14052_109_R1.fastq.gz
Approx 5% complete for P14052_116_R1.fastq.gz
Approx 45% complete for P14052_111_R1.fastq.gz
Approx 50% complete for P14052_110_R1.fastq.gz
Approx 35% complete for P14052_113_R1.fastq.gz
Approx 40% complete for P14052_112_R1.fastq.gz
Approx 35% complete for P14052_114_R1.fastq.gz
Approx 60% complete for P14052_109_R1.fastq.gz
Approx 30% complete for P14052_115_R1.fastq.gz
Approx 10% complete for P14052_116_R1.fastq.gz
Approx 55% complete for P14052_110_R1.fastq.gz
Approx 50% complete for P14052_111_R1.fastq.gz
Approx 45% complete for P14052_112_R1.fastq.gz
Approx 40% complete for P14052_114_R1.fastq.gz
Approx 40% complete for P14052_113_R1.fastq.gz
Approx 65% complete for P14052_109_R1.fastq.gz
Approx 60% complete for P14052_110_R1.fastq.gz
Approx 15% complete for P14052_116_R1.fastq.gz
Approx 35% complete for P14052_115_R1.fastq.gz
Approx 55% complete for P14052_111_R1.fastq.gz
Approx 50% complete for P14052_112_R1.fastq.gz
Approx 70% complete for P14052_109_R1.fastq.gz
Approx 45% complete for P14052_114_R1.fastq.gz
Approx 45% complete for P14052_113_R1.fastq.gz
Approx 65% complete for P14052_110_R1.fastq.gz
Approx 20% complete for P14052_116_R1.fastq.gz
Approx 60% complete for P14052_111_R1.fastq.gz
Approx 75% complete for P14052_109_R1.fastq.gz
Approx 55% complete for P14052_112_R1.fastq.gz
Approx 40% complete for P14052_115_R1.fastq.gz
Approx 50% complete for P14052_114_R1.fastq.gz
Approx 50% complete for P14052_113_R1.fastq.gz
Approx 70% complete for P14052_110_R1.fastq.gz
Approx 80% complete for P14052_109_R1.fastq.gz
Approx 65% complete for P14052_111_R1.fastq.gz
Approx 25% complete for P14052_116_R1.fastq.gz
Approx 60% complete for P14052_112_R1.fastq.gz
Approx 45% complete for P14052_115_R1.fastq.gz
Approx 55% complete for P14052_114_R1.fastq.gz
Approx 75% complete for P14052_110_R1.fastq.gz
Approx 55% complete for P14052_113_R1.fastq.gz
Approx 85% complete for P14052_109_R1.fastq.gz
Approx 70% complete for P14052_111_R1.fastq.gz
Approx 65% complete for P14052_112_R1.fastq.gz
Approx 30% complete for P14052_116_R1.fastq.gz
Approx 80% complete for P14052_110_R1.fastq.gz
Approx 90% complete for P14052_109_R1.fastq.gz
Approx 60% complete for P14052_114_R1.fastq.gz
Approx 50% complete for P14052_115_R1.fastq.gz
Approx 60% complete for P14052_113_R1.fastq.gz
Approx 75% complete for P14052_111_R1.fastq.gz
Approx 70% complete for P14052_112_R1.fastq.gz
Approx 35% complete for P14052_116_R1.fastq.gz
Approx 95% complete for P14052_109_R1.fastq.gz
Approx 85% complete for P14052_110_R1.fastq.gz
Approx 65% complete for P14052_114_R1.fastq.gz
Approx 65% complete for P14052_113_R1.fastq.gz
Approx 55% complete for P14052_115_R1.fastq.gz
Approx 80% complete for P14052_111_R1.fastq.gz
Approx 75% complete for P14052_112_R1.fastq.gz
Approx 40% complete for P14052_116_R1.fastq.gz
Approx 90% complete for P14052_110_R1.fastq.gz
Started analysis of P14052_117_R1.fastq.gz
Approx 70% complete for P14052_114_R1.fastq.gz
Approx 70% complete for P14052_113_R1.fastq.gz
Approx 85% complete for P14052_111_R1.fastq.gz
Approx 60% complete for P14052_115_R1.fastq.gz
Approx 80% complete for P14052_112_R1.fastq.gz
Approx 95% complete for P14052_110_R1.fastq.gz
Approx 45% complete for P14052_116_R1.fastq.gz
Approx 5% complete for P14052_117_R1.fastq.gz
Approx 75% complete for P14052_114_R1.fastq.gz
Approx 90% complete for P14052_111_R1.fastq.gz
Approx 75% complete for P14052_113_R1.fastq.gz
Approx 85% complete for P14052_112_R1.fastq.gz
Approx 65% complete for P14052_115_R1.fastq.gz
Started analysis of P14052_118_R1.fastq.gz
Approx 50% complete for P14052_116_R1.fastq.gz
Approx 10% complete for P14052_117_R1.fastq.gz
Approx 80% complete for P14052_114_R1.fastq.gz
Approx 95% complete for P14052_111_R1.fastq.gz
Approx 90% complete for P14052_112_R1.fastq.gz
Approx 80% complete for P14052_113_R1.fastq.gz
Approx 5% complete for P14052_118_R1.fastq.gz
Approx 70% complete for P14052_115_R1.fastq.gz
Approx 55% complete for P14052_116_R1.fastq.gz
Approx 15% complete for P14052_117_R1.fastq.gz
Approx 85% complete for P14052_114_R1.fastq.gz
Started analysis of P14052_119_R1.fastq.gz
Approx 95% complete for P14052_112_R1.fastq.gz
Approx 85% complete for P14052_113_R1.fastq.gz
Approx 10% complete for P14052_118_R1.fastq.gz
Approx 60% complete for P14052_116_R1.fastq.gz
Approx 75% complete for P14052_115_R1.fastq.gz
Approx 90% complete for P14052_114_R1.fastq.gz
Started analysis of P14052_120_R1.fastq.gz
Approx 20% complete for P14052_117_R1.fastq.gz
Approx 5% complete for P14052_119_R1.fastq.gz
Approx 90% complete for P14052_113_R1.fastq.gz
Approx 65% complete for P14052_116_R1.fastq.gz
Approx 15% complete for P14052_118_R1.fastq.gz
Approx 80% complete for P14052_115_R1.fastq.gz
Approx 95% complete for P14052_114_R1.fastq.gz
Approx 25% complete for P14052_117_R1.fastq.gz
Approx 5% complete for P14052_120_R1.fastq.gz
Approx 10% complete for P14052_119_R1.fastq.gz
Approx 95% complete for P14052_113_R1.fastq.gz
Approx 70% complete for P14052_116_R1.fastq.gz
Approx 20% complete for P14052_118_R1.fastq.gz
Approx 85% complete for P14052_115_R1.fastq.gz
Started analysis of P14052_121_R1.fastq.gz
Approx 30% complete for P14052_117_R1.fastq.gz
Approx 10% complete for P14052_120_R1.fastq.gz
Approx 15% complete for P14052_119_R1.fastq.gz
Started analysis of P14052_122_R1.fastq.gz
Approx 75% complete for P14052_116_R1.fastq.gz
Approx 25% complete for P14052_118_R1.fastq.gz
Approx 90% complete for P14052_115_R1.fastq.gz
Approx 5% complete for P14052_121_R1.fastq.gz
Approx 35% complete for P14052_117_R1.fastq.gz
Approx 20% complete for P14052_119_R1.fastq.gz
Approx 15% complete for P14052_120_R1.fastq.gz
Approx 80% complete for P14052_116_R1.fastq.gz
Approx 5% complete for P14052_122_R1.fastq.gz
Approx 30% complete for P14052_118_R1.fastq.gz
Approx 95% complete for P14052_115_R1.fastq.gz
Approx 10% complete for P14052_121_R1.fastq.gz
Approx 25% complete for P14052_119_R1.fastq.gz
Approx 40% complete for P14052_117_R1.fastq.gz
Approx 85% complete for P14052_116_R1.fastq.gz
Approx 20% complete for P14052_120_R1.fastq.gz
Approx 35% complete for P14052_118_R1.fastq.gz
Approx 10% complete for P14052_122_R1.fastq.gz
Started analysis of P14052_123_R1.fastq.gz
Approx 90% complete for P14052_116_R1.fastq.gz
Approx 15% complete for P14052_121_R1.fastq.gz
Approx 30% complete for P14052_119_R1.fastq.gz
Approx 45% complete for P14052_117_R1.fastq.gz
Approx 25% complete for P14052_120_R1.fastq.gz
Approx 40% complete for P14052_118_R1.fastq.gz
Approx 15% complete for P14052_122_R1.fastq.gz
Approx 95% complete for P14052_116_R1.fastq.gz
Approx 35% complete for P14052_119_R1.fastq.gz
Approx 20% complete for P14052_121_R1.fastq.gz
Approx 50% complete for P14052_117_R1.fastq.gz
Approx 30% complete for P14052_120_R1.fastq.gz
Approx 5% complete for P14052_123_R1.fastq.gz
Approx 45% complete for P14052_118_R1.fastq.gz
Approx 20% complete for P14052_122_R1.fastq.gz
Started analysis of P14052_124_R1.fastq.gz
Approx 40% complete for P14052_119_R1.fastq.gz
Approx 25% complete for P14052_121_R1.fastq.gz
Approx 55% complete for P14052_117_R1.fastq.gz
Approx 35% complete for P14052_120_R1.fastq.gz
Approx 50% complete for P14052_118_R1.fastq.gz
Approx 10% complete for P14052_123_R1.fastq.gz
Approx 25% complete for P14052_122_R1.fastq.gz
Approx 5% complete for P14052_124_R1.fastq.gz
Approx 45% complete for P14052_119_R1.fastq.gz
Approx 60% complete for P14052_117_R1.fastq.gz
Approx 30% complete for P14052_121_R1.fastq.gz
Approx 55% complete for P14052_118_R1.fastq.gz
Approx 40% complete for P14052_120_R1.fastq.gz
Approx 15% complete for P14052_123_R1.fastq.gz
Approx 30% complete for P14052_122_R1.fastq.gz
Approx 50% complete for P14052_119_R1.fastq.gz
Approx 65% complete for P14052_117_R1.fastq.gz
Approx 10% complete for P14052_124_R1.fastq.gz
Approx 35% complete for P14052_121_R1.fastq.gz
Approx 60% complete for P14052_118_R1.fastq.gz
Approx 45% complete for P14052_120_R1.fastq.gz
Approx 20% complete for P14052_123_R1.fastq.gz
Approx 35% complete for P14052_122_R1.fastq.gz
Approx 55% complete for P14052_119_R1.fastq.gz
Approx 70% complete for P14052_117_R1.fastq.gz
Approx 65% complete for P14052_118_R1.fastq.gz
Approx 40% complete for P14052_121_R1.fastq.gz
Approx 15% complete for P14052_124_R1.fastq.gz
Approx 50% complete for P14052_120_R1.fastq.gz
Approx 60% complete for P14052_119_R1.fastq.gz
Approx 70% complete for P14052_118_R1.fastq.gz
Approx 40% complete for P14052_122_R1.fastq.gz
Approx 75% complete for P14052_117_R1.fastq.gz
Approx 25% complete for P14052_123_R1.fastq.gz
Approx 45% complete for P14052_121_R1.fastq.gz
Approx 20% complete for P14052_124_R1.fastq.gz
Approx 55% complete for P14052_120_R1.fastq.gz
Approx 65% complete for P14052_119_R1.fastq.gz
Approx 75% complete for P14052_118_R1.fastq.gz
Approx 80% complete for P14052_117_R1.fastq.gz
Approx 45% complete for P14052_122_R1.fastq.gz
Approx 50% complete for P14052_121_R1.fastq.gz
Approx 60% complete for P14052_120_R1.fastq.gz
Approx 30% complete for P14052_123_R1.fastq.gz
Approx 25% complete for P14052_124_R1.fastq.gz
Approx 70% complete for P14052_119_R1.fastq.gz
Approx 80% complete for P14052_118_R1.fastq.gz
Approx 85% complete for P14052_117_R1.fastq.gz
Approx 55% complete for P14052_121_R1.fastq.gz
Approx 50% complete for P14052_122_R1.fastq.gz
Approx 65% complete for P14052_120_R1.fastq.gz
Approx 30% complete for P14052_124_R1.fastq.gz
Approx 35% complete for P14052_123_R1.fastq.gz
Approx 85% complete for P14052_118_R1.fastq.gz
Approx 75% complete for P14052_119_R1.fastq.gz
Approx 90% complete for P14052_117_R1.fastq.gz
Approx 60% complete for P14052_121_R1.fastq.gz
Approx 55% complete for P14052_122_R1.fastq.gz
Approx 70% complete for P14052_120_R1.fastq.gz
Approx 35% complete for P14052_124_R1.fastq.gz
Approx 40% complete for P14052_123_R1.fastq.gz
Approx 90% complete for P14052_118_R1.fastq.gz
Approx 80% complete for P14052_119_R1.fastq.gz
Approx 95% complete for P14052_117_R1.fastq.gz
Approx 65% complete for P14052_121_R1.fastq.gz
Approx 75% complete for P14052_120_R1.fastq.gz
Approx 60% complete for P14052_122_R1.fastq.gz
Approx 40% complete for P14052_124_R1.fastq.gz
Approx 95% complete for P14052_118_R1.fastq.gz
Approx 85% complete for P14052_119_R1.fastq.gz
Approx 45% complete for P14052_123_R1.fastq.gz
Started analysis of P14052_125_R1.fastq.gz
Approx 70% complete for P14052_121_R1.fastq.gz
Approx 80% complete for P14052_120_R1.fastq.gz
Approx 65% complete for P14052_122_R1.fastq.gz
Approx 45% complete for P14052_124_R1.fastq.gz
Started analysis of P14052_126_R1.fastq.gz
Approx 90% complete for P14052_119_R1.fastq.gz
Approx 50% complete for P14052_123_R1.fastq.gz
Approx 75% complete for P14052_121_R1.fastq.gz
Approx 85% complete for P14052_120_R1.fastq.gz
Approx 70% complete for P14052_122_R1.fastq.gz
Approx 5% complete for P14052_125_R1.fastq.gz
Approx 50% complete for P14052_124_R1.fastq.gz
Approx 95% complete for P14052_119_R1.fastq.gz
Approx 5% complete for P14052_126_R1.fastq.gz
Approx 80% complete for P14052_121_R1.fastq.gz
Approx 90% complete for P14052_120_R1.fastq.gz
Approx 55% complete for P14052_123_R1.fastq.gz
Approx 75% complete for P14052_122_R1.fastq.gz
Approx 55% complete for P14052_124_R1.fastq.gz
Started analysis of P14052_127_R1.fastq.gz
Approx 10% complete for P14052_126_R1.fastq.gz
Approx 10% complete for P14052_125_R1.fastq.gz
Approx 85% complete for P14052_121_R1.fastq.gz
Approx 95% complete for P14052_120_R1.fastq.gz
Approx 60% complete for P14052_123_R1.fastq.gz
Approx 80% complete for P14052_122_R1.fastq.gz
Approx 60% complete for P14052_124_R1.fastq.gz
Approx 5% complete for P14052_127_R1.fastq.gz
Approx 15% complete for P14052_126_R1.fastq.gz
Approx 90% complete for P14052_121_R1.fastq.gz
Approx 15% complete for P14052_125_R1.fastq.gz
Approx 85% complete for P14052_122_R1.fastq.gz
Approx 65% complete for P14052_123_R1.fastq.gz
Approx 65% complete for P14052_124_R1.fastq.gz
Approx 10% complete for P14052_127_R1.fastq.gz
Approx 20% complete for P14052_126_R1.fastq.gz
Approx 95% complete for P14052_121_R1.fastq.gz
Approx 90% complete for P14052_122_R1.fastq.gz
Approx 70% complete for P14052_124_R1.fastq.gz
Approx 15% complete for P14052_127_R1.fastq.gz
Approx 70% complete for P14052_123_R1.fastq.gz
Approx 25% complete for P14052_126_R1.fastq.gz
Approx 20% complete for P14052_125_R1.fastq.gz
Approx 95% complete for P14052_122_R1.fastq.gz
Approx 75% complete for P14052_124_R1.fastq.gz
Approx 20% complete for P14052_127_R1.fastq.gz
Approx 75% complete for P14052_123_R1.fastq.gz
Approx 30% complete for P14052_126_R1.fastq.gz
Approx 25% complete for P14052_125_R1.fastq.gz
Approx 80% complete for P14052_124_R1.fastq.gz
Approx 25% complete for P14052_127_R1.fastq.gz
Approx 35% complete for P14052_126_R1.fastq.gz
Approx 80% complete for P14052_123_R1.fastq.gz
Approx 85% complete for P14052_124_R1.fastq.gz
Approx 30% complete for P14052_127_R1.fastq.gz
Approx 30% complete for P14052_125_R1.fastq.gz
Approx 40% complete for P14052_126_R1.fastq.gz
Approx 85% complete for P14052_123_R1.fastq.gz
Approx 35% complete for P14052_127_R1.fastq.gz
Approx 90% complete for P14052_124_R1.fastq.gz
Approx 45% complete for P14052_126_R1.fastq.gz
Approx 90% complete for P14052_123_R1.fastq.gz
Approx 35% complete for P14052_125_R1.fastq.gz
Approx 40% complete for P14052_127_R1.fastq.gz
Approx 95% complete for P14052_124_R1.fastq.gz
Approx 50% complete for P14052_126_R1.fastq.gz
Approx 95% complete for P14052_123_R1.fastq.gz
Approx 45% complete for P14052_127_R1.fastq.gz
Approx 40% complete for P14052_125_R1.fastq.gz
Approx 55% complete for P14052_126_R1.fastq.gz
Approx 50% complete for P14052_127_R1.fastq.gz
Approx 60% complete for P14052_126_R1.fastq.gz
Approx 45% complete for P14052_125_R1.fastq.gz
Approx 55% complete for P14052_127_R1.fastq.gz
Approx 65% complete for P14052_126_R1.fastq.gz
Approx 60% complete for P14052_127_R1.fastq.gz
Approx 50% complete for P14052_125_R1.fastq.gz
Approx 70% complete for P14052_126_R1.fastq.gz
Approx 65% complete for P14052_127_R1.fastq.gz
Approx 75% complete for P14052_126_R1.fastq.gz
Approx 55% complete for P14052_125_R1.fastq.gz
Approx 70% complete for P14052_127_R1.fastq.gz
Approx 80% complete for P14052_126_R1.fastq.gz
Approx 75% complete for P14052_127_R1.fastq.gz
Approx 60% complete for P14052_125_R1.fastq.gz
Approx 85% complete for P14052_126_R1.fastq.gz
Approx 80% complete for P14052_127_R1.fastq.gz
Approx 90% complete for P14052_126_R1.fastq.gz
Approx 65% complete for P14052_125_R1.fastq.gz
Approx 85% complete for P14052_127_R1.fastq.gz
Approx 95% complete for P14052_126_R1.fastq.gz
Approx 90% complete for P14052_127_R1.fastq.gz
Approx 70% complete for P14052_125_R1.fastq.gz
Approx 95% complete for P14052_127_R1.fastq.gz
Approx 75% complete for P14052_125_R1.fastq.gz
Approx 80% complete for P14052_125_R1.fastq.gz
Approx 85% complete for P14052_125_R1.fastq.gz
Approx 90% complete for P14052_125_R1.fastq.gz
Approx 95% complete for P14052_125_R1.fastq.gz

  /// MultiQC 🔍 | v1.12

|           multiqc | MultiQC Version v1.21 now available!
|           multiqc | Search path : /crex/proj/snic2020-6-222/Projects/Tconura/working/Andre/CONURA_WGS/01-QC/fastqc_raw_R1_P14052
|            fastqc | Found 27 reports
|   profile_runtime | Running run time profiling module
|           multiqc | Compressing plot data
|           multiqc | Report      : 01-QC/multiqc_raw_R1_P14052/multiqc_report.html
|           multiqc | Data        : 01-QC/multiqc_raw_R1_P14052/multiqc_data
|           multiqc | MultiQC complete
|           multiqc | Run took 15.20 seconds
|           multiqc |  - 4.90s: Searching files
|           multiqc |  - 5.28s: Running modules
|           multiqc |  - 0.31s: Compressing report data
|           multiqc | For more information, see the 'Run Time' section in 01-QC/multiqc_raw_R1_P14052/multiqc_report.html
|           multiqc | 1 flat-image plot used in the report due to large sample numbers
|           multiqc | To force interactive plots, use the '--interactive' flag. 
See the documentation.
